2024-02-24 14:15:10.540 [info] Log level: Info
2024-02-24 14:15:10.540 [info] Validating found git in: "git"
2024-02-24 14:15:10.540 [info] Using git "2.43.2" from "git"
2024-02-24 14:15:10.540 [info] > git rev-parse --show-toplevel [15ms]
2024-02-24 14:15:10.540 [info] > git rev-parse --git-dir --git-common-dir [1ms]
2024-02-24 14:15:10.540 [info] Open repository: /home/mik3y/videos/code
2024-02-24 14:15:10.548 [info] > git config --get commit.template [3ms]
2024-02-24 14:15:10.550 [info] > git rev-parse --show-toplevel [3ms]
2024-02-24 14:15:10.550 [info] fatal: not a git repository (or any of the parent directories): .git
2024-02-24 14:15:10.558 [info] > git for-each-ref --format=%(refname)%00%(upstream:short)%00%(objectname)%00%(upstream:track)%00%(upstream:remotename)%00%(upstream:remoteref) refs/heads/main refs/remotes/main [4ms]
2024-02-24 14:15:10.564 [info] > git rev-parse --show-toplevel [6ms]
2024-02-24 14:15:10.569 [info] > git rev-parse --show-toplevel [1ms]
2024-02-24 14:15:10.574 [info] > git rev-parse --show-toplevel [1ms]
2024-02-24 14:15:10.578 [info] > git rev-parse --show-toplevel [0ms]
2024-02-24 14:15:15.194 [info] > git status -z -uall [4631ms]
2024-02-24 14:15:15.194 [info] > git check-ignore -v -z --stdin [4011ms]
2024-02-24 14:15:15.499 [info] > git config --get commit.template [51ms]
2024-02-24 14:15:15.526 [info] > git for-each-ref --format=%(refname)%00%(upstream:short)%00%(objectname)%00%(upstream:track)%00%(upstream:remotename)%00%(upstream:remoteref) refs/heads/main refs/remotes/main [1ms]
2024-02-24 14:15:15.539 [info] > git status -z -uall [7ms]
2024-02-24 14:34:08.911 [info] > git fetch [836ms]
2024-02-24 14:34:08.923 [info] > git config --get commit.template [6ms]
2024-02-24 14:34:08.923 [info] > git for-each-ref --format=%(refname)%00%(upstream:short)%00%(objectname)%00%(upstream:track)%00%(upstream:remotename)%00%(upstream:remoteref) refs/heads/main refs/remotes/main [1ms]
2024-02-24 14:34:08.931 [info] > git status -z -uall [2ms]
2024-02-24 14:34:09.993 [info] > git config --get commit.template [6ms]
2024-02-24 14:34:09.993 [info] > git for-each-ref --format=%(refname)%00%(upstream:short)%00%(objectname)%00%(upstream:track)%00%(upstream:remotename)%00%(upstream:remoteref) refs/heads/main refs/remotes/main [1ms]
2024-02-24 14:34:10.000 [info] > git status -z -uall [1ms]
2024-02-24 14:38:27.207 [info] > git fetch [651ms]
2024-02-24 14:38:27.219 [info] > git config --get commit.template [7ms]
2024-02-24 14:38:27.220 [info] > git for-each-ref --format=%(refname)%00%(upstream:short)%00%(objectname)%00%(upstream:track)%00%(upstream:remotename)%00%(upstream:remoteref) refs/heads/main refs/remotes/main [1ms]
2024-02-24 14:38:27.229 [info] > git status -z -uall [2ms]
2024-02-24 14:39:55.009 [info] > git config --get commit.template [6ms]
2024-02-24 14:39:55.010 [info] > git for-each-ref --format=%(refname)%00%(upstream:short)%00%(objectname)%00%(upstream:track)%00%(upstream:remotename)%00%(upstream:remoteref) refs/heads/main refs/remotes/main [1ms]
2024-02-24 14:39:55.018 [info] > git status -z -uall [2ms]
2024-02-24 14:41:27.902 [info] > git fetch [646ms]
2024-02-24 14:41:27.914 [info] > git config --get commit.template [6ms]
2024-02-24 14:41:27.915 [info] > git for-each-ref --format=%(refname)%00%(upstream:short)%00%(objectname)%00%(upstream:track)%00%(upstream:remotename)%00%(upstream:remoteref) refs/heads/main refs/remotes/main [1ms]
2024-02-24 14:41:27.923 [info] > git status -z -uall [2ms]
2024-02-24 14:41:28.984 [info] > git config --get commit.template [1ms]
2024-02-24 14:41:28.992 [info] > git for-each-ref --format=%(refname)%00%(upstream:short)%00%(objectname)%00%(upstream:track)%00%(upstream:remotename)%00%(upstream:remoteref) refs/heads/main refs/remotes/main [1ms]
2024-02-24 14:41:29.001 [info] > git status -z -uall [2ms]
2024-02-24 14:44:28.570 [info] > git fetch [622ms]
2024-02-24 14:44:28.584 [info] > git config --get commit.template [7ms]
2024-02-24 14:44:28.584 [info] > git for-each-ref --format=%(refname)%00%(upstream:short)%00%(objectname)%00%(upstream:track)%00%(upstream:remotename)%00%(upstream:remoteref) refs/heads/main refs/remotes/main [1ms]
2024-02-24 14:44:28.593 [info] > git status -z -uall [2ms]
2024-02-24 14:44:29.657 [info] > git config --get commit.template [7ms]
2024-02-24 14:44:29.658 [info] > git for-each-ref --format=%(refname)%00%(upstream:short)%00%(objectname)%00%(upstream:track)%00%(upstream:remotename)%00%(upstream:remoteref) refs/heads/main refs/remotes/main [1ms]
2024-02-24 14:44:29.666 [info] > git status -z -uall [2ms]
