2024-02-29 23:37:57.166 [info] Added views:workbench.panel.markers.view in workbench.panel.markers
2024-02-29 23:37:57.166 [info] Added views:workbench.panel.output in workbench.panel.output
2024-02-29 23:37:57.166 [info] Added views:terminal in terminal
2024-02-29 23:37:57.166 [info] Added views:workbench.scm in workbench.view.scm
2024-02-29 23:37:57.166 [info] Added views:workbench.view.search in workbench.view.search
2024-02-29 23:37:57.166 [info] Added views:workbench.explorer.fileView in workbench.view.explorer
2024-02-29 23:37:57.882 [info] Added views:workbench.debug.welcome in workbench.view.debug
2024-02-29 23:37:58.326 [info] Added views:gitlens.views.home,gitlens.views.workspaces,gitlens.views.account in workbench.view.extension.gitlens
2024-02-29 23:37:58.326 [info] Added views:gitlens.views.commitDetails,gitlens.views.lineHistory,gitlens.views.fileHistory,gitlens.views.searchAndCompare in workbench.view.extension.gitlensInspect
2024-02-29 23:37:58.327 [info] Added views:gitlens.views.commits,gitlens.views.branches,gitlens.views.remotes,gitlens.views.stashes,gitlens.views.tags,gitlens.views.contributors in workbench.view.scm
2024-02-29 23:37:58.362 [info] Added views:~remote.forwardedPorts in ~remote.forwardedPortsContainer
2024-02-29 23:37:58.412 [info] Added views:makefile.outline in workbench.view.extension.makefile__viewContainer
2024-02-29 23:38:00.640 [info] Added views:workbench.panel.repl.view in workbench.panel.repl
2024-02-29 23:38:06.955 [info] Added views:workbench.panel.markers.view in workbench.panel.markers
2024-02-29 23:38:06.955 [info] Added views:workbench.panel.output in workbench.panel.output
2024-02-29 23:38:06.955 [info] Added views:terminal in terminal
2024-02-29 23:38:06.955 [info] Added views:workbench.scm in workbench.view.scm
2024-02-29 23:38:06.955 [info] Added views:workbench.view.search in workbench.view.search
2024-02-29 23:38:06.955 [info] Added views:workbench.explorer.fileView in workbench.view.explorer
2024-02-29 23:38:07.163 [info] Added views:gitlens.views.home,gitlens.views.workspaces,gitlens.views.account in workbench.view.extension.gitlens
2024-02-29 23:38:07.168 [info] Added views:gitlens.views.commitDetails,gitlens.views.lineHistory,gitlens.views.fileHistory,gitlens.views.searchAndCompare in workbench.view.extension.gitlensInspect
2024-02-29 23:38:07.169 [info] Added views:gitlens.views.commits,gitlens.views.branches,gitlens.views.remotes,gitlens.views.stashes,gitlens.views.tags,gitlens.views.contributors in workbench.view.scm
2024-02-29 23:38:07.546 [info] Added views:workbench.debug.variablesView,workbench.debug.watchExpressionsView,workbench.debug.callStackView,workbench.debug.breakPointsView in workbench.view.debug
2024-02-29 23:38:07.568 [info] Added views:workbench.panel.repl.view in workbench.panel.repl
2024-02-29 23:38:07.671 [info] Added views:~remote.forwardedPorts in ~remote.forwardedPortsContainer
2024-02-29 23:38:07.851 [info] Added views:makefile.outline in workbench.view.extension.makefile__viewContainer
2024-02-29 23:38:12.507 [info] Added views:rustDependencies in workbench.view.explorer
2024-02-29 23:38:14.317 [info] Added views:gitlens.views.drafts in workbench.view.extension.gitlens
2024-02-29 23:38:14.957 [info] Added views:gitlens.views.graph,gitlens.views.graphDetails in workbench.view.extension.gitlensPanel
2024-02-29 23:38:14.958 [info] Added views:gitlens.views.timeline in workbench.view.extension.gitlensInspect
2024-02-29 23:38:14.967 [info] Added views:gitlens.views.worktrees in workbench.view.scm
