2024-02-24 14:53:41.780 [info] Added views:workbench.panel.markers.view in workbench.panel.markers
2024-02-24 14:53:41.780 [info] Added views:workbench.panel.output in workbench.panel.output
2024-02-24 14:53:41.781 [info] Added views:terminal in terminal
2024-02-24 14:53:41.781 [info] Added views:workbench.scm in workbench.view.scm
2024-02-24 14:53:41.781 [info] Added views:workbench.view.search in workbench.view.search
2024-02-24 14:53:41.781 [info] Added views:workbench.explorer.fileView in workbench.view.explorer
2024-02-24 14:53:41.884 [info] Added views:workbench.debug.welcome in workbench.view.debug
2024-02-24 14:53:41.884 [info] Added views:workbench.debug.breakPointsView in workbench.view.debug
2024-02-24 14:53:43.277 [info] Added views:gitlens.views.home,gitlens.views.workspaces,gitlens.views.account in workbench.view.extension.gitlens
2024-02-24 14:53:43.278 [info] Added views:gitlens.views.commitDetails,gitlens.views.lineHistory,gitlens.views.fileHistory,gitlens.views.searchAndCompare in workbench.view.extension.gitlensInspect
2024-02-24 14:53:43.278 [info] Added views:gitlens.views.commits,gitlens.views.branches,gitlens.views.remotes,gitlens.views.stashes,gitlens.views.tags,gitlens.views.contributors in workbench.view.scm
2024-02-24 14:53:46.968 [info] Added views:~remote.forwardedPorts in ~remote.forwardedPortsContainer
2024-02-24 14:53:47.010 [info] Added views:makefile.outline in workbench.view.extension.makefile__viewContainer
2024-02-24 14:53:48.944 [info] Added views:workbench.panel.repl.view in workbench.panel.repl
2024-02-24 14:54:05.209 [info] Added views:gitlens.views.drafts in workbench.view.extension.gitlens
2024-02-24 14:54:05.212 [info] Added views:gitlens.views.graph,gitlens.views.graphDetails in workbench.view.extension.gitlensPanel
2024-02-24 14:54:05.212 [info] Added views:gitlens.views.timeline in workbench.view.extension.gitlensInspect
2024-02-24 14:54:05.212 [info] Added views:gitlens.views.worktrees in workbench.view.scm
2024-02-24 14:54:05.212 [info] Added views:rustDependencies in workbench.view.explorer
2024-02-24 21:48:42.499 [info] Removed views:workbench.debug.breakPointsView from workbench.view.debug
2024-02-24 22:39:16.941 [info] Added views:workbench.panel.markers.view in workbench.panel.markers
2024-02-24 22:39:16.952 [info] Added views:workbench.panel.output in workbench.panel.output
2024-02-24 22:39:16.952 [info] Added views:terminal in terminal
2024-02-24 22:39:16.952 [info] Added views:workbench.scm in workbench.view.scm
2024-02-24 22:39:16.952 [info] Added views:workbench.view.search in workbench.view.search
2024-02-24 22:39:16.952 [info] Added views:workbench.explorer.fileView in workbench.view.explorer
2024-02-24 22:39:17.148 [info] Added views:workbench.debug.welcome in workbench.view.debug
2024-02-24 22:39:17.703 [info] Added views:gitlens.views.home,gitlens.views.workspaces,gitlens.views.account in workbench.view.extension.gitlens
2024-02-24 22:39:17.703 [info] Added views:gitlens.views.commitDetails,gitlens.views.lineHistory,gitlens.views.fileHistory,gitlens.views.searchAndCompare in workbench.view.extension.gitlensInspect
2024-02-24 22:39:17.704 [info] Added views:gitlens.views.commits,gitlens.views.branches,gitlens.views.remotes,gitlens.views.stashes,gitlens.views.tags,gitlens.views.contributors in workbench.view.scm
2024-02-24 22:39:17.704 [info] Added views:makefile.outline in workbench.view.extension.makefile__viewContainer
2024-02-24 22:39:17.737 [info] Added views:~remote.forwardedPorts in ~remote.forwardedPortsContainer
2024-02-24 22:39:29.110 [info] Added views:workbench.panel.repl.view in workbench.panel.repl
2024-02-24 22:39:34.427 [info] Added views:rustDependencies in workbench.view.explorer
2024-02-24 22:39:36.792 [info] Added views:gitlens.views.drafts in workbench.view.extension.gitlens
2024-02-24 22:39:37.224 [info] Added views:gitlens.views.graph,gitlens.views.graphDetails in workbench.view.extension.gitlensPanel
2024-02-24 22:39:37.225 [info] Added views:gitlens.views.timeline in workbench.view.extension.gitlensInspect
2024-02-24 22:39:37.234 [info] Added views:gitlens.views.worktrees in workbench.view.scm
