2024-02-25 13:43:50.522 [info] Log level: Info
2024-02-25 13:43:50.522 [info] Validating found git in: "git"
2024-02-25 13:43:50.554 [info] Using git "2.43.2" from "git"
2024-02-25 13:43:51.614 [info] > git rev-parse --show-toplevel [1036ms]
2024-02-25 13:43:51.622 [info] > git rev-parse --git-dir --git-common-dir [1ms]
2024-02-25 13:43:51.630 [info] Open repository: /home/mik3y/projects/repos/vello
2024-02-25 13:43:51.646 [info] > git rev-parse --show-toplevel [7ms]
2024-02-25 13:43:51.659 [info] > git rev-parse --show-toplevel [8ms]
2024-02-25 13:43:51.664 [info] > git rev-parse --show-toplevel [1ms]
2024-02-25 13:43:51.679 [info] > git rev-parse --show-toplevel [10ms]
2024-02-25 13:43:51.686 [info] > git rev-parse --show-toplevel [3ms]
2024-02-25 13:43:51.691 [info] > git config --get commit.template [55ms]
2024-02-25 13:43:51.691 [info] > git rev-parse --show-toplevel [1ms]
2024-02-25 13:43:51.695 [info] > git rev-parse --show-toplevel [1ms]
2024-02-25 13:43:51.701 [info] > git rev-parse --show-toplevel [1ms]
2024-02-25 13:43:51.706 [info] > git rev-parse --show-toplevel [1ms]
2024-02-25 13:43:51.711 [info] > git rev-parse --show-toplevel [0ms]
2024-02-25 13:43:51.716 [info] > git rev-parse --show-toplevel [0ms]
2024-02-25 13:43:52.440 [info] > git check-ignore -v -z --stdin [1ms]
2024-02-25 13:43:52.441 [info] > git ls-files --stage -- /home/mik3y/projects/repos/vello/examples/shapes/src/main.rs [501ms]
2024-02-25 13:43:52.917 [info] > git for-each-ref --format=%(refname)%00%(upstream:short)%00%(objectname)%00%(upstream:track)%00%(upstream:remotename)%00%(upstream:remoteref) refs/heads/main refs/remotes/main [1261ms]
2024-02-25 13:43:52.926 [info] > git status -z -uall [2ms]
2024-02-25 13:43:52.938 [info] > git config --get commit.template [1ms]
2024-02-25 13:43:52.945 [info] > git for-each-ref --format=%(refname)%00%(upstream:short)%00%(objectname)%00%(upstream:track)%00%(upstream:remotename)%00%(upstream:remoteref) refs/heads/main refs/remotes/main [1ms]
2024-02-25 13:43:52.952 [info] > git status -z -uall [2ms]
2024-02-25 13:43:53.186 [info] > git cat-file -s 5517677a722e04a27af3c85184ceb26e4ddf0257 [740ms]
2024-02-25 13:43:53.187 [info] > git show --textconv :examples/shapes/src/main.rs [1253ms]
2024-02-25 13:44:03.433 [info] > git fetch [1820ms]
2024-02-25 13:44:03.448 [info] > git config --get commit.template [7ms]
2024-02-25 13:44:03.448 [info] > git for-each-ref --format=%(refname)%00%(upstream:short)%00%(objectname)%00%(upstream:track)%00%(upstream:remotename)%00%(upstream:remoteref) refs/heads/main refs/remotes/main [1ms]
2024-02-25 13:44:03.455 [info] > git status -z -uall [1ms]
2024-02-25 13:58:40.769 [info] > git config --get commit.template [5ms]
2024-02-25 13:58:40.769 [info] > git for-each-ref --format=%(refname)%00%(upstream:short)%00%(objectname)%00%(upstream:track)%00%(upstream:remotename)%00%(upstream:remoteref) refs/heads/main refs/remotes/main [1ms]
2024-02-25 13:58:40.776 [info] > git status -z -uall [1ms]
2024-02-25 13:58:41.365 [info] > git fetch [606ms]
2024-02-25 13:58:41.376 [info] > git config --get commit.template [5ms]
2024-02-25 13:58:41.377 [info] > git for-each-ref --format=%(refname)%00%(upstream:short)%00%(objectname)%00%(upstream:track)%00%(upstream:remotename)%00%(upstream:remoteref) refs/heads/main refs/remotes/main [1ms]
2024-02-25 13:58:41.385 [info] > git status -z -uall [2ms]
2024-02-25 14:00:13.232 [info] > git config --get commit.template [6ms]
2024-02-25 14:00:13.232 [info] > git for-each-ref --format=%(refname)%00%(upstream:short)%00%(objectname)%00%(upstream:track)%00%(upstream:remotename)%00%(upstream:remoteref) refs/heads/main refs/remotes/main [1ms]
2024-02-25 14:00:13.239 [info] > git status -z -uall [2ms]
2024-02-25 14:00:13.250 [info] > git ls-files --stage -- /home/mik3y/projects/repos/vello/examples/shapes/src/main.rs [1ms]
2024-02-25 14:00:13.257 [info] > git cat-file -s 5517677a722e04a27af3c85184ceb26e4ddf0257 [0ms]
2024-02-25 14:00:13.266 [info] > git show --textconv :examples/shapes/src/main.rs [1ms]
2024-02-25 14:05:02.991 [info] > git fetch [857ms]
2024-02-25 14:05:03.004 [info] > git config --get commit.template [6ms]
2024-02-25 14:05:03.005 [info] > git for-each-ref --format=%(refname)%00%(upstream:short)%00%(objectname)%00%(upstream:track)%00%(upstream:remotename)%00%(upstream:remoteref) refs/heads/main refs/remotes/main [1ms]
2024-02-25 14:05:03.012 [info] > git status -z -uall [1ms]
2024-02-25 14:05:04.081 [info] > git config --get commit.template [8ms]
2024-02-25 14:05:04.081 [info] > git for-each-ref --format=%(refname)%00%(upstream:short)%00%(objectname)%00%(upstream:track)%00%(upstream:remotename)%00%(upstream:remoteref) refs/heads/main refs/remotes/main [1ms]
2024-02-25 14:05:04.090 [info] > git status -z -uall [2ms]
2024-02-25 14:05:04.172 [info] > git ls-files --stage -- /home/mik3y/projects/repos/vello/examples/shapes/src/main.rs [1ms]
2024-02-25 14:05:04.178 [info] > git cat-file -s 5517677a722e04a27af3c85184ceb26e4ddf0257 [0ms]
2024-02-25 14:05:04.185 [info] > git show --textconv :examples/shapes/src/main.rs [1ms]
2024-02-25 14:05:13.707 [info] Log level: Info
2024-02-25 14:05:13.707 [info] Validating found git in: "git"
2024-02-25 14:05:13.707 [info] Using git "2.43.2" from "git"
2024-02-25 14:05:13.707 [info] > git rev-parse --show-toplevel [4ms]
2024-02-25 14:05:13.714 [info] > git rev-parse --git-dir --git-common-dir [1ms]
2024-02-25 14:05:13.725 [info] Open repository: /home/mik3y/projects/repos/volt
2024-02-25 14:05:13.967 [info] > git rev-parse --show-toplevel [220ms]
2024-02-25 14:05:13.967 [info] > git config --get commit.template [227ms]
2024-02-25 14:05:14.160 [info] > git rev-parse --show-toplevel [59ms]
2024-02-25 14:05:14.190 [info] > git for-each-ref --format=%(refname)%00%(upstream:short)%00%(objectname)%00%(upstream:track)%00%(upstream:remotename)%00%(upstream:remoteref) refs/heads/v0.2 refs/remotes/v0.2 [65ms]
2024-02-25 14:05:14.201 [info] > git rev-parse --show-toplevel [15ms]
2024-02-25 14:05:14.223 [info] > git rev-parse --show-toplevel [15ms]
2024-02-25 14:05:14.227 [info] > git status -z -uall [6ms]
2024-02-25 14:05:14.247 [info] > git check-ignore -v -z --stdin [9ms]
2024-02-25 14:05:14.248 [info] > git config --get commit.template [2ms]
2024-02-25 14:05:14.297 [info] > git for-each-ref --format=%(refname)%00%(upstream:short)%00%(objectname)%00%(upstream:track)%00%(upstream:remotename)%00%(upstream:remoteref) refs/heads/v0.2 refs/remotes/v0.2 [3ms]
2024-02-25 14:05:14.320 [info] > git status -z -uall [1ms]
2024-02-25 14:05:14.451 [info] > git show --textconv :src/lib.rs [6ms]
2024-02-25 14:05:14.452 [info] > git ls-files --stage -- /home/mik3y/projects/repos/volt/src/lib.rs [1ms]
2024-02-25 14:05:14.457 [info] > git cat-file -s edc60ce89d1f9d7a8f7fc8b4a83484d8a62576e4 [1ms]
2024-02-25 14:05:15.101 [info] > git fetch [1376ms]
2024-02-25 14:05:15.110 [info] > git config --get commit.template [1ms]
2024-02-25 14:05:15.118 [info] > git for-each-ref --format=%(refname)%00%(upstream:short)%00%(objectname)%00%(upstream:track)%00%(upstream:remotename)%00%(upstream:remoteref) refs/heads/v0.2 refs/remotes/v0.2 [1ms]
2024-02-25 14:05:15.124 [info] > git status -z -uall [1ms]
2024-02-25 14:08:22.768 [info] > git fetch [592ms]
2024-02-25 14:08:22.779 [info] > git config --get commit.template [5ms]
2024-02-25 14:08:22.779 [info] > git for-each-ref --format=%(refname)%00%(upstream:short)%00%(objectname)%00%(upstream:track)%00%(upstream:remotename)%00%(upstream:remoteref) refs/heads/v0.2 refs/remotes/v0.2 [1ms]
2024-02-25 14:08:22.785 [info] > git status -z -uall [1ms]
2024-02-25 14:08:23.858 [info] > git config --get commit.template [8ms]
2024-02-25 14:08:23.859 [info] > git for-each-ref --format=%(refname)%00%(upstream:short)%00%(objectname)%00%(upstream:track)%00%(upstream:remotename)%00%(upstream:remoteref) refs/heads/v0.2 refs/remotes/v0.2 [1ms]
2024-02-25 14:08:23.867 [info] > git status -z -uall [1ms]
2024-02-25 14:08:23.952 [info] > git ls-files --stage -- /home/mik3y/projects/repos/volt/src/lib.rs [1ms]
2024-02-25 14:08:23.960 [info] > git cat-file -s edc60ce89d1f9d7a8f7fc8b4a83484d8a62576e4 [1ms]
2024-02-25 14:08:23.969 [info] > git show --textconv :src/lib.rs [1ms]
2024-02-25 14:11:30.633 [info] > git fetch [639ms]
2024-02-25 14:11:30.643 [info] > git config --get commit.template [4ms]
2024-02-25 14:11:30.644 [info] > git for-each-ref --format=%(refname)%00%(upstream:short)%00%(objectname)%00%(upstream:track)%00%(upstream:remotename)%00%(upstream:remoteref) refs/heads/v0.2 refs/remotes/v0.2 [1ms]
2024-02-25 14:11:30.651 [info] > git status -z -uall [1ms]
2024-02-25 14:16:40.945 [info] > git config --get commit.template [1ms]
2024-02-25 14:16:40.956 [info] > git ls-files --stage -- /home/mik3y/projects/repos/volt/src/lib.rs [6ms]
2024-02-25 14:16:40.961 [info] > git for-each-ref --format=%(refname)%00%(upstream:short)%00%(objectname)%00%(upstream:track)%00%(upstream:remotename)%00%(upstream:remoteref) refs/heads/v0.2 refs/remotes/v0.2 [6ms]
2024-02-25 14:16:40.967 [info] > git cat-file -s edc60ce89d1f9d7a8f7fc8b4a83484d8a62576e4 [6ms]
2024-02-25 14:16:40.968 [info] > git status -z -uall [1ms]
2024-02-25 14:16:40.976 [info] > git show --textconv :src/lib.rs [1ms]
2024-02-25 14:16:41.551 [info] > git fetch [614ms]
2024-02-25 14:16:41.562 [info] > git config --get commit.template [6ms]
2024-02-25 14:16:41.562 [info] > git for-each-ref --format=%(refname)%00%(upstream:short)%00%(objectname)%00%(upstream:track)%00%(upstream:remotename)%00%(upstream:remoteref) refs/heads/v0.2 refs/remotes/v0.2 [1ms]
2024-02-25 14:16:41.570 [info] > git status -z -uall [1ms]
2024-02-25 14:16:42.735 [info] > git ls-files --stage -- /home/mik3y/projects/repos/volt/src/lib.rs [2ms]
2024-02-25 14:16:42.742 [info] > git cat-file -s edc60ce89d1f9d7a8f7fc8b4a83484d8a62576e4 [1ms]
2024-02-25 14:16:42.751 [info] > git show --textconv :src/lib.rs [1ms]
2024-02-25 14:16:45.985 [info] > git config --get commit.template [8ms]
2024-02-25 14:16:45.985 [info] > git for-each-ref --format=%(refname)%00%(upstream:short)%00%(objectname)%00%(upstream:track)%00%(upstream:remotename)%00%(upstream:remoteref) refs/heads/v0.2 refs/remotes/v0.2 [1ms]
2024-02-25 14:16:45.993 [info] > git status -z -uall [1ms]
2024-02-25 14:16:59.020 [info] > git config --get commit.template [7ms]
2024-02-25 14:16:59.021 [info] > git for-each-ref --format=%(refname)%00%(upstream:short)%00%(objectname)%00%(upstream:track)%00%(upstream:remotename)%00%(upstream:remoteref) refs/heads/v0.2 refs/remotes/v0.2 [1ms]
2024-02-25 14:16:59.029 [info] > git status -z -uall [1ms]
2024-02-25 14:20:21.886 [info] > git config --get commit.template [5ms]
2024-02-25 14:20:21.887 [info] > git for-each-ref --format=%(refname)%00%(upstream:short)%00%(objectname)%00%(upstream:track)%00%(upstream:remotename)%00%(upstream:remoteref) refs/heads/v0.2 refs/remotes/v0.2 [1ms]
2024-02-25 14:20:21.935 [info] > git status -z -uall [43ms]
2024-02-25 14:20:22.569 [info] > git fetch [694ms]
2024-02-25 14:20:22.581 [info] > git config --get commit.template [5ms]
2024-02-25 14:20:22.582 [info] > git for-each-ref --format=%(refname)%00%(upstream:short)%00%(objectname)%00%(upstream:track)%00%(upstream:remotename)%00%(upstream:remoteref) refs/heads/v0.2 refs/remotes/v0.2 [1ms]
2024-02-25 14:20:22.589 [info] > git status -z -uall [1ms]
2024-02-25 14:20:23.753 [info] > git ls-files --stage -- /home/mik3y/projects/repos/volt/src/lib.rs [2ms]
2024-02-25 14:20:23.774 [info] > git cat-file -s edc60ce89d1f9d7a8f7fc8b4a83484d8a62576e4 [14ms]
2024-02-25 14:20:23.781 [info] > git show --textconv :src/lib.rs [1ms]
2024-02-25 14:20:26.954 [info] > git config --get commit.template [7ms]
2024-02-25 14:20:26.955 [info] > git for-each-ref --format=%(refname)%00%(upstream:short)%00%(objectname)%00%(upstream:track)%00%(upstream:remotename)%00%(upstream:remoteref) refs/heads/v0.2 refs/remotes/v0.2 [1ms]
2024-02-25 14:20:26.963 [info] > git status -z -uall [2ms]
2024-02-25 14:20:44.694 [info] > git config --get commit.template [6ms]
2024-02-25 14:20:44.720 [info] > git for-each-ref --format=%(refname)%00%(upstream:short)%00%(objectname)%00%(upstream:track)%00%(upstream:remotename)%00%(upstream:remoteref) refs/heads/v0.2 refs/remotes/v0.2 [0ms]
2024-02-25 14:20:44.741 [info] > git status -z -uall [1ms]
2024-02-25 14:20:52.342 [info] > git config --get commit.template [1ms]
2024-02-25 14:20:52.349 [info] > git for-each-ref --format=%(refname)%00%(upstream:short)%00%(objectname)%00%(upstream:track)%00%(upstream:remotename)%00%(upstream:remoteref) refs/heads/v0.2 refs/remotes/v0.2 [1ms]
2024-02-25 14:20:52.357 [info] > git status -z -uall [2ms]
2024-02-25 14:20:57.372 [info] > git config --get commit.template [6ms]
2024-02-25 14:20:57.373 [info] > git for-each-ref --format=%(refname)%00%(upstream:short)%00%(objectname)%00%(upstream:track)%00%(upstream:remotename)%00%(upstream:remoteref) refs/heads/v0.2 refs/remotes/v0.2 [2ms]
2024-02-25 14:20:57.381 [info] > git status -z -uall [1ms]
2024-02-25 14:21:02.397 [info] > git config --get commit.template [6ms]
2024-02-25 14:21:02.398 [info] > git for-each-ref --format=%(refname)%00%(upstream:short)%00%(objectname)%00%(upstream:track)%00%(upstream:remotename)%00%(upstream:remoteref) refs/heads/v0.2 refs/remotes/v0.2 [1ms]
2024-02-25 14:21:02.405 [info] > git status -z -uall [2ms]
2024-02-25 14:21:07.423 [info] > git config --get commit.template [8ms]
2024-02-25 14:21:07.424 [info] > git for-each-ref --format=%(refname)%00%(upstream:short)%00%(objectname)%00%(upstream:track)%00%(upstream:remotename)%00%(upstream:remoteref) refs/heads/v0.2 refs/remotes/v0.2 [1ms]
2024-02-25 14:21:07.433 [info] > git status -z -uall [2ms]
2024-02-25 14:23:04.351 [info] > git config --get commit.template [1ms]
2024-02-25 14:23:04.361 [info] > git for-each-ref --format=%(refname)%00%(upstream:short)%00%(objectname)%00%(upstream:track)%00%(upstream:remotename)%00%(upstream:remoteref) refs/heads/v0.2 refs/remotes/v0.2 [2ms]
2024-02-25 14:23:04.371 [info] > git status -z -uall [1ms]
2024-02-25 14:23:09.384 [info] > git config --get commit.template [5ms]
2024-02-25 14:23:09.385 [info] > git for-each-ref --format=%(refname)%00%(upstream:short)%00%(objectname)%00%(upstream:track)%00%(upstream:remotename)%00%(upstream:remoteref) refs/heads/v0.2 refs/remotes/v0.2 [1ms]
2024-02-25 14:23:09.391 [info] > git status -z -uall [1ms]
2024-02-25 14:23:16.248 [info] > git config --get commit.template [6ms]
2024-02-25 14:23:16.248 [info] > git for-each-ref --format=%(refname)%00%(upstream:short)%00%(objectname)%00%(upstream:track)%00%(upstream:remotename)%00%(upstream:remoteref) refs/heads/v0.2 refs/remotes/v0.2 [1ms]
2024-02-25 14:23:16.257 [info] > git status -z -uall [1ms]
2024-02-25 14:25:06.087 [info] > git config --get commit.template [0ms]
2024-02-25 14:25:06.092 [info] > git for-each-ref --format=%(refname)%00%(upstream:short)%00%(objectname)%00%(upstream:track)%00%(upstream:remotename)%00%(upstream:remoteref) refs/heads/v0.2 refs/remotes/v0.2 [1ms]
2024-02-25 14:25:06.098 [info] > git status -z -uall [2ms]
2024-02-25 14:25:06.928 [info] > git fetch [846ms]
2024-02-25 14:25:06.942 [info] > git config --get commit.template [8ms]
2024-02-25 14:25:06.942 [info] > git for-each-ref --format=%(refname)%00%(upstream:short)%00%(objectname)%00%(upstream:track)%00%(upstream:remotename)%00%(upstream:remoteref) refs/heads/v0.2 refs/remotes/v0.2 [1ms]
2024-02-25 14:25:06.951 [info] > git status -z -uall [1ms]
2024-02-25 14:30:42.026 [info] > git config --get commit.template [1ms]
2024-02-25 14:30:42.035 [info] > git for-each-ref --format=%(refname)%00%(upstream:short)%00%(objectname)%00%(upstream:track)%00%(upstream:remotename)%00%(upstream:remoteref) refs/heads/v0.2 refs/remotes/v0.2 [2ms]
2024-02-25 14:30:42.044 [info] > git ls-files --stage -- /home/mik3y/projects/repos/volt/src/lib.rs [1ms]
2024-02-25 14:30:42.058 [info] > git cat-file -s edc60ce89d1f9d7a8f7fc8b4a83484d8a62576e4 [7ms]
2024-02-25 14:30:42.059 [info] > git status -z -uall [1ms]
2024-02-25 14:30:42.069 [info] > git show --textconv :src/lib.rs [1ms]
2024-02-25 14:30:42.638 [info] > git fetch [622ms]
2024-02-25 14:30:42.652 [info] > git config --get commit.template [4ms]
2024-02-25 14:30:42.668 [info] > git for-each-ref --format=%(refname)%00%(upstream:short)%00%(objectname)%00%(upstream:track)%00%(upstream:remotename)%00%(upstream:remoteref) refs/heads/v0.2 refs/remotes/v0.2 [1ms]
2024-02-25 14:30:42.677 [info] > git status -z -uall [1ms]
2024-02-25 14:30:43.817 [info] > git ls-files --stage -- /home/mik3y/projects/repos/volt/src/lib.rs [1ms]
2024-02-25 14:30:43.823 [info] > git cat-file -s edc60ce89d1f9d7a8f7fc8b4a83484d8a62576e4 [1ms]
2024-02-25 14:30:43.832 [info] > git show --textconv :src/lib.rs [1ms]
2024-02-25 14:30:47.079 [info] > git config --get commit.template [7ms]
2024-02-25 14:30:47.080 [info] > git for-each-ref --format=%(refname)%00%(upstream:short)%00%(objectname)%00%(upstream:track)%00%(upstream:remotename)%00%(upstream:remoteref) refs/heads/v0.2 refs/remotes/v0.2 [1ms]
2024-02-25 14:30:47.088 [info] > git status -z -uall [1ms]
2024-02-25 14:33:15.602 [info] > git config --get commit.template [2ms]
2024-02-25 14:33:15.610 [info] > git for-each-ref --format=%(refname)%00%(upstream:short)%00%(objectname)%00%(upstream:track)%00%(upstream:remotename)%00%(upstream:remoteref) refs/heads/v0.2 refs/remotes/v0.2 [0ms]
2024-02-25 14:33:15.634 [info] > git status -z -uall [2ms]
2024-02-25 14:35:28.573 [info] > git config --get commit.template [5ms]
2024-02-25 14:35:28.584 [info] > git for-each-ref --format=%(refname)%00%(upstream:short)%00%(objectname)%00%(upstream:track)%00%(upstream:remotename)%00%(upstream:remoteref) refs/heads/v0.2 refs/remotes/v0.2 [11ms]
2024-02-25 14:35:28.644 [info] > git status -z -uall [56ms]
2024-02-25 14:35:29.516 [info] > git fetch [955ms]
2024-02-25 14:35:29.531 [info] > git config --get commit.template [7ms]
2024-02-25 14:35:29.531 [info] > git for-each-ref --format=%(refname)%00%(upstream:short)%00%(objectname)%00%(upstream:track)%00%(upstream:remotename)%00%(upstream:remoteref) refs/heads/v0.2 refs/remotes/v0.2 [1ms]
2024-02-25 14:35:29.540 [info] > git status -z -uall [2ms]
2024-02-25 14:35:30.698 [info] > git ls-files --stage -- /home/mik3y/projects/repos/volt/src/lib.rs [1ms]
2024-02-25 14:35:30.724 [info] > git cat-file -s edc60ce89d1f9d7a8f7fc8b4a83484d8a62576e4 [19ms]
2024-02-25 14:35:30.734 [info] > git show --textconv :src/lib.rs [1ms]
2024-02-25 14:35:33.661 [info] > git config --get commit.template [7ms]
2024-02-25 14:35:33.662 [info] > git for-each-ref --format=%(refname)%00%(upstream:short)%00%(objectname)%00%(upstream:track)%00%(upstream:remotename)%00%(upstream:remoteref) refs/heads/v0.2 refs/remotes/v0.2 [1ms]
2024-02-25 14:35:33.670 [info] > git status -z -uall [2ms]
2024-02-25 14:36:13.772 [info] Log level: Info
2024-02-25 14:36:13.772 [info] Validating found git in: "git"
2024-02-25 14:36:13.772 [info] Using git "2.44.0" from "git"
2024-02-25 14:36:13.772 [info] > git rev-parse --show-toplevel [7ms]
2024-02-25 14:36:13.784 [info] > git rev-parse --git-dir --git-common-dir [8ms]
2024-02-25 14:36:13.793 [info] Open repository: /home/mik3y/projects/repos/vello
2024-02-25 14:36:13.835 [info] > git rev-parse --show-toplevel [14ms]
2024-02-25 14:36:13.857 [info] > git config --get commit.template [41ms]
2024-02-25 14:36:13.873 [info] > git rev-parse --show-toplevel [9ms]
2024-02-25 14:36:13.878 [info] > git for-each-ref --format=%(refname)%00%(upstream:short)%00%(objectname)%00%(upstream:track)%00%(upstream:remotename)%00%(upstream:remoteref) refs/heads/main refs/remotes/main [6ms]
2024-02-25 14:36:16.082 [info] > git check-ignore -v -z --stdin [2ms]
2024-02-25 14:36:16.083 [info] > git rev-parse --show-toplevel [2206ms]
2024-02-25 14:36:16.084 [info] > git fetch [2291ms]
2024-02-25 14:36:16.406 [info] > git config --get commit.template [43ms]
2024-02-25 14:36:16.406 [info] > git rev-parse --show-toplevel [52ms]
2024-02-25 14:36:16.433 [info] > git for-each-ref --format=%(refname)%00%(upstream:short)%00%(objectname)%00%(upstream:track)%00%(upstream:remotename)%00%(upstream:remoteref) refs/heads/main refs/remotes/main [5ms]
2024-02-25 14:36:16.433 [info] > git config --get commit.template [12ms]
2024-02-25 14:36:16.433 [info] > git rev-parse --show-toplevel [19ms]
2024-02-25 14:36:16.562 [info] > git rev-parse --show-toplevel [122ms]
2024-02-25 14:36:16.571 [info] > git for-each-ref --format=%(refname)%00%(upstream:short)%00%(objectname)%00%(upstream:track)%00%(upstream:remotename)%00%(upstream:remoteref) refs/heads/main refs/remotes/main [16ms]
2024-02-25 14:36:16.579 [info] > git rev-parse --show-toplevel [9ms]
2024-02-25 14:36:16.601 [info] > git rev-parse --show-toplevel [1ms]
2024-02-25 14:36:16.695 [info] > git status -z -uall [88ms]
2024-02-25 14:36:16.706 [info] > git rev-parse --show-toplevel [93ms]
2024-02-25 14:36:16.730 [info] > git rev-parse --show-toplevel [18ms]
2024-02-25 14:36:16.739 [info] > git rev-parse --show-toplevel [2ms]
2024-02-25 14:36:16.756 [info] > git show --textconv :examples/shapes/src/main.rs [9ms]
2024-02-25 14:36:16.756 [info] > git ls-files --stage -- /home/mik3y/projects/repos/vello/examples/shapes/src/main.rs [3ms]
2024-02-25 14:36:16.763 [info] > git cat-file -s 5517677a722e04a27af3c85184ceb26e4ddf0257 [1ms]
2024-02-25 14:36:36.659 [info] > git config --get commit.template [8ms]
2024-02-25 14:36:36.660 [info] > git for-each-ref --format=%(refname)%00%(upstream:short)%00%(objectname)%00%(upstream:track)%00%(upstream:remotename)%00%(upstream:remoteref) refs/heads/main refs/remotes/main [2ms]
2024-02-25 14:36:36.669 [info] > git status -z -uall [2ms]
2024-02-25 14:37:11.529 [info] > git config --get commit.template [7ms]
2024-02-25 14:37:11.530 [info] > git for-each-ref --format=%(refname)%00%(upstream:short)%00%(objectname)%00%(upstream:track)%00%(upstream:remotename)%00%(upstream:remoteref) refs/heads/main refs/remotes/main [2ms]
2024-02-25 14:37:11.538 [info] > git status -z -uall [2ms]
2024-02-25 14:37:16.807 [info] > git config --get commit.template [1ms]
2024-02-25 14:37:16.817 [info] > git for-each-ref --format=%(refname)%00%(upstream:short)%00%(objectname)%00%(upstream:track)%00%(upstream:remotename)%00%(upstream:remoteref) refs/heads/main refs/remotes/main [2ms]
2024-02-25 14:37:16.827 [info] > git status -z -uall [2ms]
2024-02-25 14:37:21.846 [info] > git config --get commit.template [8ms]
2024-02-25 14:37:21.847 [info] > git for-each-ref --format=%(refname)%00%(upstream:short)%00%(objectname)%00%(upstream:track)%00%(upstream:remotename)%00%(upstream:remoteref) refs/heads/main refs/remotes/main [1ms]
2024-02-25 14:37:21.856 [info] > git status -z -uall [1ms]
2024-02-25 14:37:34.352 [info] > git config --get commit.template [410ms]
2024-02-25 14:37:34.433 [info] > git show --textconv :examples/shapes/Cargo.toml [52ms]
2024-02-25 14:37:34.434 [info] > git ls-files --stage -- /home/mik3y/projects/repos/vello/examples/shapes/Cargo.toml [43ms]
2024-02-25 14:37:34.479 [info] > git cat-file -s 048fa22e2344d365fb05f389b3e75f28da6b1762 [35ms]
2024-02-25 14:37:34.482 [info] > git for-each-ref --format=%(refname)%00%(upstream:short)%00%(objectname)%00%(upstream:track)%00%(upstream:remotename)%00%(upstream:remoteref) refs/heads/main refs/remotes/main [5ms]
2024-02-25 14:37:34.513 [info] > git status -z -uall [5ms]
2024-02-25 14:37:44.318 [info] > git config --get commit.template [9ms]
2024-02-25 14:37:44.318 [info] > git for-each-ref --format=%(refname)%00%(upstream:short)%00%(objectname)%00%(upstream:track)%00%(upstream:remotename)%00%(upstream:remoteref) refs/heads/main refs/remotes/main [2ms]
2024-02-25 14:37:44.329 [info] > git status -z -uall [2ms]
2024-02-25 14:40:31.058 [info] > git fetch [614ms]
2024-02-25 14:40:31.070 [info] > git config --get commit.template [6ms]
2024-02-25 14:40:31.070 [info] > git for-each-ref --format=%(refname)%00%(upstream:short)%00%(objectname)%00%(upstream:track)%00%(upstream:remotename)%00%(upstream:remoteref) refs/heads/main refs/remotes/main [1ms]
2024-02-25 14:40:31.077 [info] > git status -z -uall [1ms]
2024-02-25 14:40:32.148 [info] > git config --get commit.template [6ms]
2024-02-25 14:40:32.148 [info] > git for-each-ref --format=%(refname)%00%(upstream:short)%00%(objectname)%00%(upstream:track)%00%(upstream:remotename)%00%(upstream:remoteref) refs/heads/main refs/remotes/main [1ms]
2024-02-25 14:40:32.155 [info] > git status -z -uall [2ms]
2024-02-25 14:40:32.241 [info] > git ls-files --stage -- /home/mik3y/projects/repos/vello/examples/shapes/Cargo.toml [1ms]
2024-02-25 14:40:32.248 [info] > git cat-file -s 048fa22e2344d365fb05f389b3e75f28da6b1762 [1ms]
2024-02-25 14:40:32.256 [info] > git show --textconv :examples/shapes/Cargo.toml [1ms]
