2024-02-29 23:38:07.720 [info] Log level: Info
2024-02-29 23:38:07.720 [info] Validating found git in: "git"
2024-02-29 23:38:07.720 [info] Using git "2.44.0" from "git"
2024-02-29 23:38:10.614 [info] > git rev-parse --show-toplevel [2926ms]
2024-02-29 23:38:10.637 [info] > git rev-parse --git-dir --git-common-dir [0ms]
2024-02-29 23:38:10.645 [info] Open repository: /home/mik3y/projects/repos/synk
2024-02-29 23:38:10.653 [info] > git rev-parse --show-toplevel [0ms]
2024-02-29 23:38:10.661 [info] > git rev-parse --show-toplevel [1ms]
2024-02-29 23:38:10.665 [info] > git rev-parse --show-toplevel [0ms]
2024-02-29 23:38:10.670 [info] > git rev-parse --show-toplevel [1ms]
2024-02-29 23:38:10.674 [info] > git rev-parse --show-toplevel [1ms]
2024-02-29 23:38:10.678 [info] > git rev-parse --show-toplevel [0ms]
2024-02-29 23:38:10.719 [info] > git config --get commit.template [71ms]
2024-02-29 23:38:11.081 [info] > git for-each-ref --format=%(refname)%00%(upstream:short)%00%(objectname)%00%(upstream:track)%00%(upstream:remotename)%00%(upstream:remoteref) refs/heads/main refs/remotes/main [425ms]
2024-02-29 23:38:14.417 [info] > git fetch [3773ms]
2024-02-29 23:38:14.429 [info] > git config --get commit.template [3ms]
2024-02-29 23:38:14.429 [info] > git config --get commit.template [6ms]
2024-02-29 23:38:14.954 [info] > git status -z -uall [3868ms] (cancelled)
2024-02-29 23:38:14.954 [info] > git for-each-ref --format=%(refname)%00%(upstream:short)%00%(objectname)%00%(upstream:track)%00%(upstream:remotename)%00%(upstream:remoteref) refs/heads/main refs/remotes/main [516ms]
2024-02-29 23:38:14.954 [info] > git for-each-ref --format=%(refname)%00%(upstream:short)%00%(objectname)%00%(upstream:track)%00%(upstream:remotename)%00%(upstream:remoteref) refs/heads/main refs/remotes/main [520ms]
2024-02-29 23:38:15.687 [info] > git status -z -uall [721ms]
2024-02-29 23:38:15.700 [info] > git merge-base refs/heads/main refs/remotes/origin/main [2ms]
2024-02-29 23:38:15.708 [info] > git rev-list --count --left-right refs/heads/main...refs/remotes/origin/main [1ms]
2024-02-29 23:38:16.307 [info] > git check-ignore -v -z --stdin [0ms]
2024-02-29 23:38:19.809 [info] > git add -A -- . [1837ms]
2024-02-29 23:38:21.161 [info] > git show --textconv :.git/COMMIT_EDITMSG [4ms]
2024-02-29 23:38:21.162 [info] > git ls-files --stage -- /home/mik3y/projects/repos/synk/.git/COMMIT_EDITMSG [1ms]
2024-02-29 23:38:21.379 [info] > git ls-files --stage -- /home/mik3y/projects/repos/synk/.git/COMMIT_EDITMSG [1ms]
2024-02-29 23:38:21.385 [info] > git show --textconv :.git/COMMIT_EDITMSG [1ms]
2024-02-29 23:38:21.472 [info] > git check-ignore -v -z --stdin [1ms]
2024-02-29 23:38:26.030 [info] > git -c user.useConfigOnly=true commit --quiet [6217ms]
2024-02-29 23:38:26.044 [info] > git config --get commit.template [6ms]
2024-02-29 23:38:26.044 [info] > git for-each-ref --format=%(refname)%00%(upstream:short)%00%(objectname)%00%(upstream:track)%00%(upstream:remotename)%00%(upstream:remoteref) refs/heads/main refs/remotes/main [1ms]
2024-02-29 23:38:26.051 [info] > git status -z -uall [1ms]
2024-02-29 23:38:26.082 [info] > git config --get commit.template [4ms]
2024-02-29 23:38:26.082 [info] > git merge-base refs/heads/main refs/remotes/origin/main [16ms]
2024-02-29 23:38:26.091 [info] > git rev-list --count --left-right refs/heads/main...refs/remotes/origin/main [1ms]
2024-02-29 23:38:26.099 [info] > git for-each-ref --format=%(refname)%00%(upstream:short)%00%(objectname)%00%(upstream:track)%00%(upstream:remotename)%00%(upstream:remoteref) refs/heads/main refs/remotes/main [3ms]
2024-02-29 23:38:26.110 [info] > git status -z -uall [2ms]
2024-02-29 23:38:27.078 [info] > git log --oneline --cherry main...main@{upstream} -- [2ms]
2024-02-29 23:38:28.005 [info] > git pull --tags origin main [921ms]
2024-02-29 23:38:28.005 [info] From https://github.com/anantnrg/synk
 * branch            main       -> FETCH_HEAD
2024-02-29 23:38:31.230 [info] > git push origin main:main [3219ms]
2024-02-29 23:38:31.230 [info] To https://github.com/anantnrg/synk
   7d0424c..56eec0d  main -> main
2024-02-29 23:38:31.243 [info] > git config --get commit.template [6ms]
2024-02-29 23:38:31.244 [info] > git for-each-ref --format=%(refname)%00%(upstream:short)%00%(objectname)%00%(upstream:track)%00%(upstream:remotename)%00%(upstream:remoteref) refs/heads/main refs/remotes/main [1ms]
2024-02-29 23:38:31.252 [info] > git status -z -uall [2ms]
2024-02-29 23:38:31.267 [info] > git config --get commit.template [6ms]
2024-02-29 23:38:31.267 [info] > git merge-base refs/heads/main refs/remotes/origin/main [1ms]
2024-02-29 23:38:31.277 [info] > git rev-list --count --left-right refs/heads/main...refs/remotes/origin/main [5ms]
2024-02-29 23:38:31.278 [info] > git for-each-ref --format=%(refname)%00%(upstream:short)%00%(objectname)%00%(upstream:track)%00%(upstream:remotename)%00%(upstream:remoteref) refs/heads/main refs/remotes/main [1ms]
2024-02-29 23:38:31.283 [info] > git status -z -uall [1ms]
2024-02-29 23:39:17.066 [info] > git config --get commit.template [5ms]
2024-02-29 23:39:17.066 [info] > git for-each-ref --format=%(refname)%00%(upstream:short)%00%(objectname)%00%(upstream:track)%00%(upstream:remotename)%00%(upstream:remoteref) refs/heads/main refs/remotes/main [1ms]
2024-02-29 23:39:17.072 [info] > git status -z -uall [1ms]
2024-02-29 23:39:19.033 [info] > git check-ignore -v -z --stdin [1ms]
2024-02-29 23:39:23.680 [info] > git show --textconv :Cargo.toml [7ms]
2024-02-29 23:39:23.681 [info] > git ls-files --stage -- /home/mik3y/projects/repos/synk/Cargo.toml [2ms]
2024-02-29 23:39:23.686 [info] > git cat-file -s a7b3ba06395625a87f16064df36f80044f590578 [0ms]
2024-02-29 23:40:09.577 [info] > git ls-files --stage -- /home/mik3y/projects/repos/synk/Cargo.toml [1ms]
2024-02-29 23:40:09.583 [info] > git cat-file -s a7b3ba06395625a87f16064df36f80044f590578 [1ms]
2024-02-29 23:40:09.590 [info] > git show --textconv :Cargo.toml [0ms]
2024-02-29 23:40:17.878 [info] > git config --get commit.template [1ms]
2024-02-29 23:40:17.886 [info] > git for-each-ref --format=%(refname)%00%(upstream:short)%00%(objectname)%00%(upstream:track)%00%(upstream:remotename)%00%(upstream:remoteref) refs/heads/main refs/remotes/main [1ms]
2024-02-29 23:40:17.904 [info] > git status -z -uall [10ms]
2024-02-29 23:40:19.083 [info] > git add -A -- . [12ms]
2024-02-29 23:40:19.092 [info] > git -c user.useConfigOnly=true commit --quiet --allow-empty-message --file - [4ms]
2024-02-29 23:40:19.106 [info] > git config --get commit.template [5ms]
2024-02-29 23:40:19.118 [info] > git config --get commit.template [1ms]
2024-02-29 23:40:19.125 [info] > git for-each-ref --format=%(refname)%00%(upstream:short)%00%(objectname)%00%(upstream:track)%00%(upstream:remotename)%00%(upstream:remoteref) refs/heads/main refs/remotes/main [1ms]
2024-02-29 23:40:19.136 [info] > git status -z -uall [2ms]
2024-02-29 23:40:19.173 [info] > git merge-base refs/heads/main refs/remotes/origin/main [6ms]
2024-02-29 23:40:19.201 [info] > git rev-list --count --left-right refs/heads/main...refs/remotes/origin/main [14ms]
2024-02-29 23:40:19.202 [info] > git config --get commit.template [2ms]
2024-02-29 23:40:19.214 [info] > git for-each-ref --format=%(refname)%00%(upstream:short)%00%(objectname)%00%(upstream:track)%00%(upstream:remotename)%00%(upstream:remoteref) refs/heads/main refs/remotes/main [1ms]
2024-02-29 23:40:19.226 [info] > git status -z -uall [1ms]
2024-02-29 23:40:20.746 [info] > git ls-files --stage -- /home/mik3y/projects/repos/synk/Cargo.toml [5ms]
2024-02-29 23:40:20.763 [info] > git cat-file -s 4fd318a84a968ed8e79190063f5cc84a11811894 [5ms]
2024-02-29 23:40:20.779 [info] > git show --textconv :Cargo.toml [3ms]
2024-02-29 23:40:22.935 [info] > git config --get commit.template [1ms]
2024-02-29 23:40:22.955 [info] > git for-each-ref --format=%(refname)%00%(upstream:short)%00%(objectname)%00%(upstream:track)%00%(upstream:remotename)%00%(upstream:remoteref) refs/heads/main refs/remotes/main [7ms]
2024-02-29 23:40:22.964 [info] > git status -z -uall [0ms]
2024-02-29 23:40:28.004 [info] > git config --get commit.template [12ms]
2024-02-29 23:40:28.009 [info] > git for-each-ref --format=%(refname)%00%(upstream:short)%00%(objectname)%00%(upstream:track)%00%(upstream:remotename)%00%(upstream:remoteref) refs/heads/main refs/remotes/main [5ms]
2024-02-29 23:40:28.019 [info] > git status -z -uall [1ms]
2024-02-29 23:40:28.073 [info] > git add -A -- . [7ms]
2024-02-29 23:40:28.095 [info] > git -c user.useConfigOnly=true commit --quiet --allow-empty-message --file - [6ms]
2024-02-29 23:40:28.117 [info] > git config --get commit.template [2ms]
2024-02-29 23:40:28.147 [info] > git for-each-ref --format=%(refname)%00%(upstream:short)%00%(objectname)%00%(upstream:track)%00%(upstream:remotename)%00%(upstream:remoteref) refs/heads/main refs/remotes/main [2ms]
2024-02-29 23:40:28.147 [info] > git config --get commit.template [15ms]
2024-02-29 23:40:28.165 [info] > git status -z -uall [0ms]
2024-02-29 23:40:28.227 [info] > git merge-base refs/heads/main refs/remotes/origin/main [19ms]
2024-02-29 23:40:28.238 [info] > git rev-list --count --left-right refs/heads/main...refs/remotes/origin/main [1ms]
2024-02-29 23:40:28.242 [info] > git config --get commit.template [16ms]
2024-02-29 23:40:28.269 [info] > git for-each-ref --format=%(refname)%00%(upstream:short)%00%(objectname)%00%(upstream:track)%00%(upstream:remotename)%00%(upstream:remoteref) refs/heads/main refs/remotes/main [11ms]
2024-02-29 23:40:28.290 [info] > git status -z -uall [5ms]
2024-02-29 23:40:28.790 [info] > git log --oneline --cherry main...main@{upstream} -- [5ms]
2024-02-29 23:40:29.438 [info] > git pull --tags origin main [635ms]
2024-02-29 23:40:29.438 [info] From https://github.com/anantnrg/synk
 * branch            main       -> FETCH_HEAD
2024-02-29 23:40:30.910 [info] > git push origin main:main [1462ms]
2024-02-29 23:40:30.910 [info] To https://github.com/anantnrg/synk
   56eec0d..a187de9  main -> main
2024-02-29 23:40:30.946 [info] > git config --get commit.template [18ms]
2024-02-29 23:40:30.947 [info] > git for-each-ref --format=%(refname)%00%(upstream:short)%00%(objectname)%00%(upstream:track)%00%(upstream:remotename)%00%(upstream:remoteref) refs/heads/main refs/remotes/main [2ms]
2024-02-29 23:40:30.974 [info] > git status -z -uall [12ms]
2024-02-29 23:40:30.974 [info] > git ls-files --stage -- /home/mik3y/projects/repos/synk/Cargo.toml [1ms]
2024-02-29 23:40:30.994 [info] > git cat-file -s a7b3ba06395625a87f16064df36f80044f590578 [8ms]
2024-02-29 23:40:31.020 [info] > git merge-base refs/heads/main refs/remotes/origin/main [1ms]
2024-02-29 23:40:31.038 [info] > git show --textconv :Cargo.toml [1ms]
2024-02-29 23:40:31.042 [info] > git rev-list --count --left-right refs/heads/main...refs/remotes/origin/main [11ms]
