
2023/04/18 (13:26:41) | ===> btop++ v.1.2.13
2023/04/18 (13:26:41) | ERROR: Invalid hex value: 40a02b
theme[temp_mid]=
2023/04/18 (13:26:43) | ERROR: Invalid hex value: 89dceb

# Process box color gradient for threads, mem and cpu usage (Sapphire -> Mauve)
theme[process_start]=
2023/04/18 (13:26:58) | ERROR: Invalid hex value: 89dceb

# Process box color gradient for threads, mem and cpu usage (Sapphire -> Mauve)
theme[process_start]=
2023/04/18 (13:26:59) | ERROR: Invalid hex value: 89dceb

# Process box color gradient for threads, mem and cpu usage (Sapphire -> Mauve)
theme[process_start]=
2023/04/18 (13:27:01) | ERROR: Invalid hex value: 89dceb

# Process box color gradient for threads, mem and cpu usage (Sapphire -> Mauve)
theme[process_start]=
2023/04/18 (13:27:02) | ERROR: Invalid hex value: 89dceb

# Process box color gradient for threads, mem and cpu usage (Sapphire -> Mauve)
theme[process_start]=
2023/04/18 (13:27:08) | ERROR: Invalid hex value: 89dceb

# Process box color gradient for threads, mem and cpu usage (Sapphire -> Mauve)
theme[process_start]=
2023/04/18 (13:27:10) | ERROR: Invalid hex value: 89dceb

# Process box color gradient for threads, mem and cpu usage (Sapphire -> Mauve)
theme[process_start]=

2023/04/18 (21:38:16) | ===> btop++ v.1.2.13
2023/04/18 (21:38:16) | ERROR: Invalid hex value: 89dceb

# Process box color gradient for threads, mem and cpu usage (Sapphire -> Mauve)
theme[process_start]=

2023/04/18 (23:13:34) | ===> btop++ v.1.2.13
2023/04/18 (23:13:34) | ERROR: Invalid hex value: 89dceb

# Process box color gradient for threads, mem and cpu usage (Sapphire -> Mauve)
theme[process_start]=

2023/04/19 (17:44:31) | ===> btop++ v.1.2.13
2023/04/19 (17:44:31) | ERROR: Invalid hex value: 89dceb

# Process box color gradient for threads, mem and cpu usage (Sapphire -> Mauve)
theme[process_start]=

2023/04/21 (20:55:25) | ===> btop++ v.1.2.13
2023/04/21 (20:55:25) | ERROR: Invalid hex value: 89dceb

# Process box color gradient for threads, mem and cpu usage (Sapphire -> Mauve)
theme[process_start]=

2023/04/22 (10:36:43) | ===> btop++ v.1.2.13
2023/04/22 (10:36:43) | ERROR: Invalid hex value: 89dceb

# Process box color gradient for threads, mem and cpu usage (Sapphire -> Mauve)
theme[process_start]=

2023/04/22 (20:47:11) | ===> btop++ v.1.2.13
2023/04/22 (20:47:11) | ERROR: Invalid hex value: 89dceb

# Process box color gradient for threads, mem and cpu usage (Sapphire -> Mauve)
theme[process_start]=

2023/04/22 (22:59:33) | ===> btop++ v.1.2.13
2023/04/22 (22:59:33) | ERROR: Invalid hex value: 89dceb

# Process box color gradient for threads, mem and cpu usage (Sapphire -> Mauve)
theme[process_start]=
