2024-02-24 14:54:03.963 [info] Reading sessions from keychain...
2024-02-24 14:54:03.963 [info] Getting sessions for all scopes...
2024-02-24 14:54:03.963 [info] Getting sessions for all scopes...
2024-02-24 14:54:03.963 [info] Got stored sessions!
2024-02-24 14:54:03.963 [info] Got 1 verified sessions.
2024-02-24 14:54:03.963 [info] Got 1 sessions for ...
2024-02-24 14:54:03.963 [info] Got 1 sessions for ...
2024-02-24 14:54:03.963 [info] Getting sessions for read:user,repo,user:email,workflow...
2024-02-24 14:54:03.963 [info] Got 1 sessions for read:user,repo,user:email,workflow...
2024-02-24 14:54:04.434 [info] Getting sessions for all scopes...
2024-02-24 14:54:04.434 [info] Got 1 sessions for ...
2024-02-24 14:54:04.457 [info] Getting sessions for read:user,repo,user:email...
2024-02-24 14:54:04.457 [info] Got 0 sessions for read:user,repo,user:email...
2024-02-24 14:54:04.574 [info] Getting sessions for read:user,repo,user:email,workflow...
2024-02-24 14:54:04.574 [info] Got 1 sessions for read:user,repo,user:email,workflow...
2024-02-24 22:39:37.247 [info] Reading sessions from keychain...
2024-02-24 22:39:37.291 [info] Getting sessions for all scopes...
2024-02-24 22:39:37.291 [info] Got stored sessions!
2024-02-24 22:39:37.291 [info] Got 1 verified sessions.
2024-02-24 22:39:37.291 [info] Got 1 sessions for ...
2024-02-24 22:39:37.291 [info] Getting sessions for all scopes...
2024-02-24 22:39:37.291 [info] Got 1 sessions for ...
2024-02-24 22:39:37.291 [info] Getting sessions for read:user,repo,user:email,workflow...
2024-02-24 22:39:37.291 [info] Got 1 sessions for read:user,repo,user:email,workflow...
2024-02-24 22:39:37.400 [info] Getting sessions for read:user,repo,user:email...
2024-02-24 22:39:37.400 [info] Got 0 sessions for read:user,repo,user:email...
2024-02-24 22:39:38.211 [info] Getting sessions for read:user,repo,user:email,workflow...
2024-02-24 22:39:38.211 [info] Got 1 sessions for read:user,repo,user:email,workflow...
