2024-02-24 06:35:47.771 [info] Log level: Info
2024-02-24 06:35:47.771 [info] Validating found git in: "git"
2024-02-24 06:35:47.794 [info] Using git "2.43.2" from "git"
2024-02-24 06:35:47.967 [info] > git rev-parse --show-toplevel [162ms]
2024-02-24 06:35:47.973 [info] > git rev-parse --git-dir --git-common-dir [1ms]
2024-02-24 06:35:47.981 [info] Open repository: /home/mik3y/projects/repos/volt
2024-02-24 06:35:47.994 [info] > git rev-parse --show-toplevel [2ms]
2024-02-24 06:35:48.008 [info] > git rev-parse --show-toplevel [6ms]
2024-02-24 06:35:48.014 [info] > git rev-parse --show-toplevel [1ms]
2024-02-24 06:35:48.019 [info] > git rev-parse --show-toplevel [0ms]
2024-02-24 06:35:48.022 [info] > git config --get commit.template [36ms]
2024-02-24 06:35:48.471 [info] > git for-each-ref --format=%(refname)%00%(upstream:short)%00%(objectname)%00%(upstream:track)%00%(upstream:remotename)%00%(upstream:remoteref) refs/heads/v0.2 refs/remotes/v0.2 [465ms]
2024-02-24 06:35:48.593 [info] > git check-ignore -v -z --stdin [92ms]
2024-02-24 06:35:48.594 [info] > git ls-files --stage -- /home/mik3y/projects/repos/volt/src/lib.rs [302ms]
2024-02-24 06:35:49.085 [info] > git show --textconv :src/lib.rs [798ms]
2024-02-24 06:35:49.085 [info] > git status -z -uall [609ms]
2024-02-24 06:35:49.091 [info] > git cat-file -s 6816f73b8414f63db4b3e90e023d5fa927b201c8 [492ms]
2024-02-24 06:35:49.098 [info] > git config --get commit.template [1ms]
2024-02-24 06:35:49.104 [info] > git for-each-ref --format=%(refname)%00%(upstream:short)%00%(objectname)%00%(upstream:track)%00%(upstream:remotename)%00%(upstream:remoteref) refs/heads/v0.2 refs/remotes/v0.2 [1ms]
2024-02-24 06:35:49.110 [info] > git status -z -uall [0ms]
2024-02-24 10:25:33.288 [info] > git config --get commit.template [5ms]
2024-02-24 10:25:33.288 [info] > git for-each-ref --format=%(refname)%00%(upstream:short)%00%(objectname)%00%(upstream:track)%00%(upstream:remotename)%00%(upstream:remoteref) refs/heads/v0.2 refs/remotes/v0.2 [1ms]
2024-02-24 10:25:33.293 [info] > git status -z -uall [1ms]
2024-02-24 10:25:34.207 [info] > git fetch [933ms]
2024-02-24 10:25:34.216 [info] > git config --get commit.template [4ms]
2024-02-24 10:25:34.217 [info] > git for-each-ref --format=%(refname)%00%(upstream:short)%00%(objectname)%00%(upstream:track)%00%(upstream:remotename)%00%(upstream:remoteref) refs/heads/v0.2 refs/remotes/v0.2 [1ms]
2024-02-24 10:25:34.222 [info] > git status -z -uall [0ms]
2024-02-24 10:25:35.387 [info] > git ls-files --stage -- /home/mik3y/projects/repos/volt/src/lib.rs [1ms]
2024-02-24 10:25:35.391 [info] > git cat-file -s 6816f73b8414f63db4b3e90e023d5fa927b201c8 [1ms]
2024-02-24 10:25:35.397 [info] > git show --textconv :src/lib.rs [1ms]
2024-02-24 10:26:42.834 [info] > git config --get commit.template [5ms]
2024-02-24 10:26:42.834 [info] > git for-each-ref --format=%(refname)%00%(upstream:short)%00%(objectname)%00%(upstream:track)%00%(upstream:remotename)%00%(upstream:remoteref) refs/heads/v0.2 refs/remotes/v0.2 [0ms]
2024-02-24 10:26:42.840 [info] > git status -z -uall [1ms]
2024-02-24 10:30:52.142 [info] > git fetch [582ms]
2024-02-24 10:30:52.153 [info] > git config --get commit.template [5ms]
2024-02-24 10:30:52.153 [info] > git for-each-ref --format=%(refname)%00%(upstream:short)%00%(objectname)%00%(upstream:track)%00%(upstream:remotename)%00%(upstream:remoteref) refs/heads/v0.2 refs/remotes/v0.2 [1ms]
2024-02-24 10:30:52.161 [info] > git status -z -uall [2ms]
2024-02-24 10:30:53.223 [info] > git config --get commit.template [0ms]
2024-02-24 10:30:53.228 [info] > git for-each-ref --format=%(refname)%00%(upstream:short)%00%(objectname)%00%(upstream:track)%00%(upstream:remotename)%00%(upstream:remoteref) refs/heads/v0.2 refs/remotes/v0.2 [0ms]
2024-02-24 10:30:53.235 [info] > git status -z -uall [1ms]
2024-02-24 10:30:53.322 [info] > git ls-files --stage -- /home/mik3y/projects/repos/volt/src/lib.rs [1ms]
2024-02-24 10:30:53.327 [info] > git cat-file -s 6816f73b8414f63db4b3e90e023d5fa927b201c8 [1ms]
2024-02-24 10:30:53.335 [info] > git show --textconv :src/lib.rs [1ms]
2024-02-24 10:31:34.169 [info] > git config --get commit.template [7ms]
2024-02-24 10:31:34.170 [info] > git for-each-ref --format=%(refname)%00%(upstream:short)%00%(objectname)%00%(upstream:track)%00%(upstream:remotename)%00%(upstream:remoteref) refs/heads/v0.2 refs/remotes/v0.2 [2ms]
2024-02-24 10:31:34.176 [info] > git status -z -uall [1ms]
2024-02-24 10:31:41.462 [info] > git config --get commit.template [7ms]
2024-02-24 10:31:41.462 [info] > git for-each-ref --format=%(refname)%00%(upstream:short)%00%(objectname)%00%(upstream:track)%00%(upstream:remotename)%00%(upstream:remoteref) refs/heads/v0.2 refs/remotes/v0.2 [1ms]
2024-02-24 10:31:41.468 [info] > git status -z -uall [1ms]
2024-02-24 10:31:46.484 [info] > git config --get commit.template [7ms]
2024-02-24 10:31:46.484 [info] > git for-each-ref --format=%(refname)%00%(upstream:short)%00%(objectname)%00%(upstream:track)%00%(upstream:remotename)%00%(upstream:remoteref) refs/heads/v0.2 refs/remotes/v0.2 [1ms]
2024-02-24 10:31:46.490 [info] > git status -z -uall [0ms]
2024-02-24 10:31:51.507 [info] > git config --get commit.template [6ms]
2024-02-24 10:31:51.508 [info] > git for-each-ref --format=%(refname)%00%(upstream:short)%00%(objectname)%00%(upstream:track)%00%(upstream:remotename)%00%(upstream:remoteref) refs/heads/v0.2 refs/remotes/v0.2 [1ms]
2024-02-24 10:31:51.514 [info] > git status -z -uall [1ms]
2024-02-24 10:31:56.526 [info] > git config --get commit.template [1ms]
2024-02-24 10:31:56.531 [info] > git for-each-ref --format=%(refname)%00%(upstream:short)%00%(objectname)%00%(upstream:track)%00%(upstream:remotename)%00%(upstream:remoteref) refs/heads/v0.2 refs/remotes/v0.2 [1ms]
2024-02-24 10:31:56.537 [info] > git status -z -uall [1ms]
2024-02-24 10:32:08.423 [info] > git config --get commit.template [7ms]
2024-02-24 10:32:08.423 [info] > git for-each-ref --format=%(refname)%00%(upstream:short)%00%(objectname)%00%(upstream:track)%00%(upstream:remotename)%00%(upstream:remoteref) refs/heads/v0.2 refs/remotes/v0.2 [1ms]
2024-02-24 10:32:08.429 [info] > git status -z -uall [1ms]
2024-02-24 10:32:14.745 [info] > git config --get commit.template [6ms]
2024-02-24 10:32:14.745 [info] > git for-each-ref --format=%(refname)%00%(upstream:short)%00%(objectname)%00%(upstream:track)%00%(upstream:remotename)%00%(upstream:remoteref) refs/heads/v0.2 refs/remotes/v0.2 [1ms]
2024-02-24 10:32:14.753 [info] > git status -z -uall [1ms]
2024-02-24 10:32:19.768 [info] > git config --get commit.template [6ms]
2024-02-24 10:32:19.769 [info] > git for-each-ref --format=%(refname)%00%(upstream:short)%00%(objectname)%00%(upstream:track)%00%(upstream:remotename)%00%(upstream:remoteref) refs/heads/v0.2 refs/remotes/v0.2 [1ms]
2024-02-24 10:32:19.776 [info] > git status -z -uall [1ms]
2024-02-24 10:32:24.790 [info] > git config --get commit.template [6ms]
2024-02-24 10:32:24.791 [info] > git for-each-ref --format=%(refname)%00%(upstream:short)%00%(objectname)%00%(upstream:track)%00%(upstream:remotename)%00%(upstream:remoteref) refs/heads/v0.2 refs/remotes/v0.2 [1ms]
2024-02-24 10:32:24.798 [info] > git status -z -uall [1ms]
2024-02-24 10:32:29.807 [info] > git config --get commit.template [1ms]
2024-02-24 10:32:29.812 [info] > git for-each-ref --format=%(refname)%00%(upstream:short)%00%(objectname)%00%(upstream:track)%00%(upstream:remotename)%00%(upstream:remoteref) refs/heads/v0.2 refs/remotes/v0.2 [1ms]
2024-02-24 10:32:29.819 [info] > git status -z -uall [2ms]
2024-02-24 10:32:34.833 [info] > git config --get commit.template [5ms]
2024-02-24 10:32:34.834 [info] > git for-each-ref --format=%(refname)%00%(upstream:short)%00%(objectname)%00%(upstream:track)%00%(upstream:remotename)%00%(upstream:remoteref) refs/heads/v0.2 refs/remotes/v0.2 [1ms]
2024-02-24 10:32:34.841 [info] > git status -z -uall [1ms]
2024-02-24 10:32:39.856 [info] > git config --get commit.template [6ms]
2024-02-24 10:32:39.856 [info] > git for-each-ref --format=%(refname)%00%(upstream:short)%00%(objectname)%00%(upstream:track)%00%(upstream:remotename)%00%(upstream:remoteref) refs/heads/v0.2 refs/remotes/v0.2 [1ms]
2024-02-24 10:32:39.862 [info] > git status -z -uall [1ms]
2024-02-24 10:32:44.871 [info] > git config --get commit.template [0ms]
2024-02-24 10:32:44.879 [info] > git for-each-ref --format=%(refname)%00%(upstream:short)%00%(objectname)%00%(upstream:track)%00%(upstream:remotename)%00%(upstream:remoteref) refs/heads/v0.2 refs/remotes/v0.2 [1ms]
2024-02-24 10:32:44.885 [info] > git status -z -uall [0ms]
2024-02-24 10:32:49.900 [info] > git config --get commit.template [7ms]
2024-02-24 10:32:49.900 [info] > git for-each-ref --format=%(refname)%00%(upstream:short)%00%(objectname)%00%(upstream:track)%00%(upstream:remotename)%00%(upstream:remoteref) refs/heads/v0.2 refs/remotes/v0.2 [1ms]
2024-02-24 10:32:49.907 [info] > git status -z -uall [1ms]
2024-02-24 10:32:54.920 [info] > git config --get commit.template [5ms]
2024-02-24 10:32:54.921 [info] > git for-each-ref --format=%(refname)%00%(upstream:short)%00%(objectname)%00%(upstream:track)%00%(upstream:remotename)%00%(upstream:remoteref) refs/heads/v0.2 refs/remotes/v0.2 [1ms]
2024-02-24 10:32:54.930 [info] > git status -z -uall [2ms]
2024-02-24 10:32:59.942 [info] > git config --get commit.template [1ms]
2024-02-24 10:32:59.949 [info] > git for-each-ref --format=%(refname)%00%(upstream:short)%00%(objectname)%00%(upstream:track)%00%(upstream:remotename)%00%(upstream:remoteref) refs/heads/v0.2 refs/remotes/v0.2 [1ms]
2024-02-24 10:32:59.957 [info] > git status -z -uall [1ms]
2024-02-24 10:33:04.972 [info] > git config --get commit.template [6ms]
2024-02-24 10:33:04.973 [info] > git for-each-ref --format=%(refname)%00%(upstream:short)%00%(objectname)%00%(upstream:track)%00%(upstream:remotename)%00%(upstream:remoteref) refs/heads/v0.2 refs/remotes/v0.2 [1ms]
2024-02-24 10:33:04.979 [info] > git status -z -uall [2ms]
2024-02-24 10:33:09.995 [info] > git config --get commit.template [7ms]
2024-02-24 10:33:09.996 [info] > git for-each-ref --format=%(refname)%00%(upstream:short)%00%(objectname)%00%(upstream:track)%00%(upstream:remotename)%00%(upstream:remoteref) refs/heads/v0.2 refs/remotes/v0.2 [1ms]
2024-02-24 10:33:10.004 [info] > git status -z -uall [1ms]
2024-02-24 10:33:15.016 [info] > git config --get commit.template [5ms]
2024-02-24 10:33:15.017 [info] > git for-each-ref --format=%(refname)%00%(upstream:short)%00%(objectname)%00%(upstream:track)%00%(upstream:remotename)%00%(upstream:remoteref) refs/heads/v0.2 refs/remotes/v0.2 [1ms]
2024-02-24 10:33:15.023 [info] > git status -z -uall [1ms]
2024-02-24 10:33:19.955 [info] > git merge-base refs/heads/v0.2 refs/remotes/origin/v0.2 [1ms]
2024-02-24 10:33:19.970 [info] > git rev-list --count --left-right refs/heads/v0.2...refs/remotes/origin/v0.2 [2ms]
2024-02-24 10:33:30.622 [info] > git add -A -- . [1ms]
2024-02-24 10:33:30.648 [info] > git -c user.useConfigOnly=true commit --quiet --allow-empty-message --file - [20ms]
2024-02-24 10:33:30.654 [info] > git config --get commit.template [1ms]
2024-02-24 10:33:30.663 [info] > git config --get commit.template [4ms]
2024-02-24 10:33:30.664 [info] > git for-each-ref --format=%(refname)%00%(upstream:short)%00%(objectname)%00%(upstream:track)%00%(upstream:remotename)%00%(upstream:remoteref) refs/heads/v0.2 refs/remotes/v0.2 [1ms]
2024-02-24 10:33:30.669 [info] > git status -z -uall [1ms]
2024-02-24 10:33:30.687 [info] > git merge-base refs/heads/v0.2 refs/remotes/origin/v0.2 [6ms]
2024-02-24 10:33:30.691 [info] > git config --get commit.template [4ms]
2024-02-24 10:33:30.695 [info] > git rev-list --count --left-right refs/heads/v0.2...refs/remotes/origin/v0.2 [5ms]
2024-02-24 10:33:30.696 [info] > git for-each-ref --format=%(refname)%00%(upstream:short)%00%(objectname)%00%(upstream:track)%00%(upstream:remotename)%00%(upstream:remoteref) refs/heads/v0.2 refs/remotes/v0.2 [1ms]
2024-02-24 10:33:30.703 [info] > git status -z -uall [1ms]
2024-02-24 10:33:31.788 [info] > git config --get commit.template [8ms]
2024-02-24 10:33:31.789 [info] > git for-each-ref --format=%(refname)%00%(upstream:short)%00%(objectname)%00%(upstream:track)%00%(upstream:remotename)%00%(upstream:remoteref) refs/heads/v0.2 refs/remotes/v0.2 [2ms]
2024-02-24 10:33:31.796 [info] > git status -z -uall [2ms]
2024-02-24 10:33:31.880 [info] > git ls-files --stage -- /home/mik3y/projects/repos/volt/src/lib.rs [1ms]
2024-02-24 10:33:31.886 [info] > git cat-file -s cd9519df92c67833a8f19452cba6ca936799a1d3 [1ms]
2024-02-24 10:33:31.893 [info] > git show --textconv :src/lib.rs [1ms]
2024-02-24 10:33:52.786 [info] > git fetch [605ms]
2024-02-24 10:33:52.801 [info] > git config --get commit.template [7ms]
2024-02-24 10:33:52.801 [info] > git for-each-ref --format=%(refname)%00%(upstream:short)%00%(objectname)%00%(upstream:track)%00%(upstream:remotename)%00%(upstream:remoteref) refs/heads/v0.2 refs/remotes/v0.2 [1ms]
2024-02-24 10:33:52.806 [info] > git status -z -uall [1ms]
2024-02-24 10:33:53.868 [info] > git config --get commit.template [1ms]
2024-02-24 10:33:53.876 [info] > git for-each-ref --format=%(refname)%00%(upstream:short)%00%(objectname)%00%(upstream:track)%00%(upstream:remotename)%00%(upstream:remoteref) refs/heads/v0.2 refs/remotes/v0.2 [1ms]
2024-02-24 10:33:53.884 [info] > git status -z -uall [1ms]
2024-02-24 10:33:53.966 [info] > git ls-files --stage -- /home/mik3y/projects/repos/volt/src/lib.rs [0ms]
2024-02-24 10:33:53.974 [info] > git cat-file -s cd9519df92c67833a8f19452cba6ca936799a1d3 [1ms]
2024-02-24 10:33:53.981 [info] > git show --textconv :src/lib.rs [1ms]
2024-02-24 10:33:55.918 [info] > git show --textconv :src/window.rs [6ms]
2024-02-24 10:33:55.918 [info] > git ls-files --stage -- /home/mik3y/projects/repos/volt/src/window.rs [1ms]
2024-02-24 10:33:56.189 [info] > git check-ignore -v -z --stdin [0ms]
2024-02-24 10:34:16.147 [info] > git config --get commit.template [1ms]
2024-02-24 10:34:16.153 [info] > git for-each-ref --format=%(refname)%00%(upstream:short)%00%(objectname)%00%(upstream:track)%00%(upstream:remotename)%00%(upstream:remoteref) refs/heads/v0.2 refs/remotes/v0.2 [0ms]
2024-02-24 10:34:16.159 [info] > git status -z -uall [1ms]
2024-02-24 10:34:21.565 [info] > git config --get commit.template [6ms]
2024-02-24 10:34:21.566 [info] > git for-each-ref --format=%(refname)%00%(upstream:short)%00%(objectname)%00%(upstream:track)%00%(upstream:remotename)%00%(upstream:remoteref) refs/heads/v0.2 refs/remotes/v0.2 [1ms]
2024-02-24 10:34:21.574 [info] > git status -z -uall [1ms]
2024-02-24 10:34:25.761 [info] > git show --textconv :src/lib.rs [6ms]
2024-02-24 10:34:25.762 [info] > git ls-files --stage -- /home/mik3y/projects/repos/volt/src/lib.rs [1ms]
2024-02-24 10:34:25.769 [info] > git cat-file -s cd9519df92c67833a8f19452cba6ca936799a1d3 [1ms]
2024-02-24 10:34:26.586 [info] > git config --get commit.template [1ms]
2024-02-24 10:34:26.592 [info] > git for-each-ref --format=%(refname)%00%(upstream:short)%00%(objectname)%00%(upstream:track)%00%(upstream:remotename)%00%(upstream:remoteref) refs/heads/v0.2 refs/remotes/v0.2 [1ms]
2024-02-24 10:34:26.598 [info] > git status -z -uall [0ms]
2024-02-24 10:34:34.421 [info] > git show --textconv :src/window.rs [8ms]
2024-02-24 10:34:34.421 [info] > git ls-files --stage -- /home/mik3y/projects/repos/volt/src/window.rs [0ms]
2024-02-24 10:34:34.839 [info] > git config --get commit.template [7ms]
2024-02-24 10:34:34.840 [info] > git for-each-ref --format=%(refname)%00%(upstream:short)%00%(objectname)%00%(upstream:track)%00%(upstream:remotename)%00%(upstream:remoteref) refs/heads/v0.2 refs/remotes/v0.2 [1ms]
2024-02-24 10:34:34.847 [info] > git status -z -uall [1ms]
2024-02-24 10:34:46.281 [info] > git config --get commit.template [5ms]
2024-02-24 10:34:46.281 [info] > git for-each-ref --format=%(refname)%00%(upstream:short)%00%(objectname)%00%(upstream:track)%00%(upstream:remotename)%00%(upstream:remoteref) refs/heads/v0.2 refs/remotes/v0.2 [1ms]
2024-02-24 10:34:46.287 [info] > git status -z -uall [2ms]
2024-02-24 10:35:02.463 [info] > git config --get commit.template [7ms]
2024-02-24 10:35:02.464 [info] > git for-each-ref --format=%(refname)%00%(upstream:short)%00%(objectname)%00%(upstream:track)%00%(upstream:remotename)%00%(upstream:remoteref) refs/heads/v0.2 refs/remotes/v0.2 [1ms]
2024-02-24 10:35:02.472 [info] > git status -z -uall [1ms]
2024-02-24 10:35:07.487 [info] > git config --get commit.template [7ms]
2024-02-24 10:35:07.488 [info] > git for-each-ref --format=%(refname)%00%(upstream:short)%00%(objectname)%00%(upstream:track)%00%(upstream:remotename)%00%(upstream:remoteref) refs/heads/v0.2 refs/remotes/v0.2 [2ms]
2024-02-24 10:35:07.495 [info] > git status -z -uall [1ms]
2024-02-24 10:35:28.471 [info] > git show --textconv :src/color.rs [5ms]
2024-02-24 10:35:28.472 [info] > git ls-files --stage -- /home/mik3y/projects/repos/volt/src/color.rs [2ms]
2024-02-24 10:35:28.756 [info] > git check-ignore -v -z --stdin [2ms]
2024-02-24 10:35:29.974 [info] > git config --get commit.template [5ms]
2024-02-24 10:35:29.974 [info] > git for-each-ref --format=%(refname)%00%(upstream:short)%00%(objectname)%00%(upstream:track)%00%(upstream:remotename)%00%(upstream:remoteref) refs/heads/v0.2 refs/remotes/v0.2 [1ms]
2024-02-24 10:35:29.981 [info] > git status -z -uall [1ms]
2024-02-24 10:35:34.999 [info] > git config --get commit.template [8ms]
2024-02-24 10:35:35.000 [info] > git for-each-ref --format=%(refname)%00%(upstream:short)%00%(objectname)%00%(upstream:track)%00%(upstream:remotename)%00%(upstream:remoteref) refs/heads/v0.2 refs/remotes/v0.2 [0ms]
2024-02-24 10:35:35.006 [info] > git status -z -uall [0ms]
2024-02-24 10:35:49.297 [info] > git show --textconv :src/lib.rs [5ms]
2024-02-24 10:35:49.298 [info] > git ls-files --stage -- /home/mik3y/projects/repos/volt/src/lib.rs [1ms]
2024-02-24 10:35:49.303 [info] > git cat-file -s cd9519df92c67833a8f19452cba6ca936799a1d3 [1ms]
2024-02-24 10:35:53.538 [info] > git show --textconv :src/color.rs [8ms]
2024-02-24 10:35:53.539 [info] > git ls-files --stage -- /home/mik3y/projects/repos/volt/src/color.rs [1ms]
2024-02-24 10:35:54.026 [info] > git config --get commit.template [8ms]
2024-02-24 10:35:54.026 [info] > git for-each-ref --format=%(refname)%00%(upstream:short)%00%(objectname)%00%(upstream:track)%00%(upstream:remotename)%00%(upstream:remoteref) refs/heads/v0.2 refs/remotes/v0.2 [1ms]
2024-02-24 10:35:54.034 [info] > git status -z -uall [2ms]
2024-02-24 10:35:59.052 [info] > git config --get commit.template [9ms]
2024-02-24 10:35:59.053 [info] > git for-each-ref --format=%(refname)%00%(upstream:short)%00%(objectname)%00%(upstream:track)%00%(upstream:remotename)%00%(upstream:remoteref) refs/heads/v0.2 refs/remotes/v0.2 [2ms]
2024-02-24 10:35:59.059 [info] > git status -z -uall [1ms]
2024-02-24 10:36:09.236 [info] > git config --get commit.template [7ms]
2024-02-24 10:36:09.237 [info] > git for-each-ref --format=%(refname)%00%(upstream:short)%00%(objectname)%00%(upstream:track)%00%(upstream:remotename)%00%(upstream:remoteref) refs/heads/v0.2 refs/remotes/v0.2 [2ms]
2024-02-24 10:36:09.244 [info] > git status -z -uall [1ms]
2024-02-24 10:36:20.662 [info] > git config --get commit.template [7ms]
2024-02-24 10:36:20.663 [info] > git for-each-ref --format=%(refname)%00%(upstream:short)%00%(objectname)%00%(upstream:track)%00%(upstream:remotename)%00%(upstream:remoteref) refs/heads/v0.2 refs/remotes/v0.2 [1ms]
2024-02-24 10:36:20.669 [info] > git status -z -uall [1ms]
2024-02-24 10:36:31.604 [info] > git config --get commit.template [8ms]
2024-02-24 10:36:31.605 [info] > git for-each-ref --format=%(refname)%00%(upstream:short)%00%(objectname)%00%(upstream:track)%00%(upstream:remotename)%00%(upstream:remoteref) refs/heads/v0.2 refs/remotes/v0.2 [1ms]
2024-02-24 10:36:31.612 [info] > git status -z -uall [1ms]
2024-02-24 10:36:39.613 [info] > git config --get commit.template [5ms]
2024-02-24 10:36:39.613 [info] > git for-each-ref --format=%(refname)%00%(upstream:short)%00%(objectname)%00%(upstream:track)%00%(upstream:remotename)%00%(upstream:remoteref) refs/heads/v0.2 refs/remotes/v0.2 [1ms]
2024-02-24 10:36:39.620 [info] > git status -z -uall [1ms]
2024-02-24 10:36:45.354 [info] > git config --get commit.template [7ms]
2024-02-24 10:36:45.355 [info] > git for-each-ref --format=%(refname)%00%(upstream:short)%00%(objectname)%00%(upstream:track)%00%(upstream:remotename)%00%(upstream:remoteref) refs/heads/v0.2 refs/remotes/v0.2 [1ms]
2024-02-24 10:36:45.364 [info] > git status -z -uall [2ms]
2024-02-24 10:36:51.128 [info] > git config --get commit.template [7ms]
2024-02-24 10:36:51.129 [info] > git for-each-ref --format=%(refname)%00%(upstream:short)%00%(objectname)%00%(upstream:track)%00%(upstream:remotename)%00%(upstream:remoteref) refs/heads/v0.2 refs/remotes/v0.2 [2ms]
2024-02-24 10:36:51.136 [info] > git status -z -uall [2ms]
2024-02-24 10:36:53.411 [info] > git fetch [596ms]
2024-02-24 10:36:53.425 [info] > git config --get commit.template [6ms]
2024-02-24 10:36:53.425 [info] > git for-each-ref --format=%(refname)%00%(upstream:short)%00%(objectname)%00%(upstream:track)%00%(upstream:remotename)%00%(upstream:remoteref) refs/heads/v0.2 refs/remotes/v0.2 [1ms]
2024-02-24 10:36:53.431 [info] > git status -z -uall [1ms]
2024-02-24 10:36:54.593 [info] > git ls-files --stage -- /home/mik3y/projects/repos/volt/src/color.rs [1ms]
2024-02-24 10:36:54.602 [info] > git show --textconv :src/color.rs [1ms]
2024-02-24 10:36:56.148 [info] > git config --get commit.template [6ms]
2024-02-24 10:36:56.149 [info] > git for-each-ref --format=%(refname)%00%(upstream:short)%00%(objectname)%00%(upstream:track)%00%(upstream:remotename)%00%(upstream:remoteref) refs/heads/v0.2 refs/remotes/v0.2 [1ms]
2024-02-24 10:36:56.157 [info] > git status -z -uall [2ms]
2024-02-24 10:37:01.172 [info] > git config --get commit.template [6ms]
2024-02-24 10:37:01.173 [info] > git for-each-ref --format=%(refname)%00%(upstream:short)%00%(objectname)%00%(upstream:track)%00%(upstream:remotename)%00%(upstream:remoteref) refs/heads/v0.2 refs/remotes/v0.2 [1ms]
2024-02-24 10:37:01.180 [info] > git status -z -uall [1ms]
2024-02-24 10:37:06.788 [info] > git rev-parse --show-toplevel [1ms]
2024-02-24 10:37:06.788 [info] fatal: not a git repository (or any of the parent directories): .git
2024-02-24 10:37:23.360 [info] > git show --textconv :src/color.rs [6ms]
2024-02-24 10:37:23.361 [info] > git ls-files --stage -- /home/mik3y/projects/repos/volt/src/color.rs [1ms]
2024-02-24 10:37:50.932 [info] > git config --get commit.template [6ms]
2024-02-24 10:37:50.932 [info] > git for-each-ref --format=%(refname)%00%(upstream:short)%00%(objectname)%00%(upstream:track)%00%(upstream:remotename)%00%(upstream:remoteref) refs/heads/v0.2 refs/remotes/v0.2 [1ms]
2024-02-24 10:37:50.940 [info] > git status -z -uall [1ms]
2024-02-24 10:37:55.954 [info] > git config --get commit.template [6ms]
2024-02-24 10:37:55.954 [info] > git for-each-ref --format=%(refname)%00%(upstream:short)%00%(objectname)%00%(upstream:track)%00%(upstream:remotename)%00%(upstream:remoteref) refs/heads/v0.2 refs/remotes/v0.2 [1ms]
2024-02-24 10:37:55.963 [info] > git status -z -uall [1ms]
2024-02-24 10:38:00.976 [info] > git config --get commit.template [5ms]
2024-02-24 10:38:00.976 [info] > git for-each-ref --format=%(refname)%00%(upstream:short)%00%(objectname)%00%(upstream:track)%00%(upstream:remotename)%00%(upstream:remoteref) refs/heads/v0.2 refs/remotes/v0.2 [1ms]
2024-02-24 10:38:00.982 [info] > git status -z -uall [1ms]
2024-02-24 10:38:06.000 [info] > git config --get commit.template [7ms]
2024-02-24 10:38:06.000 [info] > git for-each-ref --format=%(refname)%00%(upstream:short)%00%(objectname)%00%(upstream:track)%00%(upstream:remotename)%00%(upstream:remoteref) refs/heads/v0.2 refs/remotes/v0.2 [1ms]
2024-02-24 10:38:06.007 [info] > git status -z -uall [1ms]
2024-02-24 10:38:12.985 [info] > git config --get commit.template [6ms]
2024-02-24 10:38:12.986 [info] > git for-each-ref --format=%(refname)%00%(upstream:short)%00%(objectname)%00%(upstream:track)%00%(upstream:remotename)%00%(upstream:remoteref) refs/heads/v0.2 refs/remotes/v0.2 [2ms]
2024-02-24 10:38:12.993 [info] > git status -z -uall [1ms]
2024-02-24 10:38:18.009 [info] > git config --get commit.template [7ms]
2024-02-24 10:38:18.010 [info] > git for-each-ref --format=%(refname)%00%(upstream:short)%00%(objectname)%00%(upstream:track)%00%(upstream:remotename)%00%(upstream:remoteref) refs/heads/v0.2 refs/remotes/v0.2 [1ms]
2024-02-24 10:38:18.017 [info] > git status -z -uall [0ms]
2024-02-24 10:38:28.603 [info] > git config --get commit.template [6ms]
2024-02-24 10:38:28.603 [info] > git for-each-ref --format=%(refname)%00%(upstream:short)%00%(objectname)%00%(upstream:track)%00%(upstream:remotename)%00%(upstream:remoteref) refs/heads/v0.2 refs/remotes/v0.2 [0ms]
2024-02-24 10:38:28.611 [info] > git status -z -uall [1ms]
2024-02-24 10:38:38.460 [info] > git config --get commit.template [8ms]
2024-02-24 10:38:38.461 [info] > git for-each-ref --format=%(refname)%00%(upstream:short)%00%(objectname)%00%(upstream:track)%00%(upstream:remotename)%00%(upstream:remoteref) refs/heads/v0.2 refs/remotes/v0.2 [2ms]
2024-02-24 10:38:38.469 [info] > git status -z -uall [1ms]
2024-02-24 10:38:43.485 [info] > git config --get commit.template [7ms]
2024-02-24 10:38:43.485 [info] > git for-each-ref --format=%(refname)%00%(upstream:short)%00%(objectname)%00%(upstream:track)%00%(upstream:remotename)%00%(upstream:remoteref) refs/heads/v0.2 refs/remotes/v0.2 [0ms]
2024-02-24 10:38:43.492 [info] > git status -z -uall [1ms]
2024-02-24 10:38:50.689 [info] > git show --textconv :src/window.rs [6ms]
2024-02-24 10:38:50.689 [info] > git ls-files --stage -- /home/mik3y/projects/repos/volt/src/window.rs [1ms]
2024-02-24 10:39:01.243 [info] > git config --get commit.template [7ms]
2024-02-24 10:39:01.244 [info] > git for-each-ref --format=%(refname)%00%(upstream:short)%00%(objectname)%00%(upstream:track)%00%(upstream:remotename)%00%(upstream:remoteref) refs/heads/v0.2 refs/remotes/v0.2 [1ms]
2024-02-24 10:39:01.251 [info] > git status -z -uall [2ms]
2024-02-24 10:39:09.581 [info] > git show --textconv :src/color.rs [5ms]
2024-02-24 10:39:09.582 [info] > git ls-files --stage -- /home/mik3y/projects/repos/volt/src/color.rs [1ms]
2024-02-24 10:39:19.168 [info] > git config --get commit.template [1ms]
2024-02-24 10:39:19.176 [info] > git for-each-ref --format=%(refname)%00%(upstream:short)%00%(objectname)%00%(upstream:track)%00%(upstream:remotename)%00%(upstream:remoteref) refs/heads/v0.2 refs/remotes/v0.2 [1ms]
2024-02-24 10:39:19.181 [info] > git status -z -uall [1ms]
2024-02-24 10:39:24.197 [info] > git config --get commit.template [6ms]
2024-02-24 10:39:24.197 [info] > git for-each-ref --format=%(refname)%00%(upstream:short)%00%(objectname)%00%(upstream:track)%00%(upstream:remotename)%00%(upstream:remoteref) refs/heads/v0.2 refs/remotes/v0.2 [0ms]
2024-02-24 10:39:24.205 [info] > git status -z -uall [2ms]
2024-02-24 10:39:29.752 [info] > git config --get commit.template [8ms]
2024-02-24 10:39:29.752 [info] > git for-each-ref --format=%(refname)%00%(upstream:short)%00%(objectname)%00%(upstream:track)%00%(upstream:remotename)%00%(upstream:remoteref) refs/heads/v0.2 refs/remotes/v0.2 [1ms]
2024-02-24 10:39:29.760 [info] > git status -z -uall [1ms]
2024-02-24 10:39:34.777 [info] > git config --get commit.template [7ms]
2024-02-24 10:39:34.777 [info] > git for-each-ref --format=%(refname)%00%(upstream:short)%00%(objectname)%00%(upstream:track)%00%(upstream:remotename)%00%(upstream:remoteref) refs/heads/v0.2 refs/remotes/v0.2 [0ms]
2024-02-24 10:39:34.785 [info] > git status -z -uall [1ms]
2024-02-24 10:39:39.799 [info] > git config --get commit.template [5ms]
2024-02-24 10:39:39.800 [info] > git for-each-ref --format=%(refname)%00%(upstream:short)%00%(objectname)%00%(upstream:track)%00%(upstream:remotename)%00%(upstream:remoteref) refs/heads/v0.2 refs/remotes/v0.2 [1ms]
2024-02-24 10:39:39.806 [info] > git status -z -uall [1ms]
2024-02-24 10:39:54.048 [info] > git fetch [603ms]
2024-02-24 10:39:54.059 [info] > git config --get commit.template [5ms]
2024-02-24 10:39:54.060 [info] > git for-each-ref --format=%(refname)%00%(upstream:short)%00%(objectname)%00%(upstream:track)%00%(upstream:remotename)%00%(upstream:remoteref) refs/heads/v0.2 refs/remotes/v0.2 [1ms]
2024-02-24 10:39:54.064 [info] > git status -z -uall [0ms]
2024-02-24 10:39:55.136 [info] > git config --get commit.template [8ms]
2024-02-24 10:39:55.136 [info] > git for-each-ref --format=%(refname)%00%(upstream:short)%00%(objectname)%00%(upstream:track)%00%(upstream:remotename)%00%(upstream:remoteref) refs/heads/v0.2 refs/remotes/v0.2 [1ms]
2024-02-24 10:39:55.143 [info] > git status -z -uall [1ms]
2024-02-24 10:39:55.230 [info] > git ls-files --stage -- /home/mik3y/projects/repos/volt/src/color.rs [1ms]
2024-02-24 10:39:55.237 [info] > git show --textconv :src/color.rs [1ms]
2024-02-24 10:40:00.159 [info] > git add -A -- . [2ms]
2024-02-24 10:40:00.168 [info] > git -c user.useConfigOnly=true commit --quiet --allow-empty-message --file - [4ms]
2024-02-24 10:40:00.175 [info] > git config --get commit.template [1ms]
2024-02-24 10:40:00.184 [info] > git config --get commit.template [4ms]
2024-02-24 10:40:00.185 [info] > git for-each-ref --format=%(refname)%00%(upstream:short)%00%(objectname)%00%(upstream:track)%00%(upstream:remotename)%00%(upstream:remoteref) refs/heads/v0.2 refs/remotes/v0.2 [1ms]
2024-02-24 10:40:00.190 [info] > git status -z -uall [1ms]
2024-02-24 10:40:00.208 [info] > git merge-base refs/heads/v0.2 refs/remotes/origin/v0.2 [7ms]
2024-02-24 10:40:00.212 [info] > git config --get commit.template [4ms]
2024-02-24 10:40:00.213 [info] > git rev-list --count --left-right refs/heads/v0.2...refs/remotes/origin/v0.2 [1ms]
2024-02-24 10:40:00.218 [info] > git for-each-ref --format=%(refname)%00%(upstream:short)%00%(objectname)%00%(upstream:track)%00%(upstream:remotename)%00%(upstream:remoteref) refs/heads/v0.2 refs/remotes/v0.2 [1ms]
2024-02-24 10:40:00.223 [info] > git status -z -uall [1ms]
2024-02-24 10:40:01.264 [info] > git config --get commit.template [5ms]
2024-02-24 10:40:01.273 [info] > git for-each-ref --format=%(refname)%00%(upstream:short)%00%(objectname)%00%(upstream:track)%00%(upstream:remotename)%00%(upstream:remoteref) refs/heads/v0.2 refs/remotes/v0.2 [1ms]
2024-02-24 10:40:01.291 [info] > git status -z -uall [2ms]
2024-02-24 10:40:01.353 [info] > git ls-files --stage -- /home/mik3y/projects/repos/volt/src/color.rs [1ms]
2024-02-24 10:40:01.357 [info] > git cat-file -s 4c1a405bb11b019fcc5eac12e9278677a923a1b3 [1ms]
2024-02-24 10:40:01.363 [info] > git show --textconv :src/color.rs [1ms]
2024-02-24 10:40:03.383 [info] > git show --textconv :examples/hello_world.rs [7ms]
2024-02-24 10:40:03.384 [info] > git ls-files --stage -- /home/mik3y/projects/repos/volt/examples/hello_world.rs [1ms]
2024-02-24 10:40:03.390 [info] > git cat-file -s 03b27baacc992dc31ced4f3cdf7c33fc7f5d6beb [1ms]
2024-02-24 10:40:06.726 [info] > git show --textconv :src/color.rs [6ms]
2024-02-24 10:40:06.727 [info] > git ls-files --stage -- /home/mik3y/projects/repos/volt/src/color.rs [1ms]
2024-02-24 10:40:06.732 [info] > git cat-file -s 4c1a405bb11b019fcc5eac12e9278677a923a1b3 [0ms]
2024-02-24 10:40:08.024 [info] > git show --textconv :examples/hello_world.rs [7ms]
2024-02-24 10:40:08.024 [info] > git ls-files --stage -- /home/mik3y/projects/repos/volt/examples/hello_world.rs [1ms]
2024-02-24 10:40:08.030 [info] > git cat-file -s 03b27baacc992dc31ced4f3cdf7c33fc7f5d6beb [1ms]
2024-02-24 10:40:08.627 [info] > git show --textconv :src/window.rs [7ms]
2024-02-24 10:40:08.627 [info] > git ls-files --stage -- /home/mik3y/projects/repos/volt/src/window.rs [1ms]
2024-02-24 10:40:08.633 [info] > git cat-file -s 7f27e70cbfd3806d9cd03630de30979c1c78014c [1ms]
2024-02-24 10:44:00.384 [info] > git fetch [576ms]
2024-02-24 10:44:00.397 [info] > git config --get commit.template [7ms]
2024-02-24 10:44:00.398 [info] > git for-each-ref --format=%(refname)%00%(upstream:short)%00%(objectname)%00%(upstream:track)%00%(upstream:remotename)%00%(upstream:remoteref) refs/heads/v0.2 refs/remotes/v0.2 [2ms]
2024-02-24 10:44:00.403 [info] > git status -z -uall [1ms]
2024-02-24 10:44:00.891 [info] > git show --textconv :src/lib.rs [8ms]
2024-02-24 10:44:00.892 [info] > git ls-files --stage -- /home/mik3y/projects/repos/volt/src/lib.rs [1ms]
2024-02-24 10:44:00.899 [info] > git cat-file -s 14f24f3e7aa5bd60317dba1f042f0fad3274f25e [1ms]
2024-02-24 10:44:01.472 [info] > git config --get commit.template [7ms]
2024-02-24 10:44:01.473 [info] > git for-each-ref --format=%(refname)%00%(upstream:short)%00%(objectname)%00%(upstream:track)%00%(upstream:remotename)%00%(upstream:remoteref) refs/heads/v0.2 refs/remotes/v0.2 [1ms]
2024-02-24 10:44:01.479 [info] > git status -z -uall [1ms]
2024-02-24 10:44:01.564 [info] > git ls-files --stage -- /home/mik3y/projects/repos/volt/src/lib.rs [1ms]
2024-02-24 10:44:01.571 [info] > git cat-file -s 14f24f3e7aa5bd60317dba1f042f0fad3274f25e [1ms]
2024-02-24 10:44:01.580 [info] > git show --textconv :src/lib.rs [1ms]
2024-02-24 10:44:09.917 [info] > git show --textconv :src/window.rs [7ms]
2024-02-24 10:44:09.917 [info] > git ls-files --stage -- /home/mik3y/projects/repos/volt/src/window.rs [1ms]
2024-02-24 10:44:09.923 [info] > git cat-file -s 7f27e70cbfd3806d9cd03630de30979c1c78014c [1ms]
2024-02-24 10:44:33.925 [info] > git config --get commit.template [6ms]
2024-02-24 10:44:33.926 [info] > git for-each-ref --format=%(refname)%00%(upstream:short)%00%(objectname)%00%(upstream:track)%00%(upstream:remotename)%00%(upstream:remoteref) refs/heads/v0.2 refs/remotes/v0.2 [1ms]
2024-02-24 10:44:33.932 [info] > git status -z -uall [1ms]
2024-02-24 10:44:39.898 [info] > git config --get commit.template [1ms]
2024-02-24 10:44:39.906 [info] > git for-each-ref --format=%(refname)%00%(upstream:short)%00%(objectname)%00%(upstream:track)%00%(upstream:remotename)%00%(upstream:remoteref) refs/heads/v0.2 refs/remotes/v0.2 [1ms]
2024-02-24 10:44:39.915 [info] > git status -z -uall [1ms]
2024-02-24 10:44:46.184 [info] > git config --get commit.template [5ms]
2024-02-24 10:44:46.185 [info] > git for-each-ref --format=%(refname)%00%(upstream:short)%00%(objectname)%00%(upstream:track)%00%(upstream:remotename)%00%(upstream:remoteref) refs/heads/v0.2 refs/remotes/v0.2 [1ms]
2024-02-24 10:44:46.193 [info] > git status -z -uall [1ms]
2024-02-24 10:45:31.321 [info] > git config --get commit.template [1ms]
2024-02-24 10:45:31.328 [info] > git for-each-ref --format=%(refname)%00%(upstream:short)%00%(objectname)%00%(upstream:track)%00%(upstream:remotename)%00%(upstream:remoteref) refs/heads/v0.2 refs/remotes/v0.2 [1ms]
2024-02-24 10:45:31.334 [info] > git status -z -uall [1ms]
2024-02-24 10:45:32.129 [info] > git show --textconv :src/lib.rs [7ms]
2024-02-24 10:45:32.129 [info] > git ls-files --stage -- /home/mik3y/projects/repos/volt/src/lib.rs [1ms]
2024-02-24 10:45:32.138 [info] > git cat-file -s 14f24f3e7aa5bd60317dba1f042f0fad3274f25e [0ms]
2024-02-24 10:45:35.472 [info] > git show --textconv :src/window.rs [5ms]
2024-02-24 10:45:35.473 [info] > git ls-files --stage -- /home/mik3y/projects/repos/volt/src/window.rs [1ms]
2024-02-24 10:45:35.477 [info] > git cat-file -s 7f27e70cbfd3806d9cd03630de30979c1c78014c [1ms]
2024-02-24 10:45:37.978 [info] > git show --textconv :src/lib.rs [7ms]
2024-02-24 10:45:37.979 [info] > git ls-files --stage -- /home/mik3y/projects/repos/volt/src/lib.rs [1ms]
2024-02-24 10:45:37.985 [info] > git cat-file -s 14f24f3e7aa5bd60317dba1f042f0fad3274f25e [1ms]
2024-02-24 10:45:49.331 [info] > git show --textconv :src/window.rs [7ms]
2024-02-24 10:45:49.332 [info] > git ls-files --stage -- /home/mik3y/projects/repos/volt/src/window.rs [1ms]
2024-02-24 10:45:49.338 [info] > git cat-file -s 7f27e70cbfd3806d9cd03630de30979c1c78014c [1ms]
2024-02-24 10:46:10.803 [info] > git config --get commit.template [8ms]
2024-02-24 10:46:10.803 [info] > git for-each-ref --format=%(refname)%00%(upstream:short)%00%(objectname)%00%(upstream:track)%00%(upstream:remotename)%00%(upstream:remoteref) refs/heads/v0.2 refs/remotes/v0.2 [0ms]
2024-02-24 10:46:10.811 [info] > git status -z -uall [1ms]
2024-02-24 10:46:15.829 [info] > git config --get commit.template [7ms]
2024-02-24 10:46:15.830 [info] > git for-each-ref --format=%(refname)%00%(upstream:short)%00%(objectname)%00%(upstream:track)%00%(upstream:remotename)%00%(upstream:remoteref) refs/heads/v0.2 refs/remotes/v0.2 [1ms]
2024-02-24 10:46:15.838 [info] > git status -z -uall [1ms]
2024-02-24 10:46:20.869 [info] > git for-each-ref --format=%(refname)%00%(upstream:short)%00%(objectname)%00%(upstream:track)%00%(upstream:remotename)%00%(upstream:remoteref) refs/heads/v0.2 refs/remotes/v0.2 [1ms]
2024-02-24 10:46:20.869 [info] > git config --get commit.template [9ms]
2024-02-24 10:46:20.877 [info] > git status -z -uall [1ms]
2024-02-24 10:46:25.891 [info] > git config --get commit.template [1ms]
2024-02-24 10:46:25.899 [info] > git for-each-ref --format=%(refname)%00%(upstream:short)%00%(objectname)%00%(upstream:track)%00%(upstream:remotename)%00%(upstream:remoteref) refs/heads/v0.2 refs/remotes/v0.2 [2ms]
2024-02-24 10:46:25.910 [info] > git status -z -uall [1ms]
2024-02-24 10:46:30.925 [info] > git config --get commit.template [7ms]
2024-02-24 10:46:30.925 [info] > git for-each-ref --format=%(refname)%00%(upstream:short)%00%(objectname)%00%(upstream:track)%00%(upstream:remotename)%00%(upstream:remoteref) refs/heads/v0.2 refs/remotes/v0.2 [1ms]
2024-02-24 10:46:30.933 [info] > git status -z -uall [1ms]
2024-02-24 10:46:35.947 [info] > git config --get commit.template [6ms]
2024-02-24 10:46:35.947 [info] > git for-each-ref --format=%(refname)%00%(upstream:short)%00%(objectname)%00%(upstream:track)%00%(upstream:remotename)%00%(upstream:remoteref) refs/heads/v0.2 refs/remotes/v0.2 [1ms]
2024-02-24 10:46:35.956 [info] > git status -z -uall [1ms]
2024-02-24 10:46:44.140 [info] > git config --get commit.template [5ms]
2024-02-24 10:46:44.141 [info] > git for-each-ref --format=%(refname)%00%(upstream:short)%00%(objectname)%00%(upstream:track)%00%(upstream:remotename)%00%(upstream:remoteref) refs/heads/v0.2 refs/remotes/v0.2 [1ms]
2024-02-24 10:46:44.147 [info] > git status -z -uall [1ms]
2024-02-24 10:46:49.162 [info] > git config --get commit.template [6ms]
2024-02-24 10:46:49.163 [info] > git for-each-ref --format=%(refname)%00%(upstream:short)%00%(objectname)%00%(upstream:track)%00%(upstream:remotename)%00%(upstream:remoteref) refs/heads/v0.2 refs/remotes/v0.2 [1ms]
2024-02-24 10:46:49.170 [info] > git status -z -uall [1ms]
2024-02-24 10:46:54.187 [info] > git config --get commit.template [7ms]
2024-02-24 10:46:54.187 [info] > git for-each-ref --format=%(refname)%00%(upstream:short)%00%(objectname)%00%(upstream:track)%00%(upstream:remotename)%00%(upstream:remoteref) refs/heads/v0.2 refs/remotes/v0.2 [1ms]
2024-02-24 10:46:54.195 [info] > git status -z -uall [1ms]
2024-02-24 10:46:59.211 [info] > git config --get commit.template [7ms]
2024-02-24 10:46:59.212 [info] > git for-each-ref --format=%(refname)%00%(upstream:short)%00%(objectname)%00%(upstream:track)%00%(upstream:remotename)%00%(upstream:remoteref) refs/heads/v0.2 refs/remotes/v0.2 [1ms]
2024-02-24 10:46:59.219 [info] > git status -z -uall [1ms]
2024-02-24 10:47:01.013 [info] > git fetch [597ms]
2024-02-24 10:47:01.023 [info] > git config --get commit.template [5ms]
2024-02-24 10:47:01.023 [info] > git for-each-ref --format=%(refname)%00%(upstream:short)%00%(objectname)%00%(upstream:track)%00%(upstream:remotename)%00%(upstream:remoteref) refs/heads/v0.2 refs/remotes/v0.2 [1ms]
2024-02-24 10:47:01.029 [info] > git status -z -uall [1ms]
2024-02-24 10:47:02.193 [info] > git ls-files --stage -- /home/mik3y/projects/repos/volt/src/window.rs [1ms]
2024-02-24 10:47:02.199 [info] > git cat-file -s 7f27e70cbfd3806d9cd03630de30979c1c78014c [1ms]
2024-02-24 10:47:02.206 [info] > git show --textconv :src/window.rs [0ms]
2024-02-24 10:47:04.227 [info] > git config --get commit.template [1ms]
2024-02-24 10:47:04.236 [info] > git for-each-ref --format=%(refname)%00%(upstream:short)%00%(objectname)%00%(upstream:track)%00%(upstream:remotename)%00%(upstream:remoteref) refs/heads/v0.2 refs/remotes/v0.2 [1ms]
2024-02-24 10:47:04.243 [info] > git status -z -uall [1ms]
2024-02-24 10:47:09.335 [info] > git config --get commit.template [0ms]
2024-02-24 10:47:09.344 [info] > git for-each-ref --format=%(refname)%00%(upstream:short)%00%(objectname)%00%(upstream:track)%00%(upstream:remotename)%00%(upstream:remoteref) refs/heads/v0.2 refs/remotes/v0.2 [1ms]
2024-02-24 10:47:09.350 [info] > git status -z -uall [1ms]
2024-02-24 10:47:14.367 [info] > git config --get commit.template [6ms]
2024-02-24 10:47:14.367 [info] > git for-each-ref --format=%(refname)%00%(upstream:short)%00%(objectname)%00%(upstream:track)%00%(upstream:remotename)%00%(upstream:remoteref) refs/heads/v0.2 refs/remotes/v0.2 [1ms]
2024-02-24 10:47:14.376 [info] > git status -z -uall [1ms]
2024-02-24 10:47:19.387 [info] > git config --get commit.template [1ms]
2024-02-24 10:47:19.410 [info] > git for-each-ref --format=%(refname)%00%(upstream:short)%00%(objectname)%00%(upstream:track)%00%(upstream:remotename)%00%(upstream:remoteref) refs/heads/v0.2 refs/remotes/v0.2 [14ms]
2024-02-24 10:47:19.442 [info] > git status -z -uall [1ms]
2024-02-24 10:47:26.385 [info] > git config --get commit.template [6ms]
2024-02-24 10:47:26.386 [info] > git for-each-ref --format=%(refname)%00%(upstream:short)%00%(objectname)%00%(upstream:track)%00%(upstream:remotename)%00%(upstream:remoteref) refs/heads/v0.2 refs/remotes/v0.2 [1ms]
2024-02-24 10:47:26.392 [info] > git status -z -uall [1ms]
2024-02-24 10:47:31.403 [info] > git config --get commit.template [1ms]
2024-02-24 10:47:31.416 [info] > git for-each-ref --format=%(refname)%00%(upstream:short)%00%(objectname)%00%(upstream:track)%00%(upstream:remotename)%00%(upstream:remoteref) refs/heads/v0.2 refs/remotes/v0.2 [7ms]
2024-02-24 10:47:31.424 [info] > git status -z -uall [1ms]
2024-02-24 10:47:36.442 [info] > git config --get commit.template [9ms]
2024-02-24 10:47:36.442 [info] > git for-each-ref --format=%(refname)%00%(upstream:short)%00%(objectname)%00%(upstream:track)%00%(upstream:remotename)%00%(upstream:remoteref) refs/heads/v0.2 refs/remotes/v0.2 [1ms]
2024-02-24 10:47:36.451 [info] > git status -z -uall [2ms]
2024-02-24 10:47:50.890 [info] > git config --get commit.template [8ms]
2024-02-24 10:47:50.891 [info] > git for-each-ref --format=%(refname)%00%(upstream:short)%00%(objectname)%00%(upstream:track)%00%(upstream:remotename)%00%(upstream:remoteref) refs/heads/v0.2 refs/remotes/v0.2 [2ms]
2024-02-24 10:47:50.897 [info] > git status -z -uall [1ms]
2024-02-24 10:47:58.419 [info] > git config --get commit.template [1ms]
2024-02-24 10:47:58.427 [info] > git for-each-ref --format=%(refname)%00%(upstream:short)%00%(objectname)%00%(upstream:track)%00%(upstream:remotename)%00%(upstream:remoteref) refs/heads/v0.2 refs/remotes/v0.2 [1ms]
2024-02-24 10:47:58.435 [info] > git status -z -uall [1ms]
2024-02-24 10:48:03.444 [info] > git config --get commit.template [0ms]
2024-02-24 10:48:03.452 [info] > git for-each-ref --format=%(refname)%00%(upstream:short)%00%(objectname)%00%(upstream:track)%00%(upstream:remotename)%00%(upstream:remoteref) refs/heads/v0.2 refs/remotes/v0.2 [1ms]
2024-02-24 10:48:03.460 [info] > git status -z -uall [1ms]
2024-02-24 10:48:08.478 [info] > git config --get commit.template [6ms]
2024-02-24 10:48:08.479 [info] > git for-each-ref --format=%(refname)%00%(upstream:short)%00%(objectname)%00%(upstream:track)%00%(upstream:remotename)%00%(upstream:remoteref) refs/heads/v0.2 refs/remotes/v0.2 [1ms]
2024-02-24 10:48:08.487 [info] > git status -z -uall [1ms]
2024-02-24 10:48:20.296 [info] > git add -A -- . [1ms]
2024-02-24 10:48:20.314 [info] > git -c user.useConfigOnly=true commit --quiet --allow-empty-message --file - [3ms]
2024-02-24 10:48:20.320 [info] > git config --get commit.template [1ms]
2024-02-24 10:48:20.332 [info] > git config --get commit.template [6ms]
2024-02-24 10:48:20.333 [info] > git for-each-ref --format=%(refname)%00%(upstream:short)%00%(objectname)%00%(upstream:track)%00%(upstream:remotename)%00%(upstream:remoteref) refs/heads/v0.2 refs/remotes/v0.2 [1ms]
2024-02-24 10:48:20.340 [info] > git status -z -uall [1ms]
2024-02-24 10:48:20.352 [info] > git merge-base refs/heads/v0.2 refs/remotes/origin/v0.2 [1ms]
2024-02-24 10:48:20.364 [info] > git rev-list --count --left-right refs/heads/v0.2...refs/remotes/origin/v0.2 [7ms]
2024-02-24 10:48:20.365 [info] > git config --get commit.template [1ms]
2024-02-24 10:48:20.371 [info] > git for-each-ref --format=%(refname)%00%(upstream:short)%00%(objectname)%00%(upstream:track)%00%(upstream:remotename)%00%(upstream:remoteref) refs/heads/v0.2 refs/remotes/v0.2 [1ms]
2024-02-24 10:48:20.378 [info] > git status -z -uall [2ms]
2024-02-24 11:05:50.605 [info] > git config --get commit.template [7ms]
2024-02-24 11:05:50.611 [info] > git ls-files --stage -- /home/mik3y/projects/repos/volt/src/window.rs [6ms]
2024-02-24 11:05:50.617 [info] > git for-each-ref --format=%(refname)%00%(upstream:short)%00%(objectname)%00%(upstream:track)%00%(upstream:remotename)%00%(upstream:remoteref) refs/heads/v0.2 refs/remotes/v0.2 [6ms]
2024-02-24 11:05:50.623 [info] > git cat-file -s 20b2a31d66f438b4f9395cddd084b6a1275f9777 [6ms]
2024-02-24 11:05:50.624 [info] > git status -z -uall [1ms]
2024-02-24 11:05:50.631 [info] > git show --textconv :src/window.rs [1ms]
2024-02-24 11:05:51.185 [info] > git fetch [592ms]
2024-02-24 11:05:51.192 [info] > git config --get commit.template [0ms]
2024-02-24 11:05:51.199 [info] > git for-each-ref --format=%(refname)%00%(upstream:short)%00%(objectname)%00%(upstream:track)%00%(upstream:remotename)%00%(upstream:remoteref) refs/heads/v0.2 refs/remotes/v0.2 [1ms]
2024-02-24 11:05:51.207 [info] > git status -z -uall [1ms]
2024-02-24 11:05:52.365 [info] > git ls-files --stage -- /home/mik3y/projects/repos/volt/src/window.rs [1ms]
2024-02-24 11:05:52.373 [info] > git cat-file -s 20b2a31d66f438b4f9395cddd084b6a1275f9777 [1ms]
2024-02-24 11:05:52.382 [info] > git show --textconv :src/window.rs [2ms]
2024-02-24 11:05:55.544 [info] > git show --textconv :src/lib.rs [7ms]
2024-02-24 11:05:55.545 [info] > git ls-files --stage -- /home/mik3y/projects/repos/volt/src/lib.rs [1ms]
2024-02-24 11:05:55.551 [info] > git cat-file -s 14f24f3e7aa5bd60317dba1f042f0fad3274f25e [1ms]
2024-02-24 11:05:55.638 [info] > git for-each-ref --format=%(refname)%00%(upstream:short)%00%(objectname)%00%(upstream:track)%00%(upstream:remotename)%00%(upstream:remoteref) refs/heads/v0.2 refs/remotes/v0.2 [1ms]
2024-02-24 11:05:55.638 [info] > git config --get commit.template [7ms]
2024-02-24 11:05:55.646 [info] > git status -z -uall [1ms]
2024-02-24 11:06:11.672 [info] > git config --get commit.template [7ms]
2024-02-24 11:06:11.673 [info] > git for-each-ref --format=%(refname)%00%(upstream:short)%00%(objectname)%00%(upstream:track)%00%(upstream:remotename)%00%(upstream:remoteref) refs/heads/v0.2 refs/remotes/v0.2 [1ms]
2024-02-24 11:06:11.679 [info] > git status -z -uall [1ms]
2024-02-24 11:06:23.642 [info] > git config --get commit.template [10ms]
2024-02-24 11:06:23.643 [info] > git for-each-ref --format=%(refname)%00%(upstream:short)%00%(objectname)%00%(upstream:track)%00%(upstream:remotename)%00%(upstream:remoteref) refs/heads/v0.2 refs/remotes/v0.2 [1ms]
2024-02-24 11:06:23.652 [info] > git status -z -uall [1ms]
2024-02-24 11:06:28.671 [info] > git config --get commit.template [9ms]
2024-02-24 11:06:28.672 [info] > git for-each-ref --format=%(refname)%00%(upstream:short)%00%(objectname)%00%(upstream:track)%00%(upstream:remotename)%00%(upstream:remoteref) refs/heads/v0.2 refs/remotes/v0.2 [1ms]
2024-02-24 11:06:28.680 [info] > git status -z -uall [1ms]
2024-02-24 11:06:33.690 [info] > git config --get commit.template [1ms]
2024-02-24 11:06:33.697 [info] > git for-each-ref --format=%(refname)%00%(upstream:short)%00%(objectname)%00%(upstream:track)%00%(upstream:remotename)%00%(upstream:remoteref) refs/heads/v0.2 refs/remotes/v0.2 [1ms]
2024-02-24 11:06:33.705 [info] > git status -z -uall [2ms]
2024-02-24 11:06:38.720 [info] > git config --get commit.template [6ms]
2024-02-24 11:06:38.721 [info] > git for-each-ref --format=%(refname)%00%(upstream:short)%00%(objectname)%00%(upstream:track)%00%(upstream:remotename)%00%(upstream:remoteref) refs/heads/v0.2 refs/remotes/v0.2 [1ms]
2024-02-24 11:06:38.731 [info] > git status -z -uall [2ms]
2024-02-24 11:06:52.182 [info] > git add -A -- . [1ms]
2024-02-24 11:06:52.190 [info] > git -c user.useConfigOnly=true commit --quiet --allow-empty-message --file - [2ms]
2024-02-24 11:06:52.195 [info] > git config --get commit.template [1ms]
2024-02-24 11:06:52.202 [info] > git config --get commit.template [2ms]
2024-02-24 11:06:52.209 [info] > git for-each-ref --format=%(refname)%00%(upstream:short)%00%(objectname)%00%(upstream:track)%00%(upstream:remotename)%00%(upstream:remoteref) refs/heads/v0.2 refs/remotes/v0.2 [1ms]
2024-02-24 11:06:52.216 [info] > git status -z -uall [1ms]
2024-02-24 11:06:52.239 [info] > git merge-base refs/heads/v0.2 refs/remotes/origin/v0.2 [1ms]
2024-02-24 11:06:52.249 [info] > git rev-list --count --left-right refs/heads/v0.2...refs/remotes/origin/v0.2 [6ms]
2024-02-24 11:06:52.250 [info] > git config --get commit.template [1ms]
2024-02-24 11:06:52.255 [info] > git for-each-ref --format=%(refname)%00%(upstream:short)%00%(objectname)%00%(upstream:track)%00%(upstream:remotename)%00%(upstream:remoteref) refs/heads/v0.2 refs/remotes/v0.2 [1ms]
2024-02-24 11:06:52.260 [info] > git status -z -uall [1ms]
2024-02-24 11:50:33.530 [info] > git config --get commit.template [0ms]
2024-02-24 11:50:33.543 [info] > git ls-files --stage -- /home/mik3y/projects/repos/volt/src/lib.rs [6ms]
2024-02-24 11:50:33.550 [info] > git for-each-ref --format=%(refname)%00%(upstream:short)%00%(objectname)%00%(upstream:track)%00%(upstream:remotename)%00%(upstream:remoteref) refs/heads/v0.2 refs/remotes/v0.2 [7ms]
2024-02-24 11:50:33.555 [info] > git cat-file -s 91c9ba7e4f4c9d86f6425e4f36a26e676127dff0 [5ms]
2024-02-24 11:50:33.555 [info] > git status -z -uall [1ms]
2024-02-24 11:50:33.562 [info] > git show --textconv :src/lib.rs [1ms]
2024-02-24 11:50:34.114 [info] > git fetch [591ms]
2024-02-24 11:50:34.128 [info] > git config --get commit.template [6ms]
2024-02-24 11:50:34.128 [info] > git for-each-ref --format=%(refname)%00%(upstream:short)%00%(objectname)%00%(upstream:track)%00%(upstream:remotename)%00%(upstream:remoteref) refs/heads/v0.2 refs/remotes/v0.2 [1ms]
2024-02-24 11:50:34.135 [info] > git status -z -uall [1ms]
2024-02-24 11:50:35.295 [info] > git ls-files --stage -- /home/mik3y/projects/repos/volt/src/lib.rs [1ms]
2024-02-24 11:50:35.301 [info] > git cat-file -s 91c9ba7e4f4c9d86f6425e4f36a26e676127dff0 [1ms]
2024-02-24 11:50:35.308 [info] > git show --textconv :src/lib.rs [1ms]
2024-02-24 11:59:04.897 [info] > git config --get commit.template [1ms]
2024-02-24 11:59:04.905 [info] > git for-each-ref --format=%(refname)%00%(upstream:short)%00%(objectname)%00%(upstream:track)%00%(upstream:remotename)%00%(upstream:remoteref) refs/heads/v0.2 refs/remotes/v0.2 [1ms]
2024-02-24 11:59:04.912 [info] > git status -z -uall [1ms]
2024-02-24 11:59:05.459 [info] > git fetch [572ms]
2024-02-24 11:59:05.468 [info] > git config --get commit.template [5ms]
2024-02-24 11:59:05.469 [info] > git for-each-ref --format=%(refname)%00%(upstream:short)%00%(objectname)%00%(upstream:track)%00%(upstream:remotename)%00%(upstream:remoteref) refs/heads/v0.2 refs/remotes/v0.2 [1ms]
2024-02-24 11:59:05.474 [info] > git status -z -uall [1ms]
