2024-02-23 23:11:32.615 [info] Log level: Info
2024-02-23 23:11:32.615 [info] Validating found git in: "git"
2024-02-23 23:11:32.650 [info] Using git "2.43.2" from "git"
2024-02-23 23:11:34.532 [info] > git rev-parse --show-toplevel [1873ms]
2024-02-23 23:11:35.247 [info] > git rev-parse --git-dir --git-common-dir [3ms]
2024-02-23 23:11:35.252 [info] Open repository: /home/mik3y/projects/repos/vello
2024-02-23 23:11:35.269 [info] > git rev-parse --show-toplevel [0ms]
2024-02-23 23:11:35.287 [info] > git rev-parse --show-toplevel [11ms]
2024-02-23 23:11:35.294 [info] > git rev-parse --show-toplevel [1ms]
2024-02-23 23:11:35.300 [info] > git rev-parse --show-toplevel [1ms]
2024-02-23 23:11:35.323 [info] > git rev-parse --show-toplevel [17ms]
2024-02-23 23:11:35.333 [info] > git rev-parse --show-toplevel [3ms]
2024-02-23 23:11:35.341 [info] > git config --get commit.template [78ms]
2024-02-23 23:11:35.341 [info] > git rev-parse --show-toplevel [1ms]
2024-02-23 23:11:35.346 [info] > git rev-parse --show-toplevel [1ms]
2024-02-23 23:11:35.354 [info] > git rev-parse --show-toplevel [1ms]
2024-02-23 23:11:35.364 [info] > git rev-parse --show-toplevel [4ms]
2024-02-23 23:11:35.372 [info] > git rev-parse --show-toplevel [1ms]
2024-02-23 23:11:36.258 [info] > git ls-files --stage -- /home/mik3y/projects/repos/vello/examples/shapes/src/main.rs [689ms]
2024-02-23 23:11:36.285 [info] > git check-ignore -v -z --stdin [43ms]
2024-02-23 23:11:36.914 [info] > git for-each-ref --format=%(refname)%00%(upstream:short)%00%(objectname)%00%(upstream:track)%00%(upstream:remotename)%00%(upstream:remoteref) refs/heads/main refs/remotes/main [1628ms]
2024-02-23 23:11:36.923 [info] > git status -z -uall [1ms]
2024-02-23 23:11:36.936 [info] > git config --get commit.template [0ms]
2024-02-23 23:11:36.952 [info] > git for-each-ref --format=%(refname)%00%(upstream:short)%00%(objectname)%00%(upstream:track)%00%(upstream:remotename)%00%(upstream:remoteref) refs/heads/main refs/remotes/main [11ms]
2024-02-23 23:11:36.958 [info] > git status -z -uall [1ms]
2024-02-23 23:11:37.223 [info] > git show --textconv :examples/shapes/src/main.rs [1660ms]
2024-02-23 23:11:37.224 [info] > git cat-file -s 6c668c9a68f263cbcdc088ef8ef8a1ac43e5e875 [958ms]
2024-02-23 23:17:19.869 [info] > git config --get commit.template [1ms]
2024-02-23 23:17:19.876 [info] > git for-each-ref --format=%(refname)%00%(upstream:short)%00%(objectname)%00%(upstream:track)%00%(upstream:remotename)%00%(upstream:remoteref) refs/heads/main refs/remotes/main [1ms]
2024-02-23 23:17:19.884 [info] > git status -z -uall [2ms]
2024-02-23 23:17:20.498 [info] > git fetch [638ms]
2024-02-23 23:17:20.512 [info] > git config --get commit.template [6ms]
2024-02-23 23:17:20.512 [info] > git for-each-ref --format=%(refname)%00%(upstream:short)%00%(objectname)%00%(upstream:track)%00%(upstream:remotename)%00%(upstream:remoteref) refs/heads/main refs/remotes/main [1ms]
2024-02-23 23:17:20.521 [info] > git status -z -uall [3ms]
2024-02-23 23:17:21.686 [info] > git ls-files --stage -- /home/mik3y/projects/repos/vello/examples/shapes/src/main.rs [1ms]
2024-02-23 23:17:21.693 [info] > git cat-file -s 6c668c9a68f263cbcdc088ef8ef8a1ac43e5e875 [1ms]
2024-02-23 23:17:21.702 [info] > git show --textconv :examples/shapes/src/main.rs [1ms]
2024-02-23 23:17:24.900 [info] > git config --get commit.template [7ms]
2024-02-23 23:17:24.901 [info] > git for-each-ref --format=%(refname)%00%(upstream:short)%00%(objectname)%00%(upstream:track)%00%(upstream:remotename)%00%(upstream:remoteref) refs/heads/main refs/remotes/main [1ms]
2024-02-23 23:17:24.908 [info] > git status -z -uall [2ms]
2024-02-23 23:17:27.856 [info] > git merge-base refs/heads/main refs/remotes/origin/main [1ms]
2024-02-23 23:17:27.865 [info] > git rev-list --count --left-right refs/heads/main...refs/remotes/origin/main [1ms]
2024-02-23 23:17:29.923 [info] > git config --get commit.template [6ms]
2024-02-23 23:17:29.924 [info] > git for-each-ref --format=%(refname)%00%(upstream:short)%00%(objectname)%00%(upstream:track)%00%(upstream:remotename)%00%(upstream:remoteref) refs/heads/main refs/remotes/main [2ms]
2024-02-23 23:17:29.932 [info] > git status -z -uall [2ms]
2024-02-23 23:17:34.952 [info] > git config --get commit.template [9ms]
2024-02-23 23:17:34.952 [info] > git for-each-ref --format=%(refname)%00%(upstream:short)%00%(objectname)%00%(upstream:track)%00%(upstream:remotename)%00%(upstream:remoteref) refs/heads/main refs/remotes/main [1ms]
2024-02-23 23:17:34.962 [info] > git status -z -uall [2ms]
2024-02-23 23:17:45.479 [info] > git add -A -- . [3ms]
2024-02-23 23:17:45.490 [info] > git -c user.useConfigOnly=true commit --quiet --allow-empty-message --file - [4ms]
2024-02-23 23:17:45.497 [info] > git config --get commit.template [2ms]
2024-02-23 23:17:45.509 [info] > git config --get commit.template [6ms]
2024-02-23 23:17:45.509 [info] > git for-each-ref --format=%(refname)%00%(upstream:short)%00%(objectname)%00%(upstream:track)%00%(upstream:remotename)%00%(upstream:remoteref) refs/heads/main refs/remotes/main [1ms]
2024-02-23 23:17:45.516 [info] > git status -z -uall [2ms]
2024-02-23 23:17:45.537 [info] > git merge-base refs/heads/main refs/remotes/origin/main [1ms]
2024-02-23 23:17:45.551 [info] > git rev-list --count --left-right refs/heads/main...refs/remotes/origin/main [7ms]
2024-02-23 23:17:45.551 [info] > git config --get commit.template [1ms]
2024-02-23 23:17:45.558 [info] > git for-each-ref --format=%(refname)%00%(upstream:short)%00%(objectname)%00%(upstream:track)%00%(upstream:remotename)%00%(upstream:remoteref) refs/heads/main refs/remotes/main [1ms]
2024-02-23 23:17:45.564 [info] > git status -z -uall [1ms]
2024-02-23 23:17:46.205 [info] > git log --oneline --cherry main...main@{upstream} -- [2ms]
2024-02-23 23:17:46.826 [info] > git pull --tags origin main [615ms]
2024-02-23 23:17:46.826 [info] From https://github.com/anantnrg/vello
 * branch            main       -> FETCH_HEAD
2024-02-23 23:17:49.223 [info] > git push origin main:main [2391ms]
2024-02-23 23:17:49.223 [info] To https://github.com/anantnrg/vello
   377a037..2863547  main -> main
2024-02-23 23:17:49.238 [info] > git config --get commit.template [7ms]
2024-02-23 23:17:49.238 [info] > git for-each-ref --format=%(refname)%00%(upstream:short)%00%(objectname)%00%(upstream:track)%00%(upstream:remotename)%00%(upstream:remoteref) refs/heads/main refs/remotes/main [1ms]
2024-02-23 23:17:49.246 [info] > git status -z -uall [2ms]
2024-02-23 23:17:49.259 [info] > git merge-base refs/heads/main refs/remotes/origin/main [2ms]
2024-02-23 23:17:49.266 [info] > git rev-list --count --left-right refs/heads/main...refs/remotes/origin/main [1ms]
2024-02-23 23:21:14.285 [info] > git config --get commit.template [1ms]
2024-02-23 23:21:14.294 [info] > git ls-files --stage -- /home/mik3y/projects/repos/vello/examples/shapes/src/main.rs [4ms]
2024-02-23 23:21:14.298 [info] > git for-each-ref --format=%(refname)%00%(upstream:short)%00%(objectname)%00%(upstream:track)%00%(upstream:remotename)%00%(upstream:remoteref) refs/heads/main refs/remotes/main [5ms]
2024-02-23 23:21:14.303 [info] > git cat-file -s 8a23da534a8d0798b57c7b63ca98c5be25448357 [5ms]
2024-02-23 23:21:14.308 [info] > git status -z -uall [6ms]
2024-02-23 23:21:14.309 [info] > git show --textconv :examples/shapes/src/main.rs [2ms]
2024-02-23 23:21:14.898 [info] > git fetch [620ms]
2024-02-23 23:21:14.910 [info] > git config --get commit.template [5ms]
2024-02-23 23:21:14.911 [info] > git for-each-ref --format=%(refname)%00%(upstream:short)%00%(objectname)%00%(upstream:track)%00%(upstream:remotename)%00%(upstream:remoteref) refs/heads/main refs/remotes/main [1ms]
2024-02-23 23:21:14.919 [info] > git status -z -uall [2ms]
2024-02-23 23:21:16.080 [info] > git ls-files --stage -- /home/mik3y/projects/repos/vello/examples/shapes/src/main.rs [1ms]
2024-02-23 23:21:16.088 [info] > git cat-file -s 8a23da534a8d0798b57c7b63ca98c5be25448357 [1ms]
2024-02-23 23:21:16.097 [info] > git show --textconv :examples/shapes/src/main.rs [1ms]
2024-02-23 23:21:19.325 [info] > git config --get commit.template [8ms]
2024-02-23 23:21:19.326 [info] > git for-each-ref --format=%(refname)%00%(upstream:short)%00%(objectname)%00%(upstream:track)%00%(upstream:remotename)%00%(upstream:remoteref) refs/heads/main refs/remotes/main [1ms]
2024-02-23 23:21:19.333 [info] > git status -z -uall [2ms]
2024-02-23 23:21:24.348 [info] > git config --get commit.template [6ms]
2024-02-23 23:21:24.350 [info] > git for-each-ref --format=%(refname)%00%(upstream:short)%00%(objectname)%00%(upstream:track)%00%(upstream:remotename)%00%(upstream:remoteref) refs/heads/main refs/remotes/main [2ms]
2024-02-23 23:21:24.358 [info] > git status -z -uall [2ms]
2024-02-23 23:21:35.816 [info] > git config --get commit.template [1ms]
2024-02-23 23:21:35.823 [info] > git for-each-ref --format=%(refname)%00%(upstream:short)%00%(objectname)%00%(upstream:track)%00%(upstream:remotename)%00%(upstream:remoteref) refs/heads/main refs/remotes/main [1ms]
2024-02-23 23:21:35.830 [info] > git status -z -uall [1ms]
2024-02-23 23:22:24.424 [info] > git config --get commit.template [1ms]
2024-02-23 23:22:24.430 [info] > git for-each-ref --format=%(refname)%00%(upstream:short)%00%(objectname)%00%(upstream:track)%00%(upstream:remotename)%00%(upstream:remoteref) refs/heads/main refs/remotes/main [1ms]
2024-02-23 23:22:24.436 [info] > git status -z -uall [2ms]
2024-02-23 23:22:29.454 [info] > git config --get commit.template [7ms]
2024-02-23 23:22:29.455 [info] > git for-each-ref --format=%(refname)%00%(upstream:short)%00%(objectname)%00%(upstream:track)%00%(upstream:remotename)%00%(upstream:remoteref) refs/heads/main refs/remotes/main [2ms]
2024-02-23 23:22:29.463 [info] > git status -z -uall [2ms]
2024-02-23 23:22:37.123 [info] > git config --get commit.template [8ms]
2024-02-23 23:22:37.123 [info] > git for-each-ref --format=%(refname)%00%(upstream:short)%00%(objectname)%00%(upstream:track)%00%(upstream:remotename)%00%(upstream:remoteref) refs/heads/main refs/remotes/main [1ms]
2024-02-23 23:22:37.133 [info] > git status -z -uall [2ms]
2024-02-23 23:22:42.657 [info] > git config --get commit.template [8ms]
2024-02-23 23:22:42.657 [info] > git for-each-ref --format=%(refname)%00%(upstream:short)%00%(objectname)%00%(upstream:track)%00%(upstream:remotename)%00%(upstream:remoteref) refs/heads/main refs/remotes/main [1ms]
2024-02-23 23:22:42.665 [info] > git status -z -uall [2ms]
2024-02-23 23:22:47.681 [info] > git config --get commit.template [7ms]
2024-02-23 23:22:47.681 [info] > git for-each-ref --format=%(refname)%00%(upstream:short)%00%(objectname)%00%(upstream:track)%00%(upstream:remotename)%00%(upstream:remoteref) refs/heads/main refs/remotes/main [1ms]
2024-02-23 23:22:47.692 [info] > git status -z -uall [2ms]
2024-02-23 23:22:57.046 [info] > git config --get commit.template [4ms]
2024-02-23 23:22:57.046 [info] > git for-each-ref --format=%(refname)%00%(upstream:short)%00%(objectname)%00%(upstream:track)%00%(upstream:remotename)%00%(upstream:remoteref) refs/heads/main refs/remotes/main [1ms]
2024-02-23 23:22:57.054 [info] > git status -z -uall [1ms]
2024-02-23 23:23:02.071 [info] > git config --get commit.template [7ms]
2024-02-23 23:23:02.072 [info] > git for-each-ref --format=%(refname)%00%(upstream:short)%00%(objectname)%00%(upstream:track)%00%(upstream:remotename)%00%(upstream:remoteref) refs/heads/main refs/remotes/main [1ms]
2024-02-23 23:23:02.079 [info] > git status -z -uall [2ms]
2024-02-23 23:23:07.363 [info] > git config --get commit.template [4ms]
2024-02-23 23:23:07.364 [info] > git for-each-ref --format=%(refname)%00%(upstream:short)%00%(objectname)%00%(upstream:track)%00%(upstream:remotename)%00%(upstream:remoteref) refs/heads/main refs/remotes/main [1ms]
2024-02-23 23:23:07.372 [info] > git status -z -uall [2ms]
2024-02-23 23:23:20.531 [info] > git config --get commit.template [0ms]
2024-02-23 23:23:20.537 [info] > git for-each-ref --format=%(refname)%00%(upstream:short)%00%(objectname)%00%(upstream:track)%00%(upstream:remotename)%00%(upstream:remoteref) refs/heads/main refs/remotes/main [1ms]
2024-02-23 23:23:20.545 [info] > git status -z -uall [3ms]
2024-02-23 23:24:32.161 [info] > git fetch [597ms]
2024-02-23 23:24:32.169 [info] > git config --get commit.template [1ms]
2024-02-23 23:24:32.176 [info] > git for-each-ref --format=%(refname)%00%(upstream:short)%00%(objectname)%00%(upstream:track)%00%(upstream:remotename)%00%(upstream:remoteref) refs/heads/main refs/remotes/main [1ms]
2024-02-23 23:24:32.184 [info] > git status -z -uall [2ms]
2024-02-23 23:24:33.248 [info] > git config --get commit.template [6ms]
2024-02-23 23:24:33.249 [info] > git for-each-ref --format=%(refname)%00%(upstream:short)%00%(objectname)%00%(upstream:track)%00%(upstream:remotename)%00%(upstream:remoteref) refs/heads/main refs/remotes/main [1ms]
2024-02-23 23:24:33.257 [info] > git status -z -uall [1ms]
2024-02-23 23:24:33.342 [info] > git ls-files --stage -- /home/mik3y/projects/repos/vello/examples/shapes/src/main.rs [1ms]
2024-02-23 23:24:33.350 [info] > git cat-file -s 8a23da534a8d0798b57c7b63ca98c5be25448357 [1ms]
2024-02-23 23:24:33.358 [info] > git show --textconv :examples/shapes/src/main.rs [1ms]
2024-02-23 23:24:45.846 [info] > git config --get commit.template [8ms]
2024-02-23 23:24:45.847 [info] > git for-each-ref --format=%(refname)%00%(upstream:short)%00%(objectname)%00%(upstream:track)%00%(upstream:remotename)%00%(upstream:remoteref) refs/heads/main refs/remotes/main [2ms]
2024-02-23 23:24:45.854 [info] > git status -z -uall [2ms]
2024-02-23 23:24:50.870 [info] > git config --get commit.template [6ms]
2024-02-23 23:24:50.871 [info] > git for-each-ref --format=%(refname)%00%(upstream:short)%00%(objectname)%00%(upstream:track)%00%(upstream:remotename)%00%(upstream:remoteref) refs/heads/main refs/remotes/main [1ms]
2024-02-23 23:24:50.879 [info] > git status -z -uall [2ms]
2024-02-23 23:25:00.951 [info] > git add -A -- . [3ms]
2024-02-23 23:25:00.961 [info] > git -c user.useConfigOnly=true commit --quiet --allow-empty-message --file - [4ms]
2024-02-23 23:25:00.970 [info] > git config --get commit.template [2ms]
2024-02-23 23:25:00.979 [info] > git config --get commit.template [1ms]
2024-02-23 23:25:00.987 [info] > git for-each-ref --format=%(refname)%00%(upstream:short)%00%(objectname)%00%(upstream:track)%00%(upstream:remotename)%00%(upstream:remoteref) refs/heads/main refs/remotes/main [1ms]
2024-02-23 23:25:00.996 [info] > git status -z -uall [2ms]
2024-02-23 23:25:01.019 [info] > git merge-base refs/heads/main refs/remotes/origin/main [9ms]
2024-02-23 23:25:01.027 [info] > git config --get commit.template [8ms]
2024-02-23 23:25:01.028 [info] > git rev-list --count --left-right refs/heads/main...refs/remotes/origin/main [2ms]
2024-02-23 23:25:01.036 [info] > git for-each-ref --format=%(refname)%00%(upstream:short)%00%(objectname)%00%(upstream:track)%00%(upstream:remotename)%00%(upstream:remoteref) refs/heads/main refs/remotes/main [1ms]
2024-02-23 23:25:01.044 [info] > git status -z -uall [1ms]
2024-02-23 23:25:01.565 [info] > git log --oneline --cherry main...main@{upstream} -- [1ms]
2024-02-23 23:25:02.200 [info] > git pull --tags origin main [628ms]
2024-02-23 23:25:02.200 [info] From https://github.com/anantnrg/vello
 * branch            main       -> FETCH_HEAD
2024-02-23 23:25:03.378 [info] > git ls-files --stage -- /home/mik3y/projects/repos/vello/examples/shapes/src/main.rs [1ms]
2024-02-23 23:25:03.385 [info] > git cat-file -s 1bf85095c4adf95663cb31837a255904420021f4 [1ms]
2024-02-23 23:25:03.395 [info] > git show --textconv :examples/shapes/src/main.rs [1ms]
2024-02-23 23:25:03.462 [info] > git push origin main:main [1256ms]
2024-02-23 23:25:03.462 [info] To https://github.com/anantnrg/vello
   2863547..24c3975  main -> main
2024-02-23 23:25:03.474 [info] > git config --get commit.template [6ms]
2024-02-23 23:25:03.475 [info] > git for-each-ref --format=%(refname)%00%(upstream:short)%00%(objectname)%00%(upstream:track)%00%(upstream:remotename)%00%(upstream:remoteref) refs/heads/main refs/remotes/main [1ms]
2024-02-23 23:25:03.482 [info] > git status -z -uall [2ms]
2024-02-23 23:25:03.490 [info] > git merge-base refs/heads/main refs/remotes/origin/main [1ms]
2024-02-23 23:25:03.496 [info] > git rev-list --count --left-right refs/heads/main...refs/remotes/origin/main [1ms]
2024-02-23 23:25:04.651 [info] > git config --get commit.template [7ms]
2024-02-23 23:25:04.652 [info] > git for-each-ref --format=%(refname)%00%(upstream:short)%00%(objectname)%00%(upstream:track)%00%(upstream:remotename)%00%(upstream:remoteref) refs/heads/main refs/remotes/main [1ms]
2024-02-23 23:25:04.661 [info] > git status -z -uall [2ms]
2024-02-23 23:25:04.751 [info] > git ls-files --stage -- /home/mik3y/projects/repos/vello/examples/shapes/src/main.rs [1ms]
2024-02-23 23:25:04.759 [info] > git cat-file -s 1bf85095c4adf95663cb31837a255904420021f4 [1ms]
2024-02-23 23:25:04.769 [info] > git show --textconv :examples/shapes/src/main.rs [1ms]
2024-02-23 23:25:14.186 [info] > git config --get commit.template [7ms]
2024-02-23 23:25:14.187 [info] > git for-each-ref --format=%(refname)%00%(upstream:short)%00%(objectname)%00%(upstream:track)%00%(upstream:remotename)%00%(upstream:remoteref) refs/heads/main refs/remotes/main [1ms]
2024-02-23 23:25:14.197 [info] > git status -z -uall [3ms]
2024-02-23 23:42:51.765 [info] > git config --get commit.template [6ms]
2024-02-23 23:42:51.766 [info] > git for-each-ref --format=%(refname)%00%(upstream:short)%00%(objectname)%00%(upstream:track)%00%(upstream:remotename)%00%(upstream:remoteref) refs/heads/main refs/remotes/main [1ms]
2024-02-23 23:42:51.773 [info] > git status -z -uall [1ms]
2024-02-23 23:42:52.366 [info] > git fetch [612ms]
2024-02-23 23:42:52.379 [info] > git config --get commit.template [7ms]
2024-02-23 23:42:52.379 [info] > git for-each-ref --format=%(refname)%00%(upstream:short)%00%(objectname)%00%(upstream:track)%00%(upstream:remotename)%00%(upstream:remoteref) refs/heads/main refs/remotes/main [1ms]
2024-02-23 23:42:52.388 [info] > git status -z -uall [2ms]
2024-02-23 23:42:53.549 [info] > git ls-files --stage -- /home/mik3y/projects/repos/vello/examples/shapes/src/main.rs [1ms]
2024-02-23 23:42:53.556 [info] > git cat-file -s 1bf85095c4adf95663cb31837a255904420021f4 [1ms]
2024-02-23 23:42:53.563 [info] > git show --textconv :examples/shapes/src/main.rs [1ms]
2024-02-23 23:42:54.687 [info] > git show --textconv :examples/shapes/Cargo.toml [19ms]
2024-02-23 23:42:54.688 [info] > git ls-files --stage -- /home/mik3y/projects/repos/vello/examples/shapes/Cargo.toml [6ms]
2024-02-23 23:42:54.696 [info] > git cat-file -s 048fa22e2344d365fb05f389b3e75f28da6b1762 [0ms]
2024-02-23 23:44:10.492 [info] > git config --get commit.template [7ms]
2024-02-23 23:44:10.492 [info] > git for-each-ref --format=%(refname)%00%(upstream:short)%00%(objectname)%00%(upstream:track)%00%(upstream:remotename)%00%(upstream:remoteref) refs/heads/main refs/remotes/main [1ms]
2024-02-23 23:44:10.499 [info] > git status -z -uall [1ms]
2024-02-23 23:44:15.447 [info] Log level: Info
2024-02-23 23:44:15.447 [info] Validating found git in: "git"
2024-02-23 23:44:15.447 [info] Using git "2.43.2" from "git"
2024-02-23 23:44:15.447 [info] > git rev-parse --show-toplevel [58ms]
2024-02-23 23:44:15.448 [info] > git rev-parse --git-dir --git-common-dir [1ms]
2024-02-23 23:44:15.456 [info] Open repository: /home/mik3y/projects/repos/volt
2024-02-23 23:44:15.471 [info] > git rev-parse --show-toplevel [9ms]
2024-02-23 23:44:15.472 [info] > git config --get commit.template [11ms]
2024-02-23 23:44:15.485 [info] > git rev-parse --show-toplevel [7ms]
2024-02-23 23:44:15.620 [info] > git for-each-ref --format=%(refname)%00%(upstream:short)%00%(objectname)%00%(upstream:track)%00%(upstream:remotename)%00%(upstream:remoteref) refs/heads/v0.2 refs/remotes/v0.2 [137ms]
2024-02-23 23:44:15.791 [info] > git rev-parse --show-toplevel [172ms]
2024-02-23 23:44:15.856 [info] > git rev-parse --show-toplevel [39ms]
2024-02-23 23:44:15.872 [info] > git status -z -uall [2ms]
2024-02-23 23:44:15.887 [info] > git config --get commit.template [1ms]
2024-02-23 23:44:15.904 [info] > git for-each-ref --format=%(refname)%00%(upstream:short)%00%(objectname)%00%(upstream:track)%00%(upstream:remotename)%00%(upstream:remoteref) refs/heads/v0.2 refs/remotes/v0.2 [12ms]
2024-02-23 23:44:15.915 [info] > git merge-base refs/heads/v0.2 refs/remotes/origin/v0.2 [5ms]
2024-02-23 23:44:15.961 [info] > git status -z -uall [5ms]
2024-02-23 23:44:16.131 [info] > git check-ignore -v -z --stdin [1ms]
2024-02-23 23:44:16.153 [info] > git show --textconv :src/lib.rs [7ms]
2024-02-23 23:44:16.154 [info] > git ls-files --stage -- /home/mik3y/projects/repos/volt/src/lib.rs [2ms]
2024-02-23 23:44:16.161 [info] > git cat-file -s 6816f73b8414f63db4b3e90e023d5fa927b201c8 [1ms]
2024-02-23 23:44:16.312 [info] > git rev-list --count --left-right refs/heads/v0.2...refs/remotes/origin/v0.2 [391ms]
2024-02-23 23:44:16.535 [info] > git fetch [1080ms]
2024-02-23 23:44:16.552 [info] > git config --get commit.template [8ms]
2024-02-23 23:44:16.553 [info] > git for-each-ref --format=%(refname)%00%(upstream:short)%00%(objectname)%00%(upstream:track)%00%(upstream:remotename)%00%(upstream:remoteref) refs/heads/v0.2 refs/remotes/v0.2 [1ms]
2024-02-23 23:44:16.562 [info] > git status -z -uall [1ms]
2024-02-23 23:57:06.670 [info] > git config --get commit.template [1ms]
2024-02-23 23:57:06.678 [info] > git for-each-ref --format=%(refname)%00%(upstream:short)%00%(objectname)%00%(upstream:track)%00%(upstream:remotename)%00%(upstream:remoteref) refs/heads/v0.2 refs/remotes/v0.2 [1ms]
2024-02-23 23:57:06.696 [info] > git status -z -uall [1ms]
2024-02-23 23:57:07.735 [info] > git fetch [1073ms]
2024-02-23 23:57:07.743 [info] > git config --get commit.template [2ms]
2024-02-23 23:57:07.749 [info] > git for-each-ref --format=%(refname)%00%(upstream:short)%00%(objectname)%00%(upstream:track)%00%(upstream:remotename)%00%(upstream:remoteref) refs/heads/v0.2 refs/remotes/v0.2 [1ms]
2024-02-23 23:57:07.754 [info] > git status -z -uall [1ms]
2024-02-23 23:57:09.885 [info] > git ls-files --stage -- /home/mik3y/projects/repos/volt/src/lib.rs [2ms]
2024-02-23 23:57:09.893 [info] > git cat-file -s 6816f73b8414f63db4b3e90e023d5fa927b201c8 [1ms]
2024-02-23 23:57:09.907 [info] > git show --textconv :src/lib.rs [1ms]
