2024-02-24 09:56:09.854 [info] Added views:workbench.panel.markers.view in workbench.panel.markers
2024-02-24 09:56:09.854 [info] Added views:workbench.panel.output in workbench.panel.output
2024-02-24 09:56:09.854 [info] Added views:terminal in terminal
2024-02-24 09:56:09.854 [info] Added views:workbench.scm in workbench.view.scm
2024-02-24 09:56:09.854 [info] Added views:workbench.view.search in workbench.view.search
2024-02-24 09:56:09.854 [info] Added views:workbench.explorer.emptyView in workbench.view.explorer
2024-02-24 09:56:10.054 [info] Added views:gitlens.views.home,gitlens.views.workspaces,gitlens.views.account in workbench.view.extension.gitlens
2024-02-24 09:56:10.055 [info] Added views:gitlens.views.commitDetails,gitlens.views.lineHistory,gitlens.views.fileHistory,gitlens.views.searchAndCompare in workbench.view.extension.gitlensInspect
2024-02-24 09:56:10.055 [info] Added views:gitlens.views.commits,gitlens.views.branches,gitlens.views.remotes,gitlens.views.stashes,gitlens.views.tags,gitlens.views.contributors in workbench.view.scm
2024-02-24 09:56:10.218 [info] Added views:workbench.debug.variablesView,workbench.debug.watchExpressionsView,workbench.debug.callStackView,workbench.debug.breakPointsView in workbench.view.debug
2024-02-24 09:56:10.226 [info] Added views:workbench.panel.repl.view in workbench.panel.repl
2024-02-24 09:56:10.227 [info] Removed views:workbench.debug.breakPointsView,workbench.debug.callStackView,workbench.debug.watchExpressionsView,workbench.debug.variablesView from workbench.view.debug
2024-02-24 09:56:10.227 [info] Added views:workbench.debug.welcome in workbench.view.debug
2024-02-24 09:56:10.260 [info] Added views:~remote.forwardedPorts in ~remote.forwardedPortsContainer
2024-02-24 09:56:10.368 [info] Added views:makefile.outline in workbench.view.extension.makefile__viewContainer
2024-02-24 09:56:10.482 [info] Removed views:gitlens.views.searchAndCompare,gitlens.views.fileHistory,gitlens.views.lineHistory,gitlens.views.commitDetails from workbench.view.extension.gitlensInspect
2024-02-24 09:56:10.482 [info] Removed views:gitlens.views.contributors,gitlens.views.tags,gitlens.views.stashes,gitlens.views.remotes,gitlens.views.branches,gitlens.views.commits from workbench.view.scm
2024-02-24 09:56:10.523 [info] Added views:gitlens.views.drafts in workbench.view.extension.gitlens
2024-02-24 10:29:26.051 [info] Added views:workbench.panel.markers.view in workbench.panel.markers
2024-02-24 10:29:26.051 [info] Added views:workbench.panel.output in workbench.panel.output
2024-02-24 10:29:26.051 [info] Added views:terminal in terminal
2024-02-24 10:29:26.051 [info] Added views:workbench.scm in workbench.view.scm
2024-02-24 10:29:26.051 [info] Added views:workbench.view.search in workbench.view.search
2024-02-24 10:29:26.051 [info] Added views:workbench.explorer.fileView in workbench.view.explorer
2024-02-24 10:29:26.285 [info] Added views:gitlens.views.home,gitlens.views.workspaces,gitlens.views.account in workbench.view.extension.gitlens
2024-02-24 10:29:26.285 [info] Added views:gitlens.views.commitDetails,gitlens.views.lineHistory,gitlens.views.fileHistory,gitlens.views.searchAndCompare in workbench.view.extension.gitlensInspect
2024-02-24 10:29:26.286 [info] Added views:gitlens.views.commits,gitlens.views.branches,gitlens.views.remotes,gitlens.views.stashes,gitlens.views.tags,gitlens.views.contributors in workbench.view.scm
2024-02-24 10:29:26.379 [info] Added views:workbench.debug.welcome in workbench.view.debug
2024-02-24 10:29:26.379 [info] Added views:workbench.debug.breakPointsView in workbench.view.debug
2024-02-24 10:29:30.593 [info] Added views:workbench.panel.repl.view in workbench.panel.repl
2024-02-24 10:29:35.047 [info] Added views:gitlens.views.drafts in workbench.view.extension.gitlens
2024-02-24 10:29:37.481 [info] Added views:gitlens.views.graph,gitlens.views.graphDetails in workbench.view.extension.gitlensPanel
2024-02-24 10:29:37.482 [info] Added views:gitlens.views.timeline in workbench.view.extension.gitlensInspect
2024-02-24 10:29:37.483 [info] Added views:gitlens.views.worktrees in workbench.view.scm
2024-02-24 10:29:42.472 [info] Added views:~remote.forwardedPorts in ~remote.forwardedPortsContainer
2024-02-24 10:29:46.454 [info] Added views:makefile.outline in workbench.view.extension.makefile__viewContainer
