2024-02-25 13:43:21.572 [info] Added views:workbench.panel.markers.view in workbench.panel.markers
2024-02-25 13:43:21.572 [info] Added views:workbench.panel.output in workbench.panel.output
2024-02-25 13:43:21.572 [info] Added views:terminal in terminal
2024-02-25 13:43:21.572 [info] Added views:workbench.scm in workbench.view.scm
2024-02-25 13:43:21.572 [info] Added views:workbench.view.search in workbench.view.search
2024-02-25 13:43:21.572 [info] Added views:workbench.explorer.fileView in workbench.view.explorer
2024-02-25 13:43:21.706 [info] Added views:workbench.debug.welcome in workbench.view.debug
2024-02-25 13:43:22.407 [info] Added views:gitlens.views.home,gitlens.views.workspaces,gitlens.views.account in workbench.view.extension.gitlens
2024-02-25 13:43:22.408 [info] Added views:gitlens.views.commitDetails,gitlens.views.lineHistory,gitlens.views.fileHistory,gitlens.views.searchAndCompare in workbench.view.extension.gitlensInspect
2024-02-25 13:43:22.408 [info] Added views:gitlens.views.commits,gitlens.views.branches,gitlens.views.remotes,gitlens.views.stashes,gitlens.views.tags,gitlens.views.contributors in workbench.view.scm
2024-02-25 13:43:32.234 [info] Added views:workbench.panel.repl.view in workbench.panel.repl
2024-02-25 13:43:44.205 [info] Added views:~remote.forwardedPorts in ~remote.forwardedPortsContainer
2024-02-25 13:43:47.104 [info] Added views:gitlens.views.drafts in workbench.view.extension.gitlens
2024-02-25 13:43:49.192 [info] Added views:makefile.outline in workbench.view.extension.makefile__viewContainer
2024-02-25 13:43:50.524 [info] Added views:gitlens.views.graph,gitlens.views.graphDetails in workbench.view.extension.gitlensPanel
2024-02-25 13:43:50.525 [info] Added views:gitlens.views.timeline in workbench.view.extension.gitlensInspect
2024-02-25 13:43:50.526 [info] Added views:gitlens.views.worktrees in workbench.view.scm
2024-02-25 13:43:57.248 [info] Added views:rustDependencies in workbench.view.explorer
2024-02-25 14:05:12.415 [info] Added views:workbench.panel.markers.view in workbench.panel.markers
2024-02-25 14:05:12.415 [info] Added views:workbench.panel.output in workbench.panel.output
2024-02-25 14:05:12.415 [info] Added views:terminal in terminal
2024-02-25 14:05:12.415 [info] Added views:workbench.scm in workbench.view.scm
2024-02-25 14:05:12.415 [info] Added views:workbench.view.search in workbench.view.search
2024-02-25 14:05:12.415 [info] Added views:workbench.explorer.fileView in workbench.view.explorer
2024-02-25 14:05:12.696 [info] Added views:gitlens.views.home,gitlens.views.workspaces,gitlens.views.account in workbench.view.extension.gitlens
2024-02-25 14:05:12.696 [info] Added views:gitlens.views.commitDetails,gitlens.views.lineHistory,gitlens.views.fileHistory,gitlens.views.searchAndCompare in workbench.view.extension.gitlensInspect
2024-02-25 14:05:12.696 [info] Added views:gitlens.views.commits,gitlens.views.branches,gitlens.views.remotes,gitlens.views.stashes,gitlens.views.tags,gitlens.views.contributors in workbench.view.scm
2024-02-25 14:05:12.739 [info] Added views:workbench.debug.welcome in workbench.view.debug
2024-02-25 14:05:12.933 [info] Added views:workbench.panel.repl.view in workbench.panel.repl
2024-02-25 14:05:13.371 [info] Added views:rustDependencies in workbench.view.explorer
2024-02-25 14:05:13.983 [info] Added views:~remote.forwardedPorts in ~remote.forwardedPortsContainer
2024-02-25 14:05:14.128 [info] Added views:gitlens.views.drafts in workbench.view.extension.gitlens
2024-02-25 14:05:14.189 [info] Added views:makefile.outline in workbench.view.extension.makefile__viewContainer
2024-02-25 14:05:14.771 [info] Added views:gitlens.views.graph,gitlens.views.graphDetails in workbench.view.extension.gitlensPanel
2024-02-25 14:05:14.771 [info] Added views:gitlens.views.timeline in workbench.view.extension.gitlensInspect
2024-02-25 14:05:14.772 [info] Added views:gitlens.views.worktrees in workbench.view.scm
2024-02-25 14:36:06.877 [info] Added views:workbench.panel.markers.view in workbench.panel.markers
2024-02-25 14:36:06.899 [info] Added views:workbench.panel.output in workbench.panel.output
2024-02-25 14:36:06.899 [info] Added views:terminal in terminal
2024-02-25 14:36:06.899 [info] Added views:workbench.scm in workbench.view.scm
2024-02-25 14:36:06.899 [info] Added views:workbench.view.search in workbench.view.search
2024-02-25 14:36:06.899 [info] Added views:workbench.explorer.fileView in workbench.view.explorer
2024-02-25 14:36:06.995 [info] Added views:workbench.debug.welcome in workbench.view.debug
2024-02-25 14:36:07.420 [info] Added views:gitlens.views.home,gitlens.views.workspaces,gitlens.views.account in workbench.view.extension.gitlens
2024-02-25 14:36:07.420 [info] Added views:gitlens.views.commitDetails,gitlens.views.lineHistory,gitlens.views.fileHistory,gitlens.views.searchAndCompare in workbench.view.extension.gitlensInspect
2024-02-25 14:36:07.421 [info] Added views:gitlens.views.commits,gitlens.views.branches,gitlens.views.remotes,gitlens.views.stashes,gitlens.views.tags,gitlens.views.contributors in workbench.view.scm
2024-02-25 14:36:07.607 [info] Added views:~remote.forwardedPorts in ~remote.forwardedPortsContainer
2024-02-25 14:36:07.651 [info] Added views:makefile.outline in workbench.view.extension.makefile__viewContainer
2024-02-25 14:36:11.100 [info] Added views:workbench.panel.repl.view in workbench.panel.repl
2024-02-25 14:36:13.841 [info] Added views:rustDependencies in workbench.view.explorer
2024-02-25 14:36:16.332 [info] Added views:gitlens.views.drafts in workbench.view.extension.gitlens
2024-02-25 14:36:17.218 [info] Added views:gitlens.views.graph,gitlens.views.graphDetails in workbench.view.extension.gitlensPanel
2024-02-25 14:36:17.219 [info] Added views:gitlens.views.timeline in workbench.view.extension.gitlensInspect
2024-02-25 14:36:17.220 [info] Added views:gitlens.views.worktrees in workbench.view.scm
