2024-02-24 14:53:56.081 [info] Log level: Info
2024-02-24 14:53:56.081 [info] Validating found git in: "git"
2024-02-24 14:53:58.313 [info] Using git "2.43.2" from "git"
2024-02-24 14:53:58.850 [info] > git rev-parse --show-toplevel [520ms]
2024-02-24 14:53:58.857 [info] > git rev-parse --git-dir --git-common-dir [1ms]
2024-02-24 14:53:58.861 [info] Open repository: /home/mik3y/videos/code
2024-02-24 14:53:59.051 [info] > git config --get commit.template [184ms]
2024-02-24 14:53:59.148 [info] > git rev-parse --show-toplevel [276ms]
2024-02-24 14:53:59.148 [info] fatal: not a git repository (or any of the parent directories): .git
2024-02-24 14:53:59.166 [info] > git rev-parse --show-toplevel [5ms]
2024-02-24 14:53:59.223 [info] > git for-each-ref --format=%(refname)%00%(upstream:short)%00%(objectname)%00%(upstream:track)%00%(upstream:remotename)%00%(upstream:remoteref) refs/heads/main refs/remotes/main [347ms]
2024-02-24 14:53:59.232 [info] > git rev-parse --show-toplevel [10ms]
2024-02-24 14:53:59.243 [info] > git rev-parse --show-toplevel [2ms]
2024-02-24 14:53:59.258 [info] > git rev-parse --show-toplevel [2ms]
2024-02-24 14:54:03.960 [info] > git status -z -uall [4729ms]
2024-02-24 14:54:03.960 [info] > git check-ignore -v -z --stdin [4577ms]
2024-02-24 14:54:04.212 [info] > git config --get commit.template [36ms]
2024-02-24 14:54:04.248 [info] > git for-each-ref --format=%(refname)%00%(upstream:short)%00%(objectname)%00%(upstream:track)%00%(upstream:remotename)%00%(upstream:remoteref) refs/heads/main refs/remotes/main [7ms]
2024-02-24 14:54:04.255 [info] > git status -z -uall [2ms]
2024-02-24 14:54:32.728 [info] > git fetch [3035ms]
2024-02-24 14:54:32.738 [info] > git config --get commit.template [5ms]
2024-02-24 14:54:32.739 [info] > git for-each-ref --format=%(refname)%00%(upstream:short)%00%(objectname)%00%(upstream:track)%00%(upstream:remotename)%00%(upstream:remoteref) refs/heads/main refs/remotes/main [1ms]
2024-02-24 14:54:32.746 [info] > git status -z -uall [2ms]
2024-02-24 14:57:31.067 [info] > git config --get commit.template [4ms]
2024-02-24 14:57:31.067 [info] > git for-each-ref --format=%(refname)%00%(upstream:short)%00%(objectname)%00%(upstream:track)%00%(upstream:remotename)%00%(upstream:remoteref) refs/heads/main refs/remotes/main [1ms]
2024-02-24 14:57:31.073 [info] > git status -z -uall [2ms]
2024-02-24 14:57:33.378 [info] > git fetch [624ms]
2024-02-24 14:57:33.389 [info] > git config --get commit.template [5ms]
2024-02-24 14:57:33.389 [info] > git for-each-ref --format=%(refname)%00%(upstream:short)%00%(objectname)%00%(upstream:track)%00%(upstream:remotename)%00%(upstream:remoteref) refs/heads/main refs/remotes/main [0ms]
2024-02-24 14:57:33.395 [info] > git status -z -uall [2ms]
2024-02-24 14:57:36.091 [info] > git config --get commit.template [6ms]
2024-02-24 14:57:36.091 [info] > git for-each-ref --format=%(refname)%00%(upstream:short)%00%(objectname)%00%(upstream:track)%00%(upstream:remotename)%00%(upstream:remoteref) refs/heads/main refs/remotes/main [1ms]
2024-02-24 14:57:36.097 [info] > git status -z -uall [1ms]
2024-02-24 15:15:34.520 [info] > git fetch [610ms]
2024-02-24 15:15:34.533 [info] > git config --get commit.template [6ms]
2024-02-24 15:15:34.534 [info] > git for-each-ref --format=%(refname)%00%(upstream:short)%00%(objectname)%00%(upstream:track)%00%(upstream:remotename)%00%(upstream:remoteref) refs/heads/main refs/remotes/main [1ms]
2024-02-24 15:15:34.541 [info] > git status -z -uall [2ms]
2024-02-24 15:15:35.604 [info] > git config --get commit.template [6ms]
2024-02-24 15:15:35.605 [info] > git for-each-ref --format=%(refname)%00%(upstream:short)%00%(objectname)%00%(upstream:track)%00%(upstream:remotename)%00%(upstream:remoteref) refs/heads/main refs/remotes/main [1ms]
2024-02-24 15:15:35.610 [info] > git status -z -uall [2ms]
2024-02-24 15:26:06.043 [info] > git fetch [1632ms]
2024-02-24 15:26:06.055 [info] > git config --get commit.template [6ms]
2024-02-24 15:26:06.055 [info] > git for-each-ref --format=%(refname)%00%(upstream:short)%00%(objectname)%00%(upstream:track)%00%(upstream:remotename)%00%(upstream:remoteref) refs/heads/main refs/remotes/main [1ms]
2024-02-24 15:26:06.063 [info] > git status -z -uall [2ms]
2024-02-24 15:26:07.125 [info] > git config --get commit.template [1ms]
2024-02-24 15:26:07.132 [info] > git for-each-ref --format=%(refname)%00%(upstream:short)%00%(objectname)%00%(upstream:track)%00%(upstream:remotename)%00%(upstream:remoteref) refs/heads/main refs/remotes/main [1ms]
2024-02-24 15:26:07.140 [info] > git status -z -uall [2ms]
2024-02-24 15:29:50.510 [info] > git fetch [627ms]
2024-02-24 15:29:50.520 [info] > git config --get commit.template [5ms]
2024-02-24 15:29:50.520 [info] > git for-each-ref --format=%(refname)%00%(upstream:short)%00%(objectname)%00%(upstream:track)%00%(upstream:remotename)%00%(upstream:remoteref) refs/heads/main refs/remotes/main [1ms]
2024-02-24 15:29:50.526 [info] > git status -z -uall [2ms]
2024-02-24 15:30:31.664 [info] > git config --get commit.template [7ms]
2024-02-24 15:30:31.664 [info] > git for-each-ref --format=%(refname)%00%(upstream:short)%00%(objectname)%00%(upstream:track)%00%(upstream:remotename)%00%(upstream:remoteref) refs/heads/main refs/remotes/main [1ms]
2024-02-24 15:30:31.671 [info] > git status -z -uall [2ms]
2024-02-24 15:41:09.674 [info] > git fetch [885ms]
2024-02-24 15:41:09.696 [info] > git config --get commit.template [5ms]
2024-02-24 15:41:09.697 [info] > git for-each-ref --format=%(refname)%00%(upstream:short)%00%(objectname)%00%(upstream:track)%00%(upstream:remotename)%00%(upstream:remoteref) refs/heads/main refs/remotes/main [1ms]
2024-02-24 15:41:09.703 [info] > git status -z -uall [2ms]
2024-02-24 15:44:18.165 [info] > git config --get commit.template [1ms]
2024-02-24 15:44:18.172 [info] > git for-each-ref --format=%(refname)%00%(upstream:short)%00%(objectname)%00%(upstream:track)%00%(upstream:remotename)%00%(upstream:remoteref) refs/heads/main refs/remotes/main [0ms]
2024-02-24 15:44:18.179 [info] > git status -z -uall [2ms]
2024-02-24 15:44:18.745 [info] > git fetch [588ms]
2024-02-24 15:44:18.755 [info] > git config --get commit.template [4ms]
2024-02-24 15:44:18.756 [info] > git for-each-ref --format=%(refname)%00%(upstream:short)%00%(objectname)%00%(upstream:track)%00%(upstream:remotename)%00%(upstream:remoteref) refs/heads/main refs/remotes/main [1ms]
2024-02-24 15:44:18.762 [info] > git status -z -uall [2ms]
2024-02-24 15:47:04.926 [info] > git config --get commit.template [5ms]
2024-02-24 15:47:04.926 [info] > git for-each-ref --format=%(refname)%00%(upstream:short)%00%(objectname)%00%(upstream:track)%00%(upstream:remotename)%00%(upstream:remoteref) refs/heads/main refs/remotes/main [0ms]
2024-02-24 15:47:04.932 [info] > git status -z -uall [2ms]
2024-02-24 15:47:19.384 [info] > git fetch [605ms]
2024-02-24 15:47:19.395 [info] > git config --get commit.template [5ms]
2024-02-24 15:47:19.396 [info] > git for-each-ref --format=%(refname)%00%(upstream:short)%00%(objectname)%00%(upstream:track)%00%(upstream:remotename)%00%(upstream:remoteref) refs/heads/main refs/remotes/main [1ms]
2024-02-24 15:47:19.402 [info] > git status -z -uall [2ms]
2024-02-24 15:47:20.470 [info] > git config --get commit.template [6ms]
2024-02-24 15:47:20.471 [info] > git for-each-ref --format=%(refname)%00%(upstream:short)%00%(objectname)%00%(upstream:track)%00%(upstream:remotename)%00%(upstream:remoteref) refs/heads/main refs/remotes/main [1ms]
2024-02-24 15:47:20.479 [info] > git status -z -uall [2ms]
2024-02-24 15:52:10.031 [info] > git fetch [587ms]
2024-02-24 15:52:10.043 [info] > git config --get commit.template [6ms]
2024-02-24 15:52:10.043 [info] > git for-each-ref --format=%(refname)%00%(upstream:short)%00%(objectname)%00%(upstream:track)%00%(upstream:remotename)%00%(upstream:remoteref) refs/heads/main refs/remotes/main [1ms]
2024-02-24 15:52:10.050 [info] > git status -z -uall [1ms]
2024-02-24 15:53:20.217 [info] > git config --get commit.template [1ms]
2024-02-24 15:53:20.225 [info] > git for-each-ref --format=%(refname)%00%(upstream:short)%00%(objectname)%00%(upstream:track)%00%(upstream:remotename)%00%(upstream:remoteref) refs/heads/main refs/remotes/main [0ms]
2024-02-24 15:53:20.231 [info] > git status -z -uall [2ms]
2024-02-24 16:25:20.437 [info] > git fetch [615ms]
2024-02-24 16:25:20.447 [info] > git config --get commit.template [5ms]
2024-02-24 16:25:20.448 [info] > git for-each-ref --format=%(refname)%00%(upstream:short)%00%(objectname)%00%(upstream:track)%00%(upstream:remotename)%00%(upstream:remoteref) refs/heads/main refs/remotes/main [1ms]
2024-02-24 16:25:20.454 [info] > git status -z -uall [2ms]
2024-02-24 16:25:21.527 [info] > git config --get commit.template [8ms]
2024-02-24 16:25:21.527 [info] > git for-each-ref --format=%(refname)%00%(upstream:short)%00%(objectname)%00%(upstream:track)%00%(upstream:remotename)%00%(upstream:remoteref) refs/heads/main refs/remotes/main [1ms]
2024-02-24 16:25:21.533 [info] > git status -z -uall [2ms]
2024-02-24 16:43:35.546 [info] > git fetch [607ms]
2024-02-24 16:43:35.569 [info] > git config --get commit.template [6ms]
2024-02-24 16:43:35.569 [info] > git for-each-ref --format=%(refname)%00%(upstream:short)%00%(objectname)%00%(upstream:track)%00%(upstream:remotename)%00%(upstream:remoteref) refs/heads/main refs/remotes/main [1ms]
2024-02-24 16:43:35.575 [info] > git status -z -uall [2ms]
2024-02-24 16:43:36.632 [info] > git config --get commit.template [6ms]
2024-02-24 16:43:36.632 [info] > git for-each-ref --format=%(refname)%00%(upstream:short)%00%(objectname)%00%(upstream:track)%00%(upstream:remotename)%00%(upstream:remoteref) refs/heads/main refs/remotes/main [1ms]
2024-02-24 16:43:36.639 [info] > git status -z -uall [2ms]
2024-02-24 16:46:36.191 [info] > git fetch [607ms]
2024-02-24 16:46:36.200 [info] > git config --get commit.template [4ms]
2024-02-24 16:46:36.201 [info] > git for-each-ref --format=%(refname)%00%(upstream:short)%00%(objectname)%00%(upstream:track)%00%(upstream:remotename)%00%(upstream:remoteref) refs/heads/main refs/remotes/main [1ms]
2024-02-24 16:46:36.206 [info] > git status -z -uall [1ms]
2024-02-24 16:46:37.275 [info] > git config --get commit.template [5ms]
2024-02-24 16:46:37.276 [info] > git for-each-ref --format=%(refname)%00%(upstream:short)%00%(objectname)%00%(upstream:track)%00%(upstream:remotename)%00%(upstream:remoteref) refs/heads/main refs/remotes/main [1ms]
2024-02-24 16:46:37.283 [info] > git status -z -uall [2ms]
2024-02-24 16:50:57.664 [info] > git fetch [578ms]
2024-02-24 16:50:57.675 [info] > git config --get commit.template [4ms]
2024-02-24 16:50:57.676 [info] > git for-each-ref --format=%(refname)%00%(upstream:short)%00%(objectname)%00%(upstream:track)%00%(upstream:remotename)%00%(upstream:remoteref) refs/heads/main refs/remotes/main [1ms]
2024-02-24 16:50:57.681 [info] > git status -z -uall [1ms]
2024-02-24 16:50:58.745 [info] > git config --get commit.template [1ms]
2024-02-24 16:50:58.752 [info] > git for-each-ref --format=%(refname)%00%(upstream:short)%00%(objectname)%00%(upstream:track)%00%(upstream:remotename)%00%(upstream:remoteref) refs/heads/main refs/remotes/main [1ms]
2024-02-24 16:50:58.759 [info] > git status -z -uall [2ms]
2024-02-24 16:55:02.034 [info] > git fetch [576ms]
2024-02-24 16:55:02.046 [info] > git config --get commit.template [5ms]
2024-02-24 16:55:02.046 [info] > git for-each-ref --format=%(refname)%00%(upstream:short)%00%(objectname)%00%(upstream:track)%00%(upstream:remotename)%00%(upstream:remoteref) refs/heads/main refs/remotes/main [0ms]
2024-02-24 16:55:02.053 [info] > git status -z -uall [2ms]
2024-02-24 16:55:05.388 [info] > git config --get commit.template [1ms]
2024-02-24 16:55:05.396 [info] > git for-each-ref --format=%(refname)%00%(upstream:short)%00%(objectname)%00%(upstream:track)%00%(upstream:remotename)%00%(upstream:remoteref) refs/heads/main refs/remotes/main [1ms]
2024-02-24 16:55:05.402 [info] > git status -z -uall [2ms]
2024-02-24 17:06:57.272 [info] > git fetch [665ms]
2024-02-24 17:06:57.284 [info] > git config --get commit.template [6ms]
2024-02-24 17:06:57.284 [info] > git for-each-ref --format=%(refname)%00%(upstream:short)%00%(objectname)%00%(upstream:track)%00%(upstream:remotename)%00%(upstream:remoteref) refs/heads/main refs/remotes/main [0ms]
2024-02-24 17:06:57.298 [info] > git status -z -uall [9ms]
2024-02-24 17:15:20.585 [info] > git config --get commit.template [1ms]
2024-02-24 17:15:20.591 [info] > git for-each-ref --format=%(refname)%00%(upstream:short)%00%(objectname)%00%(upstream:track)%00%(upstream:remotename)%00%(upstream:remoteref) refs/heads/main refs/remotes/main [1ms]
2024-02-24 17:15:20.598 [info] > git status -z -uall [2ms]
2024-02-24 17:15:21.166 [info] > git fetch [586ms]
2024-02-24 17:15:21.172 [info] > git config --get commit.template [1ms]
2024-02-24 17:15:21.180 [info] > git for-each-ref --format=%(refname)%00%(upstream:short)%00%(objectname)%00%(upstream:track)%00%(upstream:remotename)%00%(upstream:remoteref) refs/heads/main refs/remotes/main [1ms]
2024-02-24 17:15:21.186 [info] > git status -z -uall [1ms]
2024-02-24 18:17:13.722 [info] > git config --get commit.template [0ms]
2024-02-24 18:17:13.729 [info] > git for-each-ref --format=%(refname)%00%(upstream:short)%00%(objectname)%00%(upstream:track)%00%(upstream:remotename)%00%(upstream:remoteref) refs/heads/main refs/remotes/main [0ms]
2024-02-24 18:17:13.734 [info] > git status -z -uall [2ms]
2024-02-24 18:17:14.316 [info] > git fetch [600ms]
2024-02-24 18:17:14.330 [info] > git config --get commit.template [6ms]
2024-02-24 18:17:14.331 [info] > git for-each-ref --format=%(refname)%00%(upstream:short)%00%(objectname)%00%(upstream:track)%00%(upstream:remotename)%00%(upstream:remoteref) refs/heads/main refs/remotes/main [1ms]
2024-02-24 18:17:14.337 [info] > git status -z -uall [2ms]
2024-02-24 18:17:21.392 [info] > git config --get commit.template [1ms]
2024-02-24 18:17:21.398 [info] > git for-each-ref --format=%(refname)%00%(upstream:short)%00%(objectname)%00%(upstream:track)%00%(upstream:remotename)%00%(upstream:remoteref) refs/heads/main refs/remotes/main [0ms]
2024-02-24 18:17:21.405 [info] > git status -z -uall [2ms]
2024-02-24 20:24:28.121 [info] > git fetch [1816ms]
2024-02-24 20:24:28.143 [info] > git for-each-ref --format=%(refname)%00%(upstream:short)%00%(objectname)%00%(upstream:track)%00%(upstream:remotename)%00%(upstream:remoteref) refs/heads/main refs/remotes/main [1ms]
2024-02-24 20:24:28.151 [info] > git config --get commit.template [13ms]
2024-02-24 20:24:28.462 [info] > git status -z -uall [308ms]
2024-02-24 20:30:19.958 [info] > git fetch [631ms]
2024-02-24 20:30:19.970 [info] > git config --get commit.template [7ms]
2024-02-24 20:30:19.971 [info] > git for-each-ref --format=%(refname)%00%(upstream:short)%00%(objectname)%00%(upstream:track)%00%(upstream:remotename)%00%(upstream:remoteref) refs/heads/main refs/remotes/main [1ms]
2024-02-24 20:30:19.978 [info] > git status -z -uall [2ms]
2024-02-24 20:30:21.043 [info] > git config --get commit.template [5ms]
2024-02-24 20:30:21.044 [info] > git for-each-ref --format=%(refname)%00%(upstream:short)%00%(objectname)%00%(upstream:track)%00%(upstream:remotename)%00%(upstream:remoteref) refs/heads/main refs/remotes/main [1ms]
2024-02-24 20:30:21.050 [info] > git status -z -uall [2ms]
2024-02-24 20:33:20.595 [info] > git fetch [610ms]
2024-02-24 20:33:20.606 [info] > git config --get commit.template [5ms]
2024-02-24 20:33:20.607 [info] > git for-each-ref --format=%(refname)%00%(upstream:short)%00%(objectname)%00%(upstream:track)%00%(upstream:remotename)%00%(upstream:remoteref) refs/heads/main refs/remotes/main [1ms]
2024-02-24 20:33:20.612 [info] > git status -z -uall [2ms]
2024-02-24 20:33:21.681 [info] > git config --get commit.template [6ms]
2024-02-24 20:33:21.682 [info] > git for-each-ref --format=%(refname)%00%(upstream:short)%00%(objectname)%00%(upstream:track)%00%(upstream:remotename)%00%(upstream:remoteref) refs/heads/main refs/remotes/main [1ms]
2024-02-24 20:33:21.691 [info] > git status -z -uall [2ms]
2024-02-24 20:36:21.226 [info] > git fetch [602ms]
2024-02-24 20:36:21.235 [info] > git config --get commit.template [1ms]
2024-02-24 20:36:21.240 [info] > git for-each-ref --format=%(refname)%00%(upstream:short)%00%(objectname)%00%(upstream:track)%00%(upstream:remotename)%00%(upstream:remoteref) refs/heads/main refs/remotes/main [1ms]
2024-02-24 20:36:21.248 [info] > git status -z -uall [2ms]
2024-02-24 20:36:22.307 [info] > git config --get commit.template [1ms]
2024-02-24 20:36:22.314 [info] > git for-each-ref --format=%(refname)%00%(upstream:short)%00%(objectname)%00%(upstream:track)%00%(upstream:remotename)%00%(upstream:remoteref) refs/heads/main refs/remotes/main [0ms]
2024-02-24 20:36:22.321 [info] > git status -z -uall [2ms]
2024-02-24 20:39:21.913 [info] > git fetch [651ms]
2024-02-24 20:39:21.926 [info] > git config --get commit.template [6ms]
2024-02-24 20:39:21.927 [info] > git for-each-ref --format=%(refname)%00%(upstream:short)%00%(objectname)%00%(upstream:track)%00%(upstream:remotename)%00%(upstream:remoteref) refs/heads/main refs/remotes/main [1ms]
2024-02-24 20:39:21.934 [info] > git status -z -uall [2ms]
2024-02-24 20:39:23.000 [info] > git config --get commit.template [6ms]
2024-02-24 20:39:23.000 [info] > git for-each-ref --format=%(refname)%00%(upstream:short)%00%(objectname)%00%(upstream:track)%00%(upstream:remotename)%00%(upstream:remoteref) refs/heads/main refs/remotes/main [1ms]
2024-02-24 20:39:23.008 [info] > git status -z -uall [2ms]
2024-02-24 20:42:22.573 [info] > git fetch [625ms]
2024-02-24 20:42:22.585 [info] > git config --get commit.template [5ms]
2024-02-24 20:42:22.585 [info] > git for-each-ref --format=%(refname)%00%(upstream:short)%00%(objectname)%00%(upstream:track)%00%(upstream:remotename)%00%(upstream:remoteref) refs/heads/main refs/remotes/main [1ms]
2024-02-24 20:42:22.592 [info] > git status -z -uall [2ms]
2024-02-24 20:42:23.660 [info] > git config --get commit.template [7ms]
2024-02-24 20:42:23.660 [info] > git for-each-ref --format=%(refname)%00%(upstream:short)%00%(objectname)%00%(upstream:track)%00%(upstream:remotename)%00%(upstream:remoteref) refs/heads/main refs/remotes/main [1ms]
2024-02-24 20:42:23.667 [info] > git status -z -uall [2ms]
2024-02-24 20:45:23.213 [info] > git fetch [605ms]
2024-02-24 20:45:23.226 [info] > git config --get commit.template [6ms]
2024-02-24 20:45:23.226 [info] > git for-each-ref --format=%(refname)%00%(upstream:short)%00%(objectname)%00%(upstream:track)%00%(upstream:remotename)%00%(upstream:remoteref) refs/heads/main refs/remotes/main [1ms]
2024-02-24 20:45:23.233 [info] > git status -z -uall [2ms]
2024-02-24 20:45:24.299 [info] > git config --get commit.template [6ms]
2024-02-24 20:45:24.299 [info] > git for-each-ref --format=%(refname)%00%(upstream:short)%00%(objectname)%00%(upstream:track)%00%(upstream:remotename)%00%(upstream:remoteref) refs/heads/main refs/remotes/main [1ms]
2024-02-24 20:45:24.306 [info] > git status -z -uall [3ms]
2024-02-24 20:48:23.861 [info] > git fetch [613ms]
2024-02-24 20:48:23.871 [info] > git config --get commit.template [5ms]
2024-02-24 20:48:23.871 [info] > git for-each-ref --format=%(refname)%00%(upstream:short)%00%(objectname)%00%(upstream:track)%00%(upstream:remotename)%00%(upstream:remoteref) refs/heads/main refs/remotes/main [1ms]
2024-02-24 20:48:23.878 [info] > git status -z -uall [2ms]
2024-02-24 20:48:24.950 [info] > git config --get commit.template [6ms]
2024-02-24 20:48:24.950 [info] > git for-each-ref --format=%(refname)%00%(upstream:short)%00%(objectname)%00%(upstream:track)%00%(upstream:remotename)%00%(upstream:remoteref) refs/heads/main refs/remotes/main [1ms]
2024-02-24 20:48:24.957 [info] > git status -z -uall [2ms]
2024-02-24 21:00:20.247 [info] > git fetch [621ms]
2024-02-24 21:00:20.261 [info] > git config --get commit.template [6ms]
2024-02-24 21:00:20.262 [info] > git for-each-ref --format=%(refname)%00%(upstream:short)%00%(objectname)%00%(upstream:track)%00%(upstream:remotename)%00%(upstream:remoteref) refs/heads/main refs/remotes/main [1ms]
2024-02-24 21:00:20.268 [info] > git status -z -uall [2ms]
2024-02-24 21:09:53.573 [info] > git config --get commit.template [2ms]
2024-02-24 21:09:53.579 [info] > git for-each-ref --format=%(refname)%00%(upstream:short)%00%(objectname)%00%(upstream:track)%00%(upstream:remotename)%00%(upstream:remoteref) refs/heads/main refs/remotes/main [0ms]
2024-02-24 21:09:53.585 [info] > git status -z -uall [1ms]
2024-02-24 21:09:54.181 [info] > git fetch [616ms]
2024-02-24 21:09:54.190 [info] > git config --get commit.template [4ms]
2024-02-24 21:09:54.190 [info] > git for-each-ref --format=%(refname)%00%(upstream:short)%00%(objectname)%00%(upstream:track)%00%(upstream:remotename)%00%(upstream:remoteref) refs/heads/main refs/remotes/main [0ms]
2024-02-24 21:09:54.197 [info] > git status -z -uall [2ms]
2024-02-24 21:11:54.797 [info] > git config --get commit.template [6ms]
2024-02-24 21:11:54.798 [info] > git for-each-ref --format=%(refname)%00%(upstream:short)%00%(objectname)%00%(upstream:track)%00%(upstream:remotename)%00%(upstream:remoteref) refs/heads/main refs/remotes/main [1ms]
2024-02-24 21:11:54.804 [info] > git status -z -uall [2ms]
2024-02-24 21:12:54.835 [info] > git fetch [622ms]
2024-02-24 21:12:54.848 [info] > git config --get commit.template [6ms]
2024-02-24 21:12:54.848 [info] > git for-each-ref --format=%(refname)%00%(upstream:short)%00%(objectname)%00%(upstream:track)%00%(upstream:remotename)%00%(upstream:remoteref) refs/heads/main refs/remotes/main [0ms]
2024-02-24 21:12:54.855 [info] > git status -z -uall [2ms]
2024-02-24 21:12:55.922 [info] > git config --get commit.template [6ms]
2024-02-24 21:12:55.923 [info] > git for-each-ref --format=%(refname)%00%(upstream:short)%00%(objectname)%00%(upstream:track)%00%(upstream:remotename)%00%(upstream:remoteref) refs/heads/main refs/remotes/main [1ms]
2024-02-24 21:12:55.930 [info] > git status -z -uall [2ms]
2024-02-24 21:15:55.463 [info] > git fetch [596ms]
2024-02-24 21:15:55.475 [info] > git config --get commit.template [6ms]
2024-02-24 21:15:55.475 [info] > git for-each-ref --format=%(refname)%00%(upstream:short)%00%(objectname)%00%(upstream:track)%00%(upstream:remotename)%00%(upstream:remoteref) refs/heads/main refs/remotes/main [1ms]
2024-02-24 21:15:55.482 [info] > git status -z -uall [2ms]
2024-02-24 21:15:56.550 [info] > git config --get commit.template [6ms]
2024-02-24 21:15:56.551 [info] > git for-each-ref --format=%(refname)%00%(upstream:short)%00%(objectname)%00%(upstream:track)%00%(upstream:remotename)%00%(upstream:remoteref) refs/heads/main refs/remotes/main [2ms]
2024-02-24 21:15:56.558 [info] > git status -z -uall [2ms]
2024-02-24 21:38:45.136 [info] > git fetch [602ms]
2024-02-24 21:38:45.148 [info] > git config --get commit.template [6ms]
2024-02-24 21:38:45.148 [info] > git for-each-ref --format=%(refname)%00%(upstream:short)%00%(objectname)%00%(upstream:track)%00%(upstream:remotename)%00%(upstream:remoteref) refs/heads/main refs/remotes/main [1ms]
2024-02-24 21:38:45.154 [info] > git status -z -uall [1ms]
2024-02-24 21:45:29.114 [info] > git config --get commit.template [6ms]
2024-02-24 21:45:29.114 [info] > git for-each-ref --format=%(refname)%00%(upstream:short)%00%(objectname)%00%(upstream:track)%00%(upstream:remotename)%00%(upstream:remoteref) refs/heads/main refs/remotes/main [0ms]
2024-02-24 21:45:29.121 [info] > git status -z -uall [2ms]
2024-02-24 21:45:29.695 [info] > git fetch [593ms]
2024-02-24 21:45:29.707 [info] > git config --get commit.template [6ms]
2024-02-24 21:45:29.708 [info] > git for-each-ref --format=%(refname)%00%(upstream:short)%00%(objectname)%00%(upstream:track)%00%(upstream:remotename)%00%(upstream:remoteref) refs/heads/main refs/remotes/main [1ms]
2024-02-24 21:45:29.716 [info] > git status -z -uall [3ms]
2024-02-24 21:45:34.137 [info] > git config --get commit.template [6ms]
2024-02-24 21:45:34.137 [info] > git for-each-ref --format=%(refname)%00%(upstream:short)%00%(objectname)%00%(upstream:track)%00%(upstream:remotename)%00%(upstream:remoteref) refs/heads/main refs/remotes/main [1ms]
2024-02-24 21:45:34.143 [info] > git status -z -uall [1ms]
2024-02-24 22:05:07.944 [info] > git fetch [575ms]
2024-02-24 22:05:07.956 [info] > git config --get commit.template [6ms]
2024-02-24 22:05:07.956 [info] > git for-each-ref --format=%(refname)%00%(upstream:short)%00%(objectname)%00%(upstream:track)%00%(upstream:remotename)%00%(upstream:remoteref) refs/heads/main refs/remotes/main [0ms]
2024-02-24 22:05:07.964 [info] > git status -z -uall [2ms]
2024-02-24 22:05:09.034 [info] > git config --get commit.template [8ms]
2024-02-24 22:05:09.034 [info] > git for-each-ref --format=%(refname)%00%(upstream:short)%00%(objectname)%00%(upstream:track)%00%(upstream:remotename)%00%(upstream:remoteref) refs/heads/main refs/remotes/main [1ms]
2024-02-24 22:05:09.042 [info] > git status -z -uall [2ms]
2024-02-24 22:08:08.570 [info] > git fetch [582ms]
2024-02-24 22:08:08.582 [info] > git config --get commit.template [6ms]
2024-02-24 22:08:08.583 [info] > git for-each-ref --format=%(refname)%00%(upstream:short)%00%(objectname)%00%(upstream:track)%00%(upstream:remotename)%00%(upstream:remoteref) refs/heads/main refs/remotes/main [1ms]
2024-02-24 22:08:08.590 [info] > git status -z -uall [2ms]
2024-02-24 22:08:09.656 [info] > git config --get commit.template [5ms]
2024-02-24 22:08:09.656 [info] > git for-each-ref --format=%(refname)%00%(upstream:short)%00%(objectname)%00%(upstream:track)%00%(upstream:remotename)%00%(upstream:remoteref) refs/heads/main refs/remotes/main [0ms]
2024-02-24 22:08:09.664 [info] > git status -z -uall [3ms]
2024-02-24 22:50:06.273 [info] > git fetch [895ms]
2024-02-24 22:50:06.307 [info] > git config --get commit.template [7ms]
2024-02-24 22:50:06.308 [info] > git for-each-ref --format=%(refname)%00%(upstream:short)%00%(objectname)%00%(upstream:track)%00%(upstream:remotename)%00%(upstream:remoteref) refs/heads/main refs/remotes/main [0ms]
2024-02-24 22:50:06.549 [info] > git status -z -uall [236ms]
2024-02-24 22:54:33.971 [info] > git fetch [848ms]
2024-02-24 22:54:33.980 [info] > git config --get commit.template [4ms]
2024-02-24 22:54:33.981 [info] > git for-each-ref --format=%(refname)%00%(upstream:short)%00%(objectname)%00%(upstream:track)%00%(upstream:remotename)%00%(upstream:remoteref) refs/heads/main refs/remotes/main [1ms]
2024-02-24 22:54:33.987 [info] > git status -z -uall [2ms]
2024-02-24 22:54:35.060 [info] > git config --get commit.template [5ms]
2024-02-24 22:54:35.060 [info] > git for-each-ref --format=%(refname)%00%(upstream:short)%00%(objectname)%00%(upstream:track)%00%(upstream:remotename)%00%(upstream:remoteref) refs/heads/main refs/remotes/main [1ms]
2024-02-24 22:54:35.066 [info] > git status -z -uall [1ms]
2024-02-24 22:54:37.695 [info] > git show --textconv :videos/rust-part-5/src/scenes/00_intro.tsx [7ms]
2024-02-24 22:54:37.695 [info] > git ls-files --stage -- /home/mik3y/videos/code/videos/rust-part-5/src/scenes/00_intro.tsx [1ms]
2024-02-24 22:54:37.703 [info] > git cat-file -s 8562b411c730cd87b2c679f69287d7646001ecf6 [2ms]
2024-02-24 23:06:04.739 [info] > git fetch [580ms]
2024-02-24 23:06:04.751 [info] > git config --get commit.template [6ms]
2024-02-24 23:06:04.752 [info] > git for-each-ref --format=%(refname)%00%(upstream:short)%00%(objectname)%00%(upstream:track)%00%(upstream:remotename)%00%(upstream:remoteref) refs/heads/main refs/remotes/main [1ms]
2024-02-24 23:06:04.759 [info] > git status -z -uall [1ms]
2024-02-24 23:06:05.826 [info] > git config --get commit.template [7ms]
2024-02-24 23:06:05.826 [info] > git for-each-ref --format=%(refname)%00%(upstream:short)%00%(objectname)%00%(upstream:track)%00%(upstream:remotename)%00%(upstream:remoteref) refs/heads/main refs/remotes/main [1ms]
2024-02-24 23:06:05.835 [info] > git status -z -uall [3ms]
2024-02-24 23:06:05.921 [info] > git ls-files --stage -- /home/mik3y/videos/code/videos/rust-part-5/src/scenes/00_intro.tsx [1ms]
2024-02-24 23:06:05.928 [info] > git cat-file -s 8562b411c730cd87b2c679f69287d7646001ecf6 [1ms]
2024-02-24 23:06:05.944 [info] > git show --textconv :videos/rust-part-5/src/scenes/00_intro.tsx [7ms]
2024-02-24 23:09:05.376 [info] > git fetch [604ms]
2024-02-24 23:09:05.390 [info] > git config --get commit.template [7ms]
2024-02-24 23:09:05.390 [info] > git for-each-ref --format=%(refname)%00%(upstream:short)%00%(objectname)%00%(upstream:track)%00%(upstream:remotename)%00%(upstream:remoteref) refs/heads/main refs/remotes/main [1ms]
2024-02-24 23:09:05.399 [info] > git status -z -uall [2ms]
2024-02-24 23:09:06.463 [info] > git config --get commit.template [7ms]
2024-02-24 23:09:06.464 [info] > git for-each-ref --format=%(refname)%00%(upstream:short)%00%(objectname)%00%(upstream:track)%00%(upstream:remotename)%00%(upstream:remoteref) refs/heads/main refs/remotes/main [1ms]
2024-02-24 23:09:06.473 [info] > git status -z -uall [3ms]
2024-02-24 23:09:06.560 [info] > git ls-files --stage -- /home/mik3y/videos/code/videos/rust-part-5/src/scenes/00_intro.tsx [1ms]
2024-02-24 23:09:06.568 [info] > git cat-file -s 8562b411c730cd87b2c679f69287d7646001ecf6 [2ms]
2024-02-24 23:09:06.578 [info] > git show --textconv :videos/rust-part-5/src/scenes/00_intro.tsx [4ms]
2024-02-24 23:12:06.048 [info] > git fetch [625ms]
2024-02-24 23:12:06.065 [info] > git config --get commit.template [9ms]
2024-02-24 23:12:06.065 [info] > git for-each-ref --format=%(refname)%00%(upstream:short)%00%(objectname)%00%(upstream:track)%00%(upstream:remotename)%00%(upstream:remoteref) refs/heads/main refs/remotes/main [1ms]
2024-02-24 23:12:06.076 [info] > git status -z -uall [3ms]
2024-02-24 23:12:07.138 [info] > git config --get commit.template [9ms]
2024-02-24 23:12:07.138 [info] > git for-each-ref --format=%(refname)%00%(upstream:short)%00%(objectname)%00%(upstream:track)%00%(upstream:remotename)%00%(upstream:remoteref) refs/heads/main refs/remotes/main [1ms]
2024-02-24 23:12:07.147 [info] > git status -z -uall [2ms]
2024-02-24 23:12:07.229 [info] > git ls-files --stage -- /home/mik3y/videos/code/videos/rust-part-5/src/scenes/00_intro.tsx [0ms]
2024-02-24 23:12:07.239 [info] > git cat-file -s 8562b411c730cd87b2c679f69287d7646001ecf6 [1ms]
2024-02-24 23:12:07.254 [info] > git show --textconv :videos/rust-part-5/src/scenes/00_intro.tsx [6ms]
2024-02-24 23:15:06.714 [info] > git fetch [616ms]
2024-02-24 23:15:06.727 [info] > git config --get commit.template [5ms]
2024-02-24 23:15:06.728 [info] > git for-each-ref --format=%(refname)%00%(upstream:short)%00%(objectname)%00%(upstream:track)%00%(upstream:remotename)%00%(upstream:remoteref) refs/heads/main refs/remotes/main [1ms]
2024-02-24 23:15:06.734 [info] > git status -z -uall [1ms]
2024-02-24 23:15:07.802 [info] > git config --get commit.template [6ms]
2024-02-24 23:15:07.802 [info] > git for-each-ref --format=%(refname)%00%(upstream:short)%00%(objectname)%00%(upstream:track)%00%(upstream:remotename)%00%(upstream:remoteref) refs/heads/main refs/remotes/main [1ms]
2024-02-24 23:15:07.810 [info] > git status -z -uall [2ms]
2024-02-24 23:15:07.894 [info] > git ls-files --stage -- /home/mik3y/videos/code/videos/rust-part-5/src/scenes/00_intro.tsx [0ms]
2024-02-24 23:15:07.901 [info] > git cat-file -s 8562b411c730cd87b2c679f69287d7646001ecf6 [1ms]
2024-02-24 23:15:07.910 [info] > git show --textconv :videos/rust-part-5/src/scenes/00_intro.tsx [1ms]
2024-02-24 23:18:07.346 [info] > git fetch [594ms]
2024-02-24 23:18:07.363 [info] > git config --get commit.template [9ms]
2024-02-24 23:18:07.363 [info] > git for-each-ref --format=%(refname)%00%(upstream:short)%00%(objectname)%00%(upstream:track)%00%(upstream:remotename)%00%(upstream:remoteref) refs/heads/main refs/remotes/main [1ms]
2024-02-24 23:18:07.372 [info] > git status -z -uall [1ms]
2024-02-24 23:18:08.432 [info] > git config --get commit.template [2ms]
2024-02-24 23:18:08.440 [info] > git for-each-ref --format=%(refname)%00%(upstream:short)%00%(objectname)%00%(upstream:track)%00%(upstream:remotename)%00%(upstream:remoteref) refs/heads/main refs/remotes/main [1ms]
2024-02-24 23:18:08.447 [info] > git status -z -uall [1ms]
2024-02-24 23:18:08.527 [info] > git ls-files --stage -- /home/mik3y/videos/code/videos/rust-part-5/src/scenes/00_intro.tsx [1ms]
2024-02-24 23:18:08.536 [info] > git cat-file -s 8562b411c730cd87b2c679f69287d7646001ecf6 [1ms]
2024-02-24 23:18:08.546 [info] > git show --textconv :videos/rust-part-5/src/scenes/00_intro.tsx [1ms]
2024-02-24 23:21:08.001 [info] > git fetch [607ms]
2024-02-24 23:21:08.013 [info] > git config --get commit.template [6ms]
2024-02-24 23:21:08.014 [info] > git for-each-ref --format=%(refname)%00%(upstream:short)%00%(objectname)%00%(upstream:track)%00%(upstream:remotename)%00%(upstream:remoteref) refs/heads/main refs/remotes/main [1ms]
2024-02-24 23:21:08.022 [info] > git status -z -uall [1ms]
2024-02-24 23:21:09.093 [info] > git for-each-ref --format=%(refname)%00%(upstream:short)%00%(objectname)%00%(upstream:track)%00%(upstream:remotename)%00%(upstream:remoteref) refs/heads/main refs/remotes/main [0ms]
2024-02-24 23:21:09.094 [info] > git config --get commit.template [8ms]
2024-02-24 23:21:09.103 [info] > git status -z -uall [2ms]
2024-02-24 23:21:09.184 [info] > git ls-files --stage -- /home/mik3y/videos/code/videos/rust-part-5/src/scenes/00_intro.tsx [1ms]
2024-02-24 23:21:09.192 [info] > git cat-file -s 8562b411c730cd87b2c679f69287d7646001ecf6 [1ms]
2024-02-24 23:21:09.201 [info] > git show --textconv :videos/rust-part-5/src/scenes/00_intro.tsx [1ms]
2024-02-24 23:25:38.168 [info] > git fetch [613ms]
2024-02-24 23:25:38.181 [info] > git config --get commit.template [6ms]
2024-02-24 23:25:38.181 [info] > git for-each-ref --format=%(refname)%00%(upstream:short)%00%(objectname)%00%(upstream:track)%00%(upstream:remotename)%00%(upstream:remoteref) refs/heads/main refs/remotes/main [1ms]
2024-02-24 23:25:38.189 [info] > git status -z -uall [2ms]
