2024-02-23 23:11:28.542 [info] Log level: Info
2024-02-23 23:11:28.542 [info] Validating found git in: "git"
2024-02-23 23:11:34.553 [info] Using git "2.43.2" from "git"
2024-02-23 23:11:35.290 [info] > git rev-parse --show-toplevel [56ms]
2024-02-23 23:11:35.299 [info] > git rev-parse --git-dir --git-common-dir [1ms]
2024-02-23 23:11:35.313 [info] Open repository: /home/mik3y/videos/code
2024-02-23 23:11:35.338 [info] > git config --get commit.template [8ms]
2024-02-23 23:11:35.617 [info] > git rev-parse --show-toplevel [281ms]
2024-02-23 23:11:35.617 [info] fatal: not a git repository (or any of the parent directories): .git
2024-02-23 23:11:35.625 [info] > git rev-parse --show-toplevel [0ms]
2024-02-23 23:11:35.632 [info] > git rev-parse --show-toplevel [0ms]
2024-02-23 23:11:35.640 [info] > git rev-parse --show-toplevel [1ms]
2024-02-23 23:11:35.646 [info] > git rev-parse --show-toplevel [1ms]
2024-02-23 23:11:35.722 [info] > git for-each-ref --format=%(refname)%00%(upstream:short)%00%(objectname)%00%(upstream:track)%00%(upstream:remotename)%00%(upstream:remoteref) refs/heads/main refs/remotes/main [377ms]
2024-02-23 23:11:36.784 [info] > git check-ignore -v -z --stdin [545ms]
2024-02-23 23:11:39.503 [info] > git status -z -uall [3774ms]
2024-02-23 23:11:39.518 [info] > git config --get commit.template [2ms]
2024-02-23 23:11:39.544 [info] > git for-each-ref --format=%(refname)%00%(upstream:short)%00%(objectname)%00%(upstream:track)%00%(upstream:remotename)%00%(upstream:remoteref) refs/heads/main refs/remotes/main [19ms]
2024-02-23 23:11:39.554 [info] > git status -z -uall [2ms]
2024-02-23 23:11:43.441 [info] > git fetch [8127ms]
2024-02-23 23:11:43.455 [info] > git config --get commit.template [7ms]
2024-02-23 23:11:43.455 [info] > git for-each-ref --format=%(refname)%00%(upstream:short)%00%(objectname)%00%(upstream:track)%00%(upstream:remotename)%00%(upstream:remoteref) refs/heads/main refs/remotes/main [1ms]
2024-02-23 23:11:43.464 [info] > git status -z -uall [2ms]
2024-02-23 23:24:30.556 [info] > git fetch [619ms]
2024-02-23 23:24:30.571 [info] > git config --get commit.template [7ms]
2024-02-23 23:24:30.572 [info] > git for-each-ref --format=%(refname)%00%(upstream:short)%00%(objectname)%00%(upstream:track)%00%(upstream:remotename)%00%(upstream:remoteref) refs/heads/main refs/remotes/main [1ms]
2024-02-23 23:24:30.579 [info] > git status -z -uall [2ms]
2024-02-23 23:25:24.703 [info] > git config --get commit.template [8ms]
2024-02-23 23:25:24.703 [info] > git for-each-ref --format=%(refname)%00%(upstream:short)%00%(objectname)%00%(upstream:track)%00%(upstream:remotename)%00%(upstream:remoteref) refs/heads/main refs/remotes/main [1ms]
2024-02-23 23:25:24.709 [info] > git status -z -uall [2ms]
2024-02-23 23:27:31.190 [info] > git fetch [573ms]
2024-02-23 23:27:31.204 [info] > git config --get commit.template [7ms]
2024-02-23 23:27:31.204 [info] > git for-each-ref --format=%(refname)%00%(upstream:short)%00%(objectname)%00%(upstream:track)%00%(upstream:remotename)%00%(upstream:remoteref) refs/heads/main refs/remotes/main [1ms]
2024-02-23 23:27:31.212 [info] > git status -z -uall [2ms]
2024-02-23 23:27:32.271 [info] > git config --get commit.template [1ms]
2024-02-23 23:27:32.279 [info] > git for-each-ref --format=%(refname)%00%(upstream:short)%00%(objectname)%00%(upstream:track)%00%(upstream:remotename)%00%(upstream:remoteref) refs/heads/main refs/remotes/main [1ms]
2024-02-23 23:27:32.287 [info] > git status -z -uall [1ms]
2024-02-23 23:30:31.838 [info] > git fetch [608ms]
2024-02-23 23:30:31.853 [info] > git config --get commit.template [7ms]
2024-02-23 23:30:31.853 [info] > git for-each-ref --format=%(refname)%00%(upstream:short)%00%(objectname)%00%(upstream:track)%00%(upstream:remotename)%00%(upstream:remoteref) refs/heads/main refs/remotes/main [1ms]
2024-02-23 23:30:31.862 [info] > git status -z -uall [2ms]
2024-02-23 23:30:32.919 [info] > git config --get commit.template [1ms]
2024-02-23 23:30:32.928 [info] > git for-each-ref --format=%(refname)%00%(upstream:short)%00%(objectname)%00%(upstream:track)%00%(upstream:remotename)%00%(upstream:remoteref) refs/heads/main refs/remotes/main [1ms]
2024-02-23 23:30:32.937 [info] > git status -z -uall [3ms]
2024-02-23 23:33:32.509 [info] > git fetch [612ms]
2024-02-23 23:33:32.524 [info] > git config --get commit.template [7ms]
2024-02-23 23:33:32.524 [info] > git for-each-ref --format=%(refname)%00%(upstream:short)%00%(objectname)%00%(upstream:track)%00%(upstream:remotename)%00%(upstream:remoteref) refs/heads/main refs/remotes/main [1ms]
2024-02-23 23:33:32.533 [info] > git status -z -uall [2ms]
2024-02-23 23:33:33.598 [info] > git config --get commit.template [8ms]
2024-02-23 23:33:33.598 [info] > git for-each-ref --format=%(refname)%00%(upstream:short)%00%(objectname)%00%(upstream:track)%00%(upstream:remotename)%00%(upstream:remoteref) refs/heads/main refs/remotes/main [1ms]
2024-02-23 23:33:33.606 [info] > git status -z -uall [2ms]
2024-02-23 23:36:33.181 [info] > git fetch [611ms]
2024-02-23 23:36:33.191 [info] > git config --get commit.template [4ms]
2024-02-23 23:36:33.192 [info] > git for-each-ref --format=%(refname)%00%(upstream:short)%00%(objectname)%00%(upstream:track)%00%(upstream:remotename)%00%(upstream:remoteref) refs/heads/main refs/remotes/main [1ms]
2024-02-23 23:36:33.198 [info] > git status -z -uall [2ms]
2024-02-23 23:36:34.270 [info] > git config --get commit.template [7ms]
2024-02-23 23:36:34.271 [info] > git for-each-ref --format=%(refname)%00%(upstream:short)%00%(objectname)%00%(upstream:track)%00%(upstream:remotename)%00%(upstream:remoteref) refs/heads/main refs/remotes/main [1ms]
2024-02-23 23:36:34.279 [info] > git status -z -uall [2ms]
2024-02-23 23:39:33.859 [info] > git fetch [622ms]
2024-02-23 23:39:33.871 [info] > git config --get commit.template [5ms]
2024-02-23 23:39:33.871 [info] > git for-each-ref --format=%(refname)%00%(upstream:short)%00%(objectname)%00%(upstream:track)%00%(upstream:remotename)%00%(upstream:remoteref) refs/heads/main refs/remotes/main [1ms]
2024-02-23 23:39:33.877 [info] > git status -z -uall [1ms]
2024-02-23 23:39:34.948 [info] > git config --get commit.template [7ms]
2024-02-23 23:39:34.949 [info] > git for-each-ref --format=%(refname)%00%(upstream:short)%00%(objectname)%00%(upstream:track)%00%(upstream:remotename)%00%(upstream:remoteref) refs/heads/main refs/remotes/main [2ms]
2024-02-23 23:39:34.957 [info] > git status -z -uall [2ms]
2024-02-23 23:42:39.734 [info] > git fetch [606ms]
2024-02-23 23:42:39.750 [info] > git for-each-ref --format=%(refname)%00%(upstream:short)%00%(objectname)%00%(upstream:track)%00%(upstream:remotename)%00%(upstream:remoteref) refs/heads/main refs/remotes/main [2ms]
2024-02-23 23:42:39.750 [info] > git config --get commit.template [8ms]
2024-02-23 23:42:39.758 [info] > git status -z -uall [3ms]
2024-02-23 23:42:40.822 [info] > git config --get commit.template [7ms]
2024-02-23 23:42:40.822 [info] > git for-each-ref --format=%(refname)%00%(upstream:short)%00%(objectname)%00%(upstream:track)%00%(upstream:remotename)%00%(upstream:remoteref) refs/heads/main refs/remotes/main [1ms]
2024-02-23 23:42:40.830 [info] > git status -z -uall [1ms]
2024-02-23 23:57:07.611 [info] > git fetch [598ms]
2024-02-23 23:57:07.621 [info] > git config --get commit.template [5ms]
2024-02-23 23:57:07.622 [info] > git for-each-ref --format=%(refname)%00%(upstream:short)%00%(objectname)%00%(upstream:track)%00%(upstream:remotename)%00%(upstream:remoteref) refs/heads/main refs/remotes/main [0ms]
2024-02-23 23:57:07.629 [info] > git status -z -uall [2ms]
2024-02-23 23:57:08.707 [info] > git config --get commit.template [0ms]
2024-02-23 23:57:08.712 [info] > git for-each-ref --format=%(refname)%00%(upstream:short)%00%(objectname)%00%(upstream:track)%00%(upstream:remotename)%00%(upstream:remoteref) refs/heads/main refs/remotes/main [0ms]
2024-02-23 23:57:08.720 [info] > git status -z -uall [3ms]
