2024-02-25 13:43:52.471 [info] Reading sessions from keychain...
2024-02-25 13:43:52.471 [info] Getting sessions for all scopes...
2024-02-25 13:43:52.471 [info] Getting sessions for read:user,repo,user:email...
2024-02-25 13:43:52.938 [info] Getting sessions for read:user,repo,user:email,workflow...
2024-02-25 13:43:53.843 [info] Getting sessions for all scopes...
2024-02-25 13:43:53.850 [info] Got stored sessions!
2024-02-25 13:43:53.850 [info] Got 1 verified sessions.
2024-02-25 13:43:53.850 [info] Got 1 sessions for ...
2024-02-25 13:43:53.850 [info] Got 0 sessions for read:user,repo,user:email...
2024-02-25 13:43:53.850 [info] Got 1 sessions for read:user,repo,user:email,workflow...
2024-02-25 13:43:53.850 [info] Got 1 sessions for ...
2024-02-25 13:43:54.482 [info] Getting sessions for read:user,repo,user:email,workflow...
2024-02-25 13:43:54.482 [info] Got 1 sessions for read:user,repo,user:email,workflow...
2024-02-25 14:05:14.320 [info] Reading sessions from keychain...
2024-02-25 14:05:14.320 [info] Getting sessions for all scopes...
2024-02-25 14:05:14.323 [info] Got stored sessions!
2024-02-25 14:05:14.323 [info] Got 1 verified sessions.
2024-02-25 14:05:14.323 [info] Got 1 sessions for ...
2024-02-25 14:05:14.323 [info] Getting sessions for read:user,repo,user:email,workflow...
2024-02-25 14:05:14.323 [info] Got 1 sessions for read:user,repo,user:email,workflow...
2024-02-25 14:05:14.323 [info] Getting sessions for read:user,repo,user:email...
2024-02-25 14:05:14.323 [info] Got 0 sessions for read:user,repo,user:email...
2024-02-25 14:05:14.328 [info] Getting sessions for all scopes...
2024-02-25 14:05:14.328 [info] Got 1 sessions for ...
2024-02-25 14:05:14.730 [info] Getting sessions for read:user,repo,user:email,workflow...
2024-02-25 14:05:14.730 [info] Got 1 sessions for read:user,repo,user:email,workflow...
2024-02-25 14:36:16.614 [info] Reading sessions from keychain...
2024-02-25 14:36:16.695 [info] Getting sessions for all scopes...
2024-02-25 14:36:16.695 [info] Got stored sessions!
2024-02-25 14:36:16.695 [info] Got 1 verified sessions.
2024-02-25 14:36:16.695 [info] Got 1 sessions for ...
2024-02-25 14:36:16.695 [info] Getting sessions for all scopes...
2024-02-25 14:36:16.695 [info] Got 1 sessions for ...
2024-02-25 14:36:16.695 [info] Getting sessions for read:user,repo,user:email,workflow...
2024-02-25 14:36:16.695 [info] Got 1 sessions for read:user,repo,user:email,workflow...
2024-02-25 14:36:16.899 [info] Getting sessions for read:user,repo,user:email...
2024-02-25 14:36:16.899 [info] Got 0 sessions for read:user,repo,user:email...
2024-02-25 14:36:17.229 [info] Getting sessions for read:user,repo,user:email,workflow...
2024-02-25 14:36:17.229 [info] Got 1 sessions for read:user,repo,user:email,workflow...
