2024-02-23 23:11:36.297 [info] Reading sessions from keychain...
2024-02-23 23:11:36.297 [info] Getting sessions for all scopes...
2024-02-23 23:11:36.297 [info] Got stored sessions!
2024-02-23 23:11:36.297 [info] Got 1 verified sessions.
2024-02-23 23:11:36.297 [info] Got 1 sessions for ...
2024-02-23 23:11:36.297 [info] Getting sessions for all scopes...
2024-02-23 23:11:36.297 [info] Got 1 sessions for ...
2024-02-23 23:11:36.297 [info] Getting sessions for read:user,repo,user:email...
2024-02-23 23:11:36.297 [info] Got 0 sessions for read:user,repo,user:email...
2024-02-23 23:11:36.936 [info] Getting sessions for read:user,repo,user:email,workflow...
2024-02-23 23:11:36.936 [info] Got 1 sessions for read:user,repo,user:email,workflow...
2024-02-23 23:11:37.554 [info] Getting sessions for read:user,repo,user:email,workflow...
2024-02-23 23:11:37.554 [info] Got 1 sessions for read:user,repo,user:email,workflow...
2024-02-23 23:44:15.984 [info] Reading sessions from keychain...
2024-02-23 23:44:15.986 [info] Getting sessions for all scopes...
2024-02-23 23:44:15.988 [info] Got stored sessions!
2024-02-23 23:44:15.988 [info] Got 1 verified sessions.
2024-02-23 23:44:15.988 [info] Got 1 sessions for ...
2024-02-23 23:44:15.989 [info] Getting sessions for read:user,repo,user:email,workflow...
2024-02-23 23:44:15.989 [info] Got 1 sessions for read:user,repo,user:email,workflow...
2024-02-23 23:44:15.989 [info] Getting sessions for read:user,repo,user:email...
2024-02-23 23:44:15.989 [info] Got 0 sessions for read:user,repo,user:email...
2024-02-23 23:44:16.032 [info] Getting sessions for all scopes...
2024-02-23 23:44:16.032 [info] Got 1 sessions for ...
2024-02-23 23:44:16.393 [info] Getting sessions for read:user,repo,user:email,workflow...
2024-02-23 23:44:16.393 [info] Got 1 sessions for read:user,repo,user:email,workflow...
