2024-02-24 09:56:10.303 [info] Log level: Info
2024-02-24 09:56:10.303 [info] Validating found git in: "git"
2024-02-24 09:56:10.303 [info] Using git "2.43.2" from "git"
2024-02-24 10:29:35.040 [info] Log level: Info
2024-02-24 10:29:35.040 [info] Validating found git in: "git"
2024-02-24 10:29:35.040 [info] Using git "2.43.2" from "git"
2024-02-24 10:29:35.040 [info] > git rev-parse --show-toplevel [1ms]
2024-02-24 10:29:35.040 [info] > git rev-parse --git-dir --git-common-dir [1ms]
2024-02-24 10:29:35.040 [info] Open repository: /home/mik3y/videos/code
2024-02-24 10:29:35.040 [info] > git config --get commit.template [4ms]
2024-02-24 10:29:35.040 [info] > git rev-parse --show-toplevel [2ms]
2024-02-24 10:29:35.040 [info] fatal: not a git repository (or any of the parent directories): .git
2024-02-24 10:29:35.040 [info] > git rev-parse --show-toplevel [3ms]
2024-02-24 10:29:35.040 [info] > git for-each-ref --format=%(refname)%00%(upstream:short)%00%(objectname)%00%(upstream:track)%00%(upstream:remotename)%00%(upstream:remoteref) refs/heads/main refs/remotes/main [8ms]
2024-02-24 10:29:35.040 [info] > git status -z -uall [8ms]
2024-02-24 10:29:35.040 [info] > git rev-parse --show-toplevel [196ms]
2024-02-24 10:29:35.088 [info] > git config --get commit.template [159ms]
2024-02-24 10:29:35.119 [info] > git rev-parse --show-toplevel [68ms]
2024-02-24 10:29:35.144 [info] > git for-each-ref --format=%(refname)%00%(upstream:short)%00%(objectname)%00%(upstream:track)%00%(upstream:remotename)%00%(upstream:remoteref) refs/heads/main refs/remotes/main [8ms]
2024-02-24 10:29:35.162 [info] > git status -z -uall [6ms]
2024-02-24 10:29:35.166 [info] > git rev-parse --show-toplevel [23ms]
2024-02-24 10:29:35.461 [info] > git check-ignore -v -z --stdin [0ms]
2024-02-24 10:40:26.553 [info] > git fetch [737ms]
2024-02-24 10:40:26.564 [info] > git config --get commit.template [4ms]
2024-02-24 10:40:26.564 [info] > git for-each-ref --format=%(refname)%00%(upstream:short)%00%(objectname)%00%(upstream:track)%00%(upstream:remotename)%00%(upstream:remoteref) refs/heads/main refs/remotes/main [1ms]
2024-02-24 10:40:26.571 [info] > git status -z -uall [2ms]
2024-02-24 10:40:27.633 [info] > git config --get commit.template [6ms]
2024-02-24 10:40:27.633 [info] > git for-each-ref --format=%(refname)%00%(upstream:short)%00%(objectname)%00%(upstream:track)%00%(upstream:remotename)%00%(upstream:remoteref) refs/heads/main refs/remotes/main [1ms]
2024-02-24 10:40:27.640 [info] > git status -z -uall [2ms]
2024-02-24 10:43:27.182 [info] > git fetch [584ms]
2024-02-24 10:43:27.195 [info] > git config --get commit.template [6ms]
2024-02-24 10:43:27.195 [info] > git for-each-ref --format=%(refname)%00%(upstream:short)%00%(objectname)%00%(upstream:track)%00%(upstream:remotename)%00%(upstream:remoteref) refs/heads/main refs/remotes/main [1ms]
2024-02-24 10:43:27.203 [info] > git status -z -uall [2ms]
2024-02-24 10:43:28.267 [info] > git config --get commit.template [5ms]
2024-02-24 10:43:28.267 [info] > git for-each-ref --format=%(refname)%00%(upstream:short)%00%(objectname)%00%(upstream:track)%00%(upstream:remotename)%00%(upstream:remoteref) refs/heads/main refs/remotes/main [1ms]
2024-02-24 10:43:28.276 [info] > git status -z -uall [3ms]
2024-02-24 11:01:59.928 [info] > git fetch [613ms]
2024-02-24 11:01:59.938 [info] > git config --get commit.template [4ms]
2024-02-24 11:01:59.938 [info] > git for-each-ref --format=%(refname)%00%(upstream:short)%00%(objectname)%00%(upstream:track)%00%(upstream:remotename)%00%(upstream:remoteref) refs/heads/main refs/remotes/main [1ms]
2024-02-24 11:01:59.943 [info] > git status -z -uall [1ms]
2024-02-24 11:02:01.016 [info] > git config --get commit.template [6ms]
2024-02-24 11:02:01.016 [info] > git for-each-ref --format=%(refname)%00%(upstream:short)%00%(objectname)%00%(upstream:track)%00%(upstream:remotename)%00%(upstream:remoteref) refs/heads/main refs/remotes/main [1ms]
2024-02-24 11:02:01.025 [info] > git status -z -uall [2ms]
2024-02-24 11:59:01.950 [info] > git fetch [615ms]
2024-02-24 11:59:01.959 [info] > git config --get commit.template [4ms]
2024-02-24 11:59:01.959 [info] > git for-each-ref --format=%(refname)%00%(upstream:short)%00%(objectname)%00%(upstream:track)%00%(upstream:remotename)%00%(upstream:remoteref) refs/heads/main refs/remotes/main [1ms]
2024-02-24 11:59:01.964 [info] > git status -z -uall [2ms]
2024-02-24 11:59:03.034 [info] > git config --get commit.template [1ms]
2024-02-24 11:59:03.041 [info] > git for-each-ref --format=%(refname)%00%(upstream:short)%00%(objectname)%00%(upstream:track)%00%(upstream:remotename)%00%(upstream:remoteref) refs/heads/main refs/remotes/main [1ms]
2024-02-24 11:59:03.049 [info] > git status -z -uall [1ms]
