2024-02-24 06:35:40.287 [info] Extension host with pid 3782 started
2024-02-24 06:35:40.287 [info] Skipping acquiring lock for /home/mik3y/.config/Code/User/workspaceStorage/3dbe1af6c19ac483a2415d11263c350b.
2024-02-24 06:35:40.483 [info] ExtensionService#_doActivateExtension DioxusLabs.dioxus, startup: false, activationEvent: 'onLanguage:rust'
2024-02-24 06:35:40.808 [info] ExtensionService#_doActivateExtension evgeniypeshkov.syntax-highlighter, startup: false, activationEvent: 'onLanguage:rust'
2024-02-24 06:35:43.484 [info] ExtensionService#_doActivateExtension rust-lang.rust-analyzer, startup: false, activationEvent: 'onLanguage:rust'
2024-02-24 06:35:43.915 [info] ExtensionService#_doActivateExtension vscode.emmet, startup: false, activationEvent: 'onLanguage'
2024-02-24 06:35:44.813 [info] ExtensionService#_doActivateExtension vscode.git-base, startup: true, activationEvent: '*', root cause: vscode.git
2024-02-24 06:35:45.432 [info] ExtensionService#_doActivateExtension vscode.git, startup: true, activationEvent: '*'
2024-02-24 06:35:45.842 [info] ExtensionService#_doActivateExtension vscode.github, startup: true, activationEvent: '*'
2024-02-24 06:35:49.168 [info] ExtensionService#_doActivateExtension vscode.github-authentication, startup: false, activationEvent: 'onAuthenticationRequest:github'
2024-02-24 06:35:49.394 [info] ExtensionService#_doActivateExtension znck.grammarly, startup: false, activationEvent: 'onLanguage:plaintext'
2024-02-24 06:35:49.874 [info] Eager extensions activated
2024-02-24 06:35:49.875 [info] ExtensionService#_doActivateExtension vscode.debug-auto-launch, startup: false, activationEvent: 'onStartupFinished'
2024-02-24 06:35:49.958 [info] ExtensionService#_doActivateExtension vscode.merge-conflict, startup: false, activationEvent: 'onStartupFinished'
2024-02-24 06:35:50.202 [info] ExtensionService#_doActivateExtension Catppuccin.catppuccin-vsc, startup: false, activationEvent: 'onStartupFinished'
2024-02-24 06:35:50.397 [info] ExtensionService#_doActivateExtension Catppuccin.catppuccin-vsc-icons, startup: false, activationEvent: 'onStartupFinished'
2024-02-24 06:35:50.595 [info] ExtensionService#_doActivateExtension dbaeumer.vscode-eslint, startup: false, activationEvent: 'onStartupFinished'
2024-02-24 06:35:50.823 [info] ExtensionService#_doActivateExtension eamodio.gitlens, startup: false, activationEvent: 'onStartupFinished'
2024-02-24 06:35:51.355 [info] ExtensionService#_doActivateExtension esbenp.prettier-vscode, startup: false, activationEvent: 'onStartupFinished'
2024-02-24 06:35:52.341 [info] ExtensionService#_doActivateExtension pest.pest-ide-tools, startup: false, activationEvent: 'onStartupFinished'
2024-02-24 06:35:52.592 [info] ExtensionService#_doActivateExtension vadimcn.vscode-lldb, startup: false, activationEvent: 'onStartupFinished'
2024-02-24 10:31:45.259 [warning] rust-lang.rust-analyzer - Code actions of kind 'source.fixAll.eslint 'requested but returned code action is of kind 'quickfix'. Code action will be dropped. Please check 'CodeActionContext.only' to only return requested code actions.
2024-02-24 10:31:45.259 [warning] rust-lang.rust-analyzer - Code actions of kind 'source.fixAll.eslint 'requested but returned code action is of kind 'quickfix'. Code action will be dropped. Please check 'CodeActionContext.only' to only return requested code actions.
2024-02-24 10:31:45.259 [warning] rust-lang.rust-analyzer - Code actions of kind 'source.fixAll.eslint 'requested but returned code action is of kind 'quickfix'. Code action will be dropped. Please check 'CodeActionContext.only' to only return requested code actions.
2024-02-24 10:31:52.579 [warning] rust-lang.rust-analyzer - Code actions of kind 'source.fixAll.eslint 'requested but returned code action is of kind 'quickfix'. Code action will be dropped. Please check 'CodeActionContext.only' to only return requested code actions.
2024-02-24 10:31:52.579 [warning] rust-lang.rust-analyzer - Code actions of kind 'source.fixAll.eslint 'requested but returned code action is of kind 'quickfix'. Code action will be dropped. Please check 'CodeActionContext.only' to only return requested code actions.
2024-02-24 10:33:10.167 [warning] rust-lang.rust-analyzer - Code actions of kind 'source.fixAll.eslint 'requested but returned code action is of kind 'quickfix'. Code action will be dropped. Please check 'CodeActionContext.only' to only return requested code actions.
2024-02-24 10:33:10.167 [warning] rust-lang.rust-analyzer - Code actions of kind 'source.fixAll.eslint 'requested but returned code action is of kind 'quickfix'. Code action will be dropped. Please check 'CodeActionContext.only' to only return requested code actions.
2024-02-24 10:33:10.167 [warning] rust-lang.rust-analyzer - Code actions of kind 'source.fixAll.eslint 'requested but returned code action is of kind 'quickfix'. Code action will be dropped. Please check 'CodeActionContext.only' to only return requested code actions.
2024-02-24 10:33:13.170 [warning] rust-lang.rust-analyzer - Code actions of kind 'source.fixAll.eslint 'requested but returned code action is of kind 'quickfix'. Code action will be dropped. Please check 'CodeActionContext.only' to only return requested code actions.
2024-02-24 10:33:13.590 [error] Error: INVALID code lens resolved, lacks command: rust-lang.rust-analyzer
	at d.resolveCodeLens (/opt/visual-studio-code/resources/app/out/vs/workbench/api/node/extensionHostProcess.js:150:87092)
	at runNextTicks (node:internal/process/task_queues:60:5)
	at process.processImmediate (node:internal/timers:447:9)
2024-02-24 10:33:13.590 [error] Error: INVALID code lens resolved, lacks command: rust-lang.rust-analyzer
	at d.resolveCodeLens (/opt/visual-studio-code/resources/app/out/vs/workbench/api/node/extensionHostProcess.js:150:87092)
2024-02-24 10:33:55.678 [warning] TextEditor is closed/disposed
2024-02-24 10:34:34.192 [warning] TextEditor is closed/disposed
2024-02-24 10:35:53.313 [warning] TextEditor is closed/disposed
2024-02-24 10:36:07.748 [warning] rust-lang.rust-analyzer - Code actions of kind 'source.fixAll.eslint 'requested but returned code action is of kind 'quickfix'. Code action will be dropped. Please check 'CodeActionContext.only' to only return requested code actions.
2024-02-24 10:36:18.939 [warning] rust-lang.rust-analyzer - Code actions of kind 'source.fixAll.eslint 'requested but returned code action is of kind 'quickfix'. Code action will be dropped. Please check 'CodeActionContext.only' to only return requested code actions.
2024-02-24 10:36:18.940 [warning] rust-lang.rust-analyzer - Code actions of kind 'source.fixAll.eslint 'requested but returned code action is of kind 'quickfix'. Code action will be dropped. Please check 'CodeActionContext.only' to only return requested code actions.
2024-02-24 10:36:38.090 [warning] rust-lang.rust-analyzer - Code actions of kind 'source.fixAll.eslint 'requested but returned code action is of kind 'quickfix'. Code action will be dropped. Please check 'CodeActionContext.only' to only return requested code actions.
2024-02-24 10:36:43.819 [warning] rust-lang.rust-analyzer - Code actions of kind 'source.fixAll.eslint 'requested but returned code action is of kind 'quickfix'. Code action will be dropped. Please check 'CodeActionContext.only' to only return requested code actions.
2024-02-24 10:37:49.444 [warning] rust-lang.rust-analyzer - Code actions of kind 'source.fixAll.eslint 'requested but returned code action is of kind 'quickfix'. Code action will be dropped. Please check 'CodeActionContext.only' to only return requested code actions.
2024-02-24 10:37:53.800 [warning] rust-lang.rust-analyzer - Code actions of kind 'source.fixAll.eslint 'requested but returned code action is of kind 'quickfix'. Code action will be dropped. Please check 'CodeActionContext.only' to only return requested code actions.
2024-02-24 10:38:01.754 [warning] rust-lang.rust-analyzer - Code actions of kind 'source.fixAll.eslint 'requested but returned code action is of kind 'quickfix'. Code action will be dropped. Please check 'CodeActionContext.only' to only return requested code actions.
2024-02-24 10:38:27.081 [warning] rust-lang.rust-analyzer - Code actions of kind 'source.fixAll.eslint 'requested but returned code action is of kind 'quickfix'. Code action will be dropped. Please check 'CodeActionContext.only' to only return requested code actions.
2024-02-24 10:40:03.144 [warning] TextEditor is closed/disposed
2024-02-24 10:40:06.490 [warning] TextEditor is closed/disposed
2024-02-24 10:40:07.794 [warning] TextEditor is closed/disposed
2024-02-24 10:40:08.401 [warning] TextEditor is closed/disposed
2024-02-24 10:44:00.661 [warning] TextEditor is closed/disposed
2024-02-24 10:44:09.692 [warning] TextEditor is closed/disposed
2024-02-24 10:45:31.895 [warning] TextEditor is closed/disposed
2024-02-24 10:45:35.227 [warning] TextEditor is closed/disposed
2024-02-24 10:45:37.749 [warning] TextEditor is closed/disposed
2024-02-24 10:45:49.106 [warning] TextEditor is closed/disposed
2024-02-24 10:47:30.928 [warning] rust-lang.rust-analyzer - Code actions of kind 'source.fixAll.eslint 'requested but returned code action is of kind 'quickfix'. Code action will be dropped. Please check 'CodeActionContext.only' to only return requested code actions.
2024-02-24 11:05:55.298 [warning] TextEditor is closed/disposed
2024-02-24 11:06:33.438 [warning] rust-lang.rust-analyzer - Code actions of kind 'source.fixAll.eslint 'requested but returned code action is of kind 'quickfix'. Code action will be dropped. Please check 'CodeActionContext.only' to only return requested code actions.
2024-02-24 11:06:35.797 [warning] rust-lang.rust-analyzer - Code actions of kind 'source.fixAll.eslint 'requested but returned code action is of kind 'quickfix'. Code action will be dropped. Please check 'CodeActionContext.only' to only return requested code actions.
2024-02-24 11:59:05.682 [info] Extension host terminating: renderer closed the MessagePort
2024-02-24 11:59:05.708 [warning] Canceled
2024-02-24 11:59:05.709 [error] Canceled: Canceled
	at new f (/opt/visual-studio-code/resources/app/out/vs/workbench/api/node/extensionHostProcess.js:140:45069)
	at d.U (/opt/visual-studio-code/resources/app/out/vs/workbench/api/node/extensionHostProcess.js:147:5557)
	at T.<computed>.O.charCodeAt.T.<computed> (/opt/visual-studio-code/resources/app/out/vs/workbench/api/node/extensionHostProcess.js:147:3008)
	at s.g (/opt/visual-studio-code/resources/app/out/vs/workbench/api/node/extensionHostProcess.js:150:174704)
	at s.executeCommand (/opt/visual-studio-code/resources/app/out/vs/workbench/api/node/extensionHostProcess.js:150:174142)
	at m.registerCommand.description (/opt/visual-studio-code/resources/app/out/vs/workbench/api/node/extensionHostProcess.js:150:173466)
	at s.h (/opt/visual-studio-code/resources/app/out/vs/workbench/api/node/extensionHostProcess.js:150:175243)
	at s.g (/opt/visual-studio-code/resources/app/out/vs/workbench/api/node/extensionHostProcess.js:150:174235)
	at s.executeCommand (/opt/visual-studio-code/resources/app/out/vs/workbench/api/node/extensionHostProcess.js:150:174142)
	at Object.executeCommand (/opt/visual-studio-code/resources/app/out/vs/workbench/api/node/extensionHostProcess.js:160:21634)
	at g.I [as value] (/opt/visual-studio-code/resources/app/extensions/git/dist/main.js:2:927298)
	at r.y (/opt/visual-studio-code/resources/app/out/vs/workbench/api/node/extensionHostProcess.js:80:1902)
	at r.z (/opt/visual-studio-code/resources/app/out/vs/workbench/api/node/extensionHostProcess.js:80:1972)
	at r.fire (/opt/visual-studio-code/resources/app/out/vs/workbench/api/node/extensionHostProcess.js:80:2188)
	at Object.m [as dispose] (/opt/visual-studio-code/resources/app/extensions/git/dist/main.js:2:943089)
	at /opt/visual-studio-code/resources/app/extensions/git/dist/main.js:2:947930
	at Array.forEach (<anonymous>)
	at p.dispose (/opt/visual-studio-code/resources/app/extensions/git/dist/main.js:2:947916)
	at c.<anonymous> (/opt/visual-studio-code/resources/app/out/vs/workbench/api/node/extensionHostProcess.js:148:3650)
	at c.dispose (/opt/visual-studio-code/resources/app/out/vs/workbench/api/node/extensionHostProcess.js:148:3747)
	at c.<anonymous> (/opt/visual-studio-code/resources/app/extensions/git/dist/main.js:2:929310)
	at c.dispose (/opt/visual-studio-code/resources/app/out/vs/workbench/api/node/extensionHostProcess.js:148:3747)
	at o (/opt/visual-studio-code/resources/app/out/vs/workbench/api/node/extensionHostProcess.js:30:754)
	at g.cb (/opt/visual-studio-code/resources/app/out/vs/workbench/api/node/extensionHostProcess.js:156:9874)
	at /opt/visual-studio-code/resources/app/out/vs/workbench/api/node/extensionHostProcess.js:156:7808
	at Array.map (<anonymous>)
	at g.Y (/opt/visual-studio-code/resources/app/out/vs/workbench/api/node/extensionHostProcess.js:156:7795)
	at g.terminate (/opt/visual-studio-code/resources/app/out/vs/workbench/api/node/extensionHostProcess.js:156:8068)
	at o.terminate (/opt/visual-studio-code/resources/app/out/vs/workbench/api/node/extensionHostProcess.js:160:1513)
	at t (/opt/visual-studio-code/resources/app/out/vs/workbench/api/node/extensionHostProcess.js:173:9950)
	at MessagePortMain.<anonymous> (/opt/visual-studio-code/resources/app/out/vs/workbench/api/node/extensionHostProcess.js:173:6375)
	at MessagePortMain.emit (node:events:514:28)
	at Object.emit (node:electron/js2c/utility_init:2:2285) setContext undefined
2024-02-24 11:59:05.709 [error] Canceled: Canceled
	at new f (/opt/visual-studio-code/resources/app/out/vs/workbench/api/node/extensionHostProcess.js:140:45069)
	at d.U (/opt/visual-studio-code/resources/app/out/vs/workbench/api/node/extensionHostProcess.js:147:5557)
	at T.<computed>.O.charCodeAt.T.<computed> (/opt/visual-studio-code/resources/app/out/vs/workbench/api/node/extensionHostProcess.js:147:3008)
	at s.g (/opt/visual-studio-code/resources/app/out/vs/workbench/api/node/extensionHostProcess.js:150:174704)
	at s.executeCommand (/opt/visual-studio-code/resources/app/out/vs/workbench/api/node/extensionHostProcess.js:150:174142)
	at m.registerCommand.description (/opt/visual-studio-code/resources/app/out/vs/workbench/api/node/extensionHostProcess.js:150:173466)
	at s.h (/opt/visual-studio-code/resources/app/out/vs/workbench/api/node/extensionHostProcess.js:150:175243)
	at s.g (/opt/visual-studio-code/resources/app/out/vs/workbench/api/node/extensionHostProcess.js:150:174235)
	at s.executeCommand (/opt/visual-studio-code/resources/app/out/vs/workbench/api/node/extensionHostProcess.js:150:174142)
	at Object.executeCommand (/opt/visual-studio-code/resources/app/out/vs/workbench/api/node/extensionHostProcess.js:160:21634)
	at set b [as b] (/opt/visual-studio-code/resources/app/extensions/github/dist/extension.js:2:322364)
	at /opt/visual-studio-code/resources/app/extensions/github/dist/extension.js:2:323005
	at g.value (/opt/visual-studio-code/resources/app/extensions/git/dist/main.js:2:1018251)
	at r.y (/opt/visual-studio-code/resources/app/out/vs/workbench/api/node/extensionHostProcess.js:80:1902)
	at r.z (/opt/visual-studio-code/resources/app/out/vs/workbench/api/node/extensionHostProcess.js:80:1972)
	at r.fire (/opt/visual-studio-code/resources/app/out/vs/workbench/api/node/extensionHostProcess.js:80:2188)
	at Object.m [as dispose] (/opt/visual-studio-code/resources/app/extensions/git/dist/main.js:2:943089)
	at /opt/visual-studio-code/resources/app/extensions/git/dist/main.js:2:947930
	at Array.forEach (<anonymous>)
	at p.dispose (/opt/visual-studio-code/resources/app/extensions/git/dist/main.js:2:947916)
	at c.<anonymous> (/opt/visual-studio-code/resources/app/out/vs/workbench/api/node/extensionHostProcess.js:148:3650)
	at c.dispose (/opt/visual-studio-code/resources/app/out/vs/workbench/api/node/extensionHostProcess.js:148:3747)
	at c.<anonymous> (/opt/visual-studio-code/resources/app/extensions/git/dist/main.js:2:929310)
	at c.dispose (/opt/visual-studio-code/resources/app/out/vs/workbench/api/node/extensionHostProcess.js:148:3747)
	at o (/opt/visual-studio-code/resources/app/out/vs/workbench/api/node/extensionHostProcess.js:30:754)
	at g.cb (/opt/visual-studio-code/resources/app/out/vs/workbench/api/node/extensionHostProcess.js:156:9874)
	at /opt/visual-studio-code/resources/app/out/vs/workbench/api/node/extensionHostProcess.js:156:7808
	at Array.map (<anonymous>)
	at g.Y (/opt/visual-studio-code/resources/app/out/vs/workbench/api/node/extensionHostProcess.js:156:7795)
	at g.terminate (/opt/visual-studio-code/resources/app/out/vs/workbench/api/node/extensionHostProcess.js:156:8068)
	at o.terminate (/opt/visual-studio-code/resources/app/out/vs/workbench/api/node/extensionHostProcess.js:160:1513)
	at t (/opt/visual-studio-code/resources/app/out/vs/workbench/api/node/extensionHostProcess.js:173:9950)
	at MessagePortMain.<anonymous> (/opt/visual-studio-code/resources/app/out/vs/workbench/api/node/extensionHostProcess.js:173:6375)
	at MessagePortMain.emit (node:events:514:28)
	at Object.emit (node:electron/js2c/utility_init:2:2285) setContext undefined
2024-02-24 11:59:05.710 [error] Canceled: Canceled
	at new f (/opt/visual-studio-code/resources/app/out/vs/workbench/api/node/extensionHostProcess.js:140:45069)
	at d.U (/opt/visual-studio-code/resources/app/out/vs/workbench/api/node/extensionHostProcess.js:147:5557)
	at T.<computed>.O.charCodeAt.T.<computed> (/opt/visual-studio-code/resources/app/out/vs/workbench/api/node/extensionHostProcess.js:147:3008)
	at s.g (/opt/visual-studio-code/resources/app/out/vs/workbench/api/node/extensionHostProcess.js:150:174704)
	at s.executeCommand (/opt/visual-studio-code/resources/app/out/vs/workbench/api/node/extensionHostProcess.js:150:174142)
	at m.registerCommand.description (/opt/visual-studio-code/resources/app/out/vs/workbench/api/node/extensionHostProcess.js:150:173466)
	at s.h (/opt/visual-studio-code/resources/app/out/vs/workbench/api/node/extensionHostProcess.js:150:175243)
	at s.g (/opt/visual-studio-code/resources/app/out/vs/workbench/api/node/extensionHostProcess.js:150:174235)
	at s.executeCommand (/opt/visual-studio-code/resources/app/out/vs/workbench/api/node/extensionHostProcess.js:150:174142)
	at Object.executeCommand (/opt/visual-studio-code/resources/app/out/vs/workbench/api/node/extensionHostProcess.js:160:21634)
	at w (/home/mik3y/.vscode/extensions/eamodio.gitlens-14.8.2/dist/gitlens.js:1081:41245)
	at h (/home/mik3y/.vscode/extensions/eamodio.gitlens-14.8.2/dist/gitlens.js:1081:46293)
	at ActionRunners._updateContextKeys (/home/mik3y/.vscode/extensions/eamodio.gitlens-14.8.2/dist/gitlens.js:663:18419)
	at s (/home/mik3y/.vscode/extensions/eamodio.gitlens-14.8.2/dist/gitlens.js:663:16862)
	at RegisteredActionRunner.unregister (/home/mik3y/.vscode/extensions/eamodio.gitlens-14.8.2/dist/gitlens.js:663:17005)
	at RegisteredActionRunner.dispose (/home/mik3y/.vscode/extensions/eamodio.gitlens-14.8.2/dist/gitlens.js:663:15658)
	at ActionRunners.dispose (/home/mik3y/.vscode/extensions/eamodio.gitlens-14.8.2/dist/gitlens.js:663:16445)
	at /home/mik3y/.vscode/extensions/eamodio.gitlens-14.8.2/dist/gitlens.js:1041:19544
	at Array.forEach (<anonymous>)
	at Object.dispose (/home/mik3y/.vscode/extensions/eamodio.gitlens-14.8.2/dist/gitlens.js:1041:19526)
	at o (/opt/visual-studio-code/resources/app/out/vs/workbench/api/node/extensionHostProcess.js:30:754)
	at g.cb (/opt/visual-studio-code/resources/app/out/vs/workbench/api/node/extensionHostProcess.js:156:9874)
	at /opt/visual-studio-code/resources/app/out/vs/workbench/api/node/extensionHostProcess.js:156:7808
	at Array.map (<anonymous>)
	at g.Y (/opt/visual-studio-code/resources/app/out/vs/workbench/api/node/extensionHostProcess.js:156:7795)
	at g.terminate (/opt/visual-studio-code/resources/app/out/vs/workbench/api/node/extensionHostProcess.js:156:8068)
	at o.terminate (/opt/visual-studio-code/resources/app/out/vs/workbench/api/node/extensionHostProcess.js:160:1513)
	at t (/opt/visual-studio-code/resources/app/out/vs/workbench/api/node/extensionHostProcess.js:173:9950)
	at MessagePortMain.<anonymous> (/opt/visual-studio-code/resources/app/out/vs/workbench/api/node/extensionHostProcess.js:173:6375)
	at MessagePortMain.emit (node:events:514:28)
	at Object.emit (node:electron/js2c/utility_init:2:2285) setContext undefined
2024-02-24 11:59:05.710 [error] Canceled: Canceled
	at new f (/opt/visual-studio-code/resources/app/out/vs/workbench/api/node/extensionHostProcess.js:140:45069)
	at d.U (/opt/visual-studio-code/resources/app/out/vs/workbench/api/node/extensionHostProcess.js:147:5557)
	at T.<computed>.O.charCodeAt.T.<computed> (/opt/visual-studio-code/resources/app/out/vs/workbench/api/node/extensionHostProcess.js:147:3008)
	at s.g (/opt/visual-studio-code/resources/app/out/vs/workbench/api/node/extensionHostProcess.js:150:174704)
	at s.executeCommand (/opt/visual-studio-code/resources/app/out/vs/workbench/api/node/extensionHostProcess.js:150:174142)
	at m.registerCommand.description (/opt/visual-studio-code/resources/app/out/vs/workbench/api/node/extensionHostProcess.js:150:173466)
	at s.h (/opt/visual-studio-code/resources/app/out/vs/workbench/api/node/extensionHostProcess.js:150:175243)
	at s.g (/opt/visual-studio-code/resources/app/out/vs/workbench/api/node/extensionHostProcess.js:150:174235)
	at s.executeCommand (/opt/visual-studio-code/resources/app/out/vs/workbench/api/node/extensionHostProcess.js:150:174142)
	at Object.executeCommand (/opt/visual-studio-code/resources/app/out/vs/workbench/api/node/extensionHostProcess.js:160:21634)
	at w (/home/mik3y/.vscode/extensions/eamodio.gitlens-14.8.2/dist/gitlens.js:1081:41245)
	at h (/home/mik3y/.vscode/extensions/eamodio.gitlens-14.8.2/dist/gitlens.js:1081:46293)
	at ActionRunners._updateContextKeys (/home/mik3y/.vscode/extensions/eamodio.gitlens-14.8.2/dist/gitlens.js:663:18419)
	at s (/home/mik3y/.vscode/extensions/eamodio.gitlens-14.8.2/dist/gitlens.js:663:16862)
	at RegisteredActionRunner.unregister (/home/mik3y/.vscode/extensions/eamodio.gitlens-14.8.2/dist/gitlens.js:663:17005)
	at RegisteredActionRunner.dispose (/home/mik3y/.vscode/extensions/eamodio.gitlens-14.8.2/dist/gitlens.js:663:15658)
	at ActionRunners.dispose (/home/mik3y/.vscode/extensions/eamodio.gitlens-14.8.2/dist/gitlens.js:663:16445)
	at /home/mik3y/.vscode/extensions/eamodio.gitlens-14.8.2/dist/gitlens.js:1041:19544
	at Array.forEach (<anonymous>)
	at Object.dispose (/home/mik3y/.vscode/extensions/eamodio.gitlens-14.8.2/dist/gitlens.js:1041:19526)
	at o (/opt/visual-studio-code/resources/app/out/vs/workbench/api/node/extensionHostProcess.js:30:754)
	at g.cb (/opt/visual-studio-code/resources/app/out/vs/workbench/api/node/extensionHostProcess.js:156:9874)
	at /opt/visual-studio-code/resources/app/out/vs/workbench/api/node/extensionHostProcess.js:156:7808
	at Array.map (<anonymous>)
	at g.Y (/opt/visual-studio-code/resources/app/out/vs/workbench/api/node/extensionHostProcess.js:156:7795)
	at g.terminate (/opt/visual-studio-code/resources/app/out/vs/workbench/api/node/extensionHostProcess.js:156:8068)
	at o.terminate (/opt/visual-studio-code/resources/app/out/vs/workbench/api/node/extensionHostProcess.js:160:1513)
	at t (/opt/visual-studio-code/resources/app/out/vs/workbench/api/node/extensionHostProcess.js:173:9950)
	at MessagePortMain.<anonymous> (/opt/visual-studio-code/resources/app/out/vs/workbench/api/node/extensionHostProcess.js:173:6375)
	at MessagePortMain.emit (node:events:514:28)
	at Object.emit (node:electron/js2c/utility_init:2:2285) setContext undefined
2024-02-24 11:59:05.710 [error] Canceled: Canceled
	at new f (/opt/visual-studio-code/resources/app/out/vs/workbench/api/node/extensionHostProcess.js:140:45069)
	at d.U (/opt/visual-studio-code/resources/app/out/vs/workbench/api/node/extensionHostProcess.js:147:5557)
	at T.<computed>.O.charCodeAt.T.<computed> (/opt/visual-studio-code/resources/app/out/vs/workbench/api/node/extensionHostProcess.js:147:3008)
	at s.g (/opt/visual-studio-code/resources/app/out/vs/workbench/api/node/extensionHostProcess.js:150:174704)
	at s.executeCommand (/opt/visual-studio-code/resources/app/out/vs/workbench/api/node/extensionHostProcess.js:150:174142)
	at m.registerCommand.description (/opt/visual-studio-code/resources/app/out/vs/workbench/api/node/extensionHostProcess.js:150:173466)
	at s.h (/opt/visual-studio-code/resources/app/out/vs/workbench/api/node/extensionHostProcess.js:150:175243)
	at s.g (/opt/visual-studio-code/resources/app/out/vs/workbench/api/node/extensionHostProcess.js:150:174235)
	at s.executeCommand (/opt/visual-studio-code/resources/app/out/vs/workbench/api/node/extensionHostProcess.js:150:174142)
	at Object.executeCommand (/opt/visual-studio-code/resources/app/out/vs/workbench/api/node/extensionHostProcess.js:160:21634)
	at w (/home/mik3y/.vscode/extensions/eamodio.gitlens-14.8.2/dist/gitlens.js:1081:41245)
	at h (/home/mik3y/.vscode/extensions/eamodio.gitlens-14.8.2/dist/gitlens.js:1081:46293)
	at ActionRunners._updateContextKeys (/home/mik3y/.vscode/extensions/eamodio.gitlens-14.8.2/dist/gitlens.js:663:18419)
	at s (/home/mik3y/.vscode/extensions/eamodio.gitlens-14.8.2/dist/gitlens.js:663:16862)
	at RegisteredActionRunner.unregister (/home/mik3y/.vscode/extensions/eamodio.gitlens-14.8.2/dist/gitlens.js:663:17005)
	at RegisteredActionRunner.dispose (/home/mik3y/.vscode/extensions/eamodio.gitlens-14.8.2/dist/gitlens.js:663:15658)
	at ActionRunners.dispose (/home/mik3y/.vscode/extensions/eamodio.gitlens-14.8.2/dist/gitlens.js:663:16445)
	at /home/mik3y/.vscode/extensions/eamodio.gitlens-14.8.2/dist/gitlens.js:1041:19544
	at Array.forEach (<anonymous>)
	at Object.dispose (/home/mik3y/.vscode/extensions/eamodio.gitlens-14.8.2/dist/gitlens.js:1041:19526)
	at o (/opt/visual-studio-code/resources/app/out/vs/workbench/api/node/extensionHostProcess.js:30:754)
	at g.cb (/opt/visual-studio-code/resources/app/out/vs/workbench/api/node/extensionHostProcess.js:156:9874)
	at /opt/visual-studio-code/resources/app/out/vs/workbench/api/node/extensionHostProcess.js:156:7808
	at Array.map (<anonymous>)
	at g.Y (/opt/visual-studio-code/resources/app/out/vs/workbench/api/node/extensionHostProcess.js:156:7795)
	at g.terminate (/opt/visual-studio-code/resources/app/out/vs/workbench/api/node/extensionHostProcess.js:156:8068)
	at o.terminate (/opt/visual-studio-code/resources/app/out/vs/workbench/api/node/extensionHostProcess.js:160:1513)
	at t (/opt/visual-studio-code/resources/app/out/vs/workbench/api/node/extensionHostProcess.js:173:9950)
	at MessagePortMain.<anonymous> (/opt/visual-studio-code/resources/app/out/vs/workbench/api/node/extensionHostProcess.js:173:6375)
	at MessagePortMain.emit (node:events:514:28)
	at Object.emit (node:electron/js2c/utility_init:2:2285) setContext undefined
2024-02-24 11:59:05.710 [error] Canceled: Canceled
	at new f (/opt/visual-studio-code/resources/app/out/vs/workbench/api/node/extensionHostProcess.js:140:45069)
	at d.U (/opt/visual-studio-code/resources/app/out/vs/workbench/api/node/extensionHostProcess.js:147:5557)
	at T.<computed>.O.charCodeAt.T.<computed> (/opt/visual-studio-code/resources/app/out/vs/workbench/api/node/extensionHostProcess.js:147:3008)
	at s.g (/opt/visual-studio-code/resources/app/out/vs/workbench/api/node/extensionHostProcess.js:150:174704)
	at s.executeCommand (/opt/visual-studio-code/resources/app/out/vs/workbench/api/node/extensionHostProcess.js:150:174142)
	at m.registerCommand.description (/opt/visual-studio-code/resources/app/out/vs/workbench/api/node/extensionHostProcess.js:150:173466)
	at s.h (/opt/visual-studio-code/resources/app/out/vs/workbench/api/node/extensionHostProcess.js:150:175243)
	at s.g (/opt/visual-studio-code/resources/app/out/vs/workbench/api/node/extensionHostProcess.js:150:174235)
	at s.executeCommand (/opt/visual-studio-code/resources/app/out/vs/workbench/api/node/extensionHostProcess.js:150:174142)
	at Object.executeCommand (/opt/visual-studio-code/resources/app/out/vs/workbench/api/node/extensionHostProcess.js:160:21634)
	at of (/home/mik3y/.vscode/extensions/rust-lang.rust-analyzer-0.3.1850-linux-x64/out/main.js:39:70738)
	at Object.J_ (/home/mik3y/.vscode/extensions/rust-lang.rust-analyzer-0.3.1850-linux-x64/out/main.js:372:268)
	at g.cb (/opt/visual-studio-code/resources/app/out/vs/workbench/api/node/extensionHostProcess.js:156:9679)
	at /opt/visual-studio-code/resources/app/out/vs/workbench/api/node/extensionHostProcess.js:156:7808
	at Array.map (<anonymous>)
	at g.Y (/opt/visual-studio-code/resources/app/out/vs/workbench/api/node/extensionHostProcess.js:156:7795)
	at g.terminate (/opt/visual-studio-code/resources/app/out/vs/workbench/api/node/extensionHostProcess.js:156:8068)
	at o.terminate (/opt/visual-studio-code/resources/app/out/vs/workbench/api/node/extensionHostProcess.js:160:1513)
	at t (/opt/visual-studio-code/resources/app/out/vs/workbench/api/node/extensionHostProcess.js:173:9950)
	at MessagePortMain.<anonymous> (/opt/visual-studio-code/resources/app/out/vs/workbench/api/node/extensionHostProcess.js:173:6375)
	at MessagePortMain.emit (node:events:514:28)
	at Object.emit (node:electron/js2c/utility_init:2:2285) setContext undefined
2024-02-24 11:59:05.710 [error] Canceled: Canceled
	at new f (/opt/visual-studio-code/resources/app/out/vs/workbench/api/node/extensionHostProcess.js:140:45069)
	at d.U (/opt/visual-studio-code/resources/app/out/vs/workbench/api/node/extensionHostProcess.js:147:5557)
	at T.<computed>.O.charCodeAt.T.<computed> (/opt/visual-studio-code/resources/app/out/vs/workbench/api/node/extensionHostProcess.js:147:3008)
	at s.g (/opt/visual-studio-code/resources/app/out/vs/workbench/api/node/extensionHostProcess.js:150:174704)
	at s.executeCommand (/opt/visual-studio-code/resources/app/out/vs/workbench/api/node/extensionHostProcess.js:150:174142)
	at m.registerCommand.description (/opt/visual-studio-code/resources/app/out/vs/workbench/api/node/extensionHostProcess.js:150:173466)
	at s.h (/opt/visual-studio-code/resources/app/out/vs/workbench/api/node/extensionHostProcess.js:150:175243)
	at s.g (/opt/visual-studio-code/resources/app/out/vs/workbench/api/node/extensionHostProcess.js:150:174235)
	at s.executeCommand (/opt/visual-studio-code/resources/app/out/vs/workbench/api/node/extensionHostProcess.js:150:174142)
	at Object.executeCommand (/opt/visual-studio-code/resources/app/out/vs/workbench/api/node/extensionHostProcess.js:160:21634)
	at of (/home/mik3y/.vscode/extensions/rust-lang.rust-analyzer-0.3.1850-linux-x64/out/main.js:39:70738)
	at Object.J_ (/home/mik3y/.vscode/extensions/rust-lang.rust-analyzer-0.3.1850-linux-x64/out/main.js:372:268)
	at g.cb (/opt/visual-studio-code/resources/app/out/vs/workbench/api/node/extensionHostProcess.js:156:9679)
	at /opt/visual-studio-code/resources/app/out/vs/workbench/api/node/extensionHostProcess.js:156:7808
	at Array.map (<anonymous>)
	at g.Y (/opt/visual-studio-code/resources/app/out/vs/workbench/api/node/extensionHostProcess.js:156:7795)
	at g.terminate (/opt/visual-studio-code/resources/app/out/vs/workbench/api/node/extensionHostProcess.js:156:8068)
	at o.terminate (/opt/visual-studio-code/resources/app/out/vs/workbench/api/node/extensionHostProcess.js:160:1513)
	at t (/opt/visual-studio-code/resources/app/out/vs/workbench/api/node/extensionHostProcess.js:173:9950)
	at MessagePortMain.<anonymous> (/opt/visual-studio-code/resources/app/out/vs/workbench/api/node/extensionHostProcess.js:173:6375)
	at MessagePortMain.emit (node:events:514:28)
	at Object.emit (node:electron/js2c/utility_init:2:2285)
2024-02-24 11:59:05.713 [info] Extension host with pid 3782 exiting with code 0
