2024-02-24 14:15:04.399 [info] Log level: Info
2024-02-24 14:15:04.399 [info] Validating found git in: "git"
2024-02-24 14:15:04.399 [info] Using git "2.43.2" from "git"
2024-02-24 14:15:09.094 [info] > git rev-parse --show-toplevel [4701ms]
2024-02-24 14:15:09.099 [info] > git rev-parse --git-dir --git-common-dir [1ms]
2024-02-24 14:15:09.103 [info] Open repository: /home/mik3y/projects/repos/volt
2024-02-24 14:15:09.112 [info] > git rev-parse --show-toplevel [2ms]
2024-02-24 14:15:09.118 [info] > git rev-parse --show-toplevel [0ms]
2024-02-24 14:15:09.123 [info] > git rev-parse --show-toplevel [2ms]
2024-02-24 14:15:09.127 [info] > git rev-parse --show-toplevel [1ms]
2024-02-24 14:15:09.216 [info] > git config --get commit.template [109ms]
2024-02-24 14:15:09.618 [info] > git ls-files --stage -- /home/mik3y/projects/repos/volt/src/lib.rs [189ms]
2024-02-24 14:15:09.623 [info] > git check-ignore -v -z --stdin [6ms]
2024-02-24 14:15:10.672 [info] > git cat-file -s 91c9ba7e4f4c9d86f6425e4f36a26e676127dff0 [1050ms]
2024-02-24 14:15:10.699 [info] > git show --textconv :src/lib.rs [1275ms]
2024-02-24 14:15:11.906 [info] > git for-each-ref --format=%(refname)%00%(upstream:short)%00%(objectname)%00%(upstream:track)%00%(upstream:remotename)%00%(upstream:remoteref) refs/heads/v0.2 refs/remotes/v0.2 [2791ms]
2024-02-24 14:15:11.913 [info] > git status -z -uall [1ms]
2024-02-24 14:15:11.924 [info] > git config --get commit.template [2ms]
2024-02-24 14:15:12.260 [info] > git for-each-ref --format=%(refname)%00%(upstream:short)%00%(objectname)%00%(upstream:track)%00%(upstream:remotename)%00%(upstream:remoteref) refs/heads/v0.2 refs/remotes/v0.2 [332ms]
2024-02-24 14:15:15.494 [info] > git status -z -uall [6ms]
2024-02-24 14:34:14.584 [info] > git config --get commit.template [5ms]
2024-02-24 14:34:14.585 [info] > git for-each-ref --format=%(refname)%00%(upstream:short)%00%(objectname)%00%(upstream:track)%00%(upstream:remotename)%00%(upstream:remoteref) refs/heads/v0.2 refs/remotes/v0.2 [0ms]
2024-02-24 14:34:14.591 [info] > git status -z -uall [1ms]
2024-02-24 14:34:15.261 [info] > git fetch [690ms]
2024-02-24 14:34:15.275 [info] > git config --get commit.template [6ms]
2024-02-24 14:34:15.276 [info] > git for-each-ref --format=%(refname)%00%(upstream:short)%00%(objectname)%00%(upstream:track)%00%(upstream:remotename)%00%(upstream:remoteref) refs/heads/v0.2 refs/remotes/v0.2 [1ms]
2024-02-24 14:34:15.282 [info] > git status -z -uall [1ms]
2024-02-24 14:50:01.978 [info] > git config --get commit.template [5ms]
2024-02-24 14:50:01.978 [info] > git for-each-ref --format=%(refname)%00%(upstream:short)%00%(objectname)%00%(upstream:track)%00%(upstream:remotename)%00%(upstream:remoteref) refs/heads/v0.2 refs/remotes/v0.2 [1ms]
2024-02-24 14:50:01.989 [info] > git status -z -uall [6ms]
2024-02-24 14:50:01.991 [info] > git ls-files --stage -- /home/mik3y/projects/repos/volt/src/lib.rs [2ms]
2024-02-24 14:50:01.997 [info] > git cat-file -s 91c9ba7e4f4c9d86f6425e4f36a26e676127dff0 [2ms]
2024-02-24 14:50:02.003 [info] > git show --textconv :src/lib.rs [1ms]
2024-02-24 14:50:02.655 [info] > git fetch [689ms]
2024-02-24 14:50:02.662 [info] > git config --get commit.template [3ms]
2024-02-24 14:50:02.663 [info] > git for-each-ref --format=%(refname)%00%(upstream:short)%00%(objectname)%00%(upstream:track)%00%(upstream:remotename)%00%(upstream:remoteref) refs/heads/v0.2 refs/remotes/v0.2 [1ms]
2024-02-24 14:50:02.667 [info] > git status -z -uall [1ms]
2024-02-24 14:50:03.833 [info] > git ls-files --stage -- /home/mik3y/projects/repos/volt/src/lib.rs [0ms]
2024-02-24 14:50:03.838 [info] > git cat-file -s 91c9ba7e4f4c9d86f6425e4f36a26e676127dff0 [0ms]
2024-02-24 14:50:03.844 [info] > git show --textconv :src/lib.rs [1ms]
2024-02-24 14:50:07.000 [info] > git config --get commit.template [4ms]
2024-02-24 14:50:07.001 [info] > git for-each-ref --format=%(refname)%00%(upstream:short)%00%(objectname)%00%(upstream:track)%00%(upstream:remotename)%00%(upstream:remoteref) refs/heads/v0.2 refs/remotes/v0.2 [1ms]
2024-02-24 14:50:07.006 [info] > git status -z -uall [1ms]
